{"/Users/tsullivan/projects/HACKSGIVING/cqm-client/spec/system/cqm_system_test_spec.js":{"path":"/Users/tsullivan/projects/HACKSGIVING/cqm-client/spec/system/cqm_system_test_spec.js","s":{"1":1,"2":1,"3":1,"4":1,"5":1,"6":1,"7":1,"8":1,"9":1,"10":1,"11":1,"12":1,"13":1,"14":1,"15":1,"16":1,"17":3,"18":1,"19":1,"20":1,"21":1,"22":1,"23":1,"24":1,"25":1,"26":1,"27":1,"28":1,"29":1,"30":1,"31":1,"32":1,"33":1},"b":{},"f":{"1":1,"2":1,"3":1,"4":3},"fnMap":{"1":{"name":"(anonymous_1)","line":12,"loc":{"start":{"line":12,"column":28},"end":{"line":12,"column":39}}},"2":{"name":"(anonymous_2)","line":14,"loc":{"start":{"line":14,"column":50},"end":{"line":14,"column":61}}},"3":{"name":"(anonymous_3)","line":18,"loc":{"start":{"line":18,"column":132},"end":{"line":18,"column":143}}},"4":{"name":"getExpectedJSON","line":20,"loc":{"start":{"line":20,"column":8},"end":{"line":20,"column":39}}}},"statementMap":{"1":{"start":{"line":1,"column":0},"end":{"line":1,"column":23}},"2":{"start":{"line":2,"column":0},"end":{"line":2,"column":36}},"3":{"start":{"line":3,"column":0},"end":{"line":3,"column":58}},"4":{"start":{"line":5,"column":0},"end":{"line":5,"column":84}},"5":{"start":{"line":6,"column":0},"end":{"line":6,"column":84}},"6":{"start":{"line":7,"column":0},"end":{"line":7,"column":84}},"7":{"start":{"line":8,"column":0},"end":{"line":8,"column":86}},"8":{"start":{"line":9,"column":0},"end":{"line":9,"column":70}},"9":{"start":{"line":10,"column":0},"end":{"line":10,"column":64}},"10":{"start":{"line":12,"column":0},"end":{"line":46,"column":3}},"11":{"start":{"line":13,"column":4},"end":{"line":13,"column":73}},"12":{"start":{"line":14,"column":4},"end":{"line":17,"column":7}},"13":{"start":{"line":15,"column":8},"end":{"line":15,"column":58}},"14":{"start":{"line":16,"column":8},"end":{"line":16,"column":53}},"15":{"start":{"line":18,"column":4},"end":{"line":45,"column":7}},"16":{"start":{"line":20,"column":8},"end":{"line":22,"column":9}},"17":{"start":{"line":21,"column":12},"end":{"line":21,"column":53}},"18":{"start":{"line":23,"column":8},"end":{"line":23,"column":79}},"19":{"start":{"line":24,"column":8},"end":{"line":24,"column":77}},"20":{"start":{"line":25,"column":8},"end":{"line":25,"column":81}},"21":{"start":{"line":27,"column":8},"end":{"line":27,"column":59}},"22":{"start":{"line":29,"column":8},"end":{"line":29,"column":73}},"23":{"start":{"line":31,"column":8},"end":{"line":31,"column":93}},"24":{"start":{"line":32,"column":8},"end":{"line":32,"column":54}},"25":{"start":{"line":34,"column":8},"end":{"line":35,"column":8}},"26":{"start":{"line":35,"column":8},"end":{"line":35,"column":29}},"27":{"start":{"line":36,"column":8},"end":{"line":37,"column":8}},"28":{"start":{"line":37,"column":8},"end":{"line":37,"column":85}},"29":{"start":{"line":38,"column":8},"end":{"line":38,"column":64}},"30":{"start":{"line":40,"column":8},"end":{"line":40,"column":40}},"31":{"start":{"line":42,"column":8},"end":{"line":42,"column":124}},"32":{"start":{"line":43,"column":8},"end":{"line":43,"column":124}},"33":{"start":{"line":44,"column":8},"end":{"line":44,"column":125}}},"branchMap":{}},"/Users/tsullivan/projects/HACKSGIVING/cqm-client/src/objects/utils_factory_object.js":{"path":"/Users/tsullivan/projects/HACKSGIVING/cqm-client/src/objects/utils_factory_object.js","s":{"1":1,"2":1},"b":{},"f":{},"fnMap":{},"statementMap":{"1":{"start":{"line":1,"column":0},"end":{"line":12,"column":61}},"2":{"start":{"line":14,"column":0},"end":{"line":27,"column":0}}},"branchMap":{}},"/Users/tsullivan/projects/HACKSGIVING/cqm-client/src/classes/utils/process.js":{"path":"/Users/tsullivan/projects/HACKSGIVING/cqm-client/src/classes/utils/process.js","s":{"1":1,"2":1,"3":1,"4":0,"5":1},"b":{"1":[0,1]},"f":{"1":1,"2":1},"fnMap":{"1":{"name":"(anonymous_1)","line":1,"loc":{"start":{"line":1,"column":17},"end":{"line":1,"column":50}}},"2":{"name":"(anonymous_2)","line":3,"loc":{"start":{"line":3,"column":25},"end":{"line":3,"column":49}}}},"statementMap":{"1":{"start":{"line":1,"column":0},"end":{"line":9,"column":0}},"2":{"start":{"line":2,"column":4},"end":{"line":8,"column":0}},"3":{"start":{"line":4,"column":12},"end":{"line":4,"column":124}},"4":{"start":{"line":4,"column":61},"end":{"line":4,"column":124}},"5":{"start":{"line":5,"column":12},"end":{"line":5,"column":53}}},"branchMap":{"1":{"line":4,"type":"if","locations":[{"start":{"line":4,"column":12},"end":{"line":4,"column":12}},{"start":{"line":4,"column":12},"end":{"line":4,"column":12}}]}}},"/Users/tsullivan/projects/HACKSGIVING/cqm-client/src/classes/utils/json_file_loader.js":{"path":"/Users/tsullivan/projects/HACKSGIVING/cqm-client/src/classes/utils/json_file_loader.js","s":{"1":1,"2":3,"3":3,"4":3,"5":0},"b":{},"f":{"1":3,"2":3},"fnMap":{"1":{"name":"(anonymous_1)","line":1,"loc":{"start":{"line":1,"column":17},"end":{"line":1,"column":45}}},"2":{"name":"(anonymous_2)","line":3,"loc":{"start":{"line":3,"column":22},"end":{"line":3,"column":41}}}},"statementMap":{"1":{"start":{"line":1,"column":0},"end":{"line":13,"column":0}},"2":{"start":{"line":2,"column":4},"end":{"line":12,"column":0}},"3":{"start":{"line":4,"column":12},"end":{"line":9,"column":13}},"4":{"start":{"line":5,"column":16},"end":{"line":5,"column":72}},"5":{"start":{"line":8,"column":16},"end":{"line":8,"column":67}}},"branchMap":{}},"/Users/tsullivan/projects/HACKSGIVING/cqm-client/src/classes/utils/logger.js":{"path":"/Users/tsullivan/projects/HACKSGIVING/cqm-client/src/classes/utils/logger.js","s":{"1":1,"2":871,"3":0,"4":1},"b":{},"f":{"1":871,"2":0,"3":1},"fnMap":{"1":{"name":"(anonymous_1)","line":1,"loc":{"start":{"line":1,"column":17},"end":{"line":1,"column":28}}},"2":{"name":"(anonymous_2)","line":3,"loc":{"start":{"line":3,"column":14},"end":{"line":3,"column":29}}},"3":{"name":"(anonymous_3)","line":6,"loc":{"start":{"line":6,"column":14},"end":{"line":6,"column":32}}}},"statementMap":{"1":{"start":{"line":1,"column":0},"end":{"line":11,"column":0}},"2":{"start":{"line":2,"column":4},"end":{"line":10,"column":0}},"3":{"start":{"line":4,"column":12},"end":{"line":4,"column":38}},"4":{"start":{"line":7,"column":12},"end":{"line":7,"column":41}}},"branchMap":{}},"/Users/tsullivan/projects/HACKSGIVING/cqm-client/src/classes/utils/json_file_loader_exception.js":{"path":"/Users/tsullivan/projects/HACKSGIVING/cqm-client/src/classes/utils/json_file_loader_exception.js","s":{"1":1,"2":0,"3":0},"b":{},"f":{"1":0},"fnMap":{"1":{"name":"(anonymous_1)","line":1,"loc":{"start":{"line":1,"column":17},"end":{"line":1,"column":52}}}},"statementMap":{"1":{"start":{"line":1,"column":0},"end":{"line":11,"column":0}},"2":{"start":{"line":2,"column":4},"end":{"line":8,"column":17}},"3":{"start":{"line":9,"column":4},"end":{"line":9,"column":30}}},"branchMap":{}},"/Users/tsullivan/projects/HACKSGIVING/cqm-client/src/classes/utils/undefined_process_argument_exception.js":{"path":"/Users/tsullivan/projects/HACKSGIVING/cqm-client/src/classes/utils/undefined_process_argument_exception.js","s":{"1":1,"2":0},"b":{},"f":{"1":0},"fnMap":{"1":{"name":"(anonymous_1)","line":1,"loc":{"start":{"line":1,"column":17},"end":{"line":1,"column":41}}}},"statementMap":{"1":{"start":{"line":1,"column":0},"end":{"line":4,"column":0}},"2":{"start":{"line":2,"column":4},"end":{"line":2,"column":129}}},"branchMap":{}},"/Users/tsullivan/projects/HACKSGIVING/cqm-client/src/classes/utils/json_poster.js":{"path":"/Users/tsullivan/projects/HACKSGIVING/cqm-client/src/classes/utils/json_poster.js","s":{"1":1,"2":0,"3":0,"4":0,"5":0,"6":0,"7":0,"8":0,"9":0,"10":0,"11":0,"12":0,"13":0,"14":0,"15":0,"16":0,"17":0},"b":{},"f":{"1":0,"2":0,"3":0,"4":0,"5":0,"6":0},"fnMap":{"1":{"name":"(anonymous_1)","line":1,"loc":{"start":{"line":1,"column":17},"end":{"line":1,"column":38}}},"2":{"name":"(anonymous_2)","line":3,"loc":{"start":{"line":3,"column":18},"end":{"line":3,"column":68}}},"3":{"name":"(anonymous_3)","line":18,"loc":{"start":{"line":18,"column":44},"end":{"line":18,"column":58}}},"4":{"name":"(anonymous_4)","line":21,"loc":{"start":{"line":21,"column":31},"end":{"line":21,"column":46}}},"5":{"name":"(anonymous_5)","line":24,"loc":{"start":{"line":24,"column":30},"end":{"line":24,"column":41}}},"6":{"name":"(anonymous_6)","line":30,"loc":{"start":{"line":30,"column":28},"end":{"line":30,"column":40}}}},"statementMap":{"1":{"start":{"line":1,"column":0},"end":{"line":39,"column":0}},"2":{"start":{"line":2,"column":4},"end":{"line":38,"column":0}},"3":{"start":{"line":4,"column":12},"end":{"line":4,"column":56}},"4":{"start":{"line":5,"column":12},"end":{"line":8,"column":14}},"5":{"start":{"line":10,"column":12},"end":{"line":16,"column":14}},"6":{"start":{"line":18,"column":12},"end":{"line":28,"column":15}},"7":{"start":{"line":19,"column":16},"end":{"line":19,"column":41}},"8":{"start":{"line":20,"column":16},"end":{"line":20,"column":40}},"9":{"start":{"line":21,"column":16},"end":{"line":23,"column":19}},"10":{"start":{"line":22,"column":20},"end":{"line":22,"column":43}},"11":{"start":{"line":24,"column":16},"end":{"line":27,"column":19}},"12":{"start":{"line":25,"column":20},"end":{"line":25,"column":66}},"13":{"start":{"line":26,"column":20},"end":{"line":26,"column":44}},"14":{"start":{"line":30,"column":12},"end":{"line":32,"column":15}},"15":{"start":{"line":31,"column":16},"end":{"line":31,"column":24}},"16":{"start":{"line":34,"column":12},"end":{"line":34,"column":34}},"17":{"start":{"line":35,"column":12},"end":{"line":35,"column":22}}},"branchMap":{}},"/Users/tsullivan/projects/HACKSGIVING/cqm-client/src/classes/utils/utils_factory.js":{"path":"/Users/tsullivan/projects/HACKSGIVING/cqm-client/src/classes/utils/utils_factory.js","s":{"1":1,"2":1,"3":1,"4":0,"5":3,"6":3,"7":0,"8":6,"9":1},"b":{},"f":{"1":1,"2":1,"3":0,"4":3,"5":3,"6":0,"7":6,"8":1},"fnMap":{"1":{"name":"(anonymous_1)","line":1,"loc":{"start":{"line":1,"column":17},"end":{"line":13,"column":6}}},"2":{"name":"(anonymous_2)","line":15,"loc":{"start":{"line":15,"column":17},"end":{"line":15,"column":28}}},"3":{"name":"(anonymous_3)","line":18,"loc":{"start":{"line":18,"column":23},"end":{"line":18,"column":34}}},"4":{"name":"(anonymous_4)","line":21,"loc":{"start":{"line":21,"column":14},"end":{"line":21,"column":25}}},"5":{"name":"(anonymous_5)","line":24,"loc":{"start":{"line":24,"column":24},"end":{"line":24,"column":35}}},"6":{"name":"(anonymous_6)","line":27,"loc":{"start":{"line":27,"column":20},"end":{"line":27,"column":31}}},"7":{"name":"(anonymous_7)","line":30,"loc":{"start":{"line":30,"column":20},"end":{"line":30,"column":43}}},"8":{"name":"(anonymous_8)","line":33,"loc":{"start":{"line":33,"column":25},"end":{"line":33,"column":36}}}},"statementMap":{"1":{"start":{"line":1,"column":0},"end":{"line":41,"column":0}},"2":{"start":{"line":14,"column":4},"end":{"line":40,"column":0}},"3":{"start":{"line":16,"column":12},"end":{"line":16,"column":55}},"4":{"start":{"line":19,"column":12},"end":{"line":19,"column":33}},"5":{"start":{"line":22,"column":12},"end":{"line":22,"column":24}},"6":{"start":{"line":25,"column":12},"end":{"line":25,"column":57}},"7":{"start":{"line":28,"column":12},"end":{"line":28,"column":49}},"8":{"start":{"line":31,"column":12},"end":{"line":31,"column":44}},"9":{"start":{"line":34,"column":12},"end":{"line":34,"column":39}}},"branchMap":{}},"/Users/tsullivan/projects/HACKSGIVING/cqm-client/src/scripts/run_cqm_client.js":{"path":"/Users/tsullivan/projects/HACKSGIVING/cqm-client/src/scripts/run_cqm_client.js","s":{"1":1,"2":1,"3":1},"b":{},"f":{},"fnMap":{},"statementMap":{"1":{"start":{"line":1,"column":0},"end":{"line":1,"column":58}},"2":{"start":{"line":2,"column":0},"end":{"line":2,"column":39}},"3":{"start":{"line":3,"column":0},"end":{"line":3,"column":24}}},"branchMap":{}},"/Users/tsullivan/projects/HACKSGIVING/cqm-client/src/objects/cqm_factory_object.js":{"path":"/Users/tsullivan/projects/HACKSGIVING/cqm-client/src/objects/cqm_factory_object.js","s":{"1":1,"2":1},"b":{},"f":{},"fnMap":{},"statementMap":{"1":{"start":{"line":1,"column":0},"end":{"line":20,"column":100}},"2":{"start":{"line":22,"column":0},"end":{"line":42,"column":2}}},"branchMap":{}},"/Users/tsullivan/projects/HACKSGIVING/cqm-client/src/objects/cqm_config_object.js":{"path":"/Users/tsullivan/projects/HACKSGIVING/cqm-client/src/objects/cqm_config_object.js","s":{"1":1},"b":{},"f":{},"fnMap":{},"statementMap":{"1":{"start":{"line":1,"column":0},"end":{"line":28,"column":0}}},"branchMap":{}},"/Users/tsullivan/projects/HACKSGIVING/cqm-client/src/objects/configuration_factory_object.js":{"path":"/Users/tsullivan/projects/HACKSGIVING/cqm-client/src/objects/configuration_factory_object.js","s":{"1":1,"2":1},"b":{},"f":{},"fnMap":{},"statementMap":{"1":{"start":{"line":1,"column":0},"end":{"line":8,"column":85}},"2":{"start":{"line":10,"column":0},"end":{"line":18,"column":2}}},"branchMap":{}},"/Users/tsullivan/projects/HACKSGIVING/cqm-client/src/classes/configuration/configuration.js":{"path":"/Users/tsullivan/projects/HACKSGIVING/cqm-client/src/classes/configuration/configuration.js","s":{"1":1,"2":1,"3":3,"4":3,"5":3,"6":0,"7":0,"8":1,"9":3,"10":1},"b":{},"f":{"1":1,"2":3,"3":3,"4":3,"5":0,"6":0,"7":1,"8":3},"fnMap":{"1":{"name":"(anonymous_1)","line":1,"loc":{"start":{"line":1,"column":17},"end":{"line":1,"column":81}}},"2":{"name":"(anonymous_2)","line":3,"loc":{"start":{"line":3,"column":14},"end":{"line":3,"column":25}}},"3":{"name":"(anonymous_3)","line":6,"loc":{"start":{"line":6,"column":14},"end":{"line":6,"column":25}}},"4":{"name":"(anonymous_4)","line":9,"loc":{"start":{"line":9,"column":14},"end":{"line":9,"column":25}}},"5":{"name":"(anonymous_5)","line":12,"loc":{"start":{"line":12,"column":23},"end":{"line":12,"column":34}}},"6":{"name":"(anonymous_6)","line":15,"loc":{"start":{"line":15,"column":26},"end":{"line":15,"column":37}}},"7":{"name":"(anonymous_7)","line":18,"loc":{"start":{"line":18,"column":20},"end":{"line":18,"column":31}}},"8":{"name":"(anonymous_8)","line":19,"loc":{"start":{"line":19,"column":71},"end":{"line":19,"column":95}}}},"statementMap":{"1":{"start":{"line":1,"column":0},"end":{"line":26,"column":0}},"2":{"start":{"line":2,"column":4},"end":{"line":25,"column":0}},"3":{"start":{"line":4,"column":12},"end":{"line":4,"column":42}},"4":{"start":{"line":7,"column":12},"end":{"line":7,"column":42}},"5":{"start":{"line":10,"column":12},"end":{"line":10,"column":42}},"6":{"start":{"line":13,"column":12},"end":{"line":13,"column":51}},"7":{"start":{"line":16,"column":12},"end":{"line":16,"column":54}},"8":{"start":{"line":19,"column":12},"end":{"line":21,"column":15}},"9":{"start":{"line":20,"column":16},"end":{"line":20,"column":76}},"10":{"start":{"line":22,"column":12},"end":{"line":22,"column":70}}},"branchMap":{}},"/Users/tsullivan/projects/HACKSGIVING/cqm-client/src/classes/configuration/invalid_command_exception.js":{"path":"/Users/tsullivan/projects/HACKSGIVING/cqm-client/src/classes/configuration/invalid_command_exception.js","s":{"1":1,"2":0,"3":0},"b":{},"f":{"1":0},"fnMap":{"1":{"name":"(anonymous_1)","line":1,"loc":{"start":{"line":1,"column":17},"end":{"line":1,"column":42}}}},"statementMap":{"1":{"start":{"line":1,"column":0},"end":{"line":9,"column":0}},"2":{"start":{"line":2,"column":4},"end":{"line":6,"column":17}},"3":{"start":{"line":7,"column":4},"end":{"line":7,"column":30}}},"branchMap":{}},"/Users/tsullivan/projects/HACKSGIVING/cqm-client/src/classes/configuration/invalid_configuration_option_exception.js":{"path":"/Users/tsullivan/projects/HACKSGIVING/cqm-client/src/classes/configuration/invalid_configuration_option_exception.js","s":{"1":1,"2":0},"b":{},"f":{"1":0},"fnMap":{"1":{"name":"(anonymous_1)","line":1,"loc":{"start":{"line":1,"column":17},"end":{"line":1,"column":55}}}},"statementMap":{"1":{"start":{"line":1,"column":0},"end":{"line":4,"column":0}},"2":{"start":{"line":2,"column":4},"end":{"line":2,"column":108}}},"branchMap":{}},"/Users/tsullivan/projects/HACKSGIVING/cqm-client/src/classes/configuration/command_line_options.js":{"path":"/Users/tsullivan/projects/HACKSGIVING/cqm-client/src/classes/configuration/command_line_options.js","s":{"1":1,"2":2,"3":1,"4":1,"5":1},"b":{},"f":{"1":2,"2":1,"3":1,"4":1},"fnMap":{"1":{"name":"(anonymous_1)","line":1,"loc":{"start":{"line":1,"column":17},"end":{"line":1,"column":40}}},"2":{"name":"(anonymous_2)","line":3,"loc":{"start":{"line":3,"column":23},"end":{"line":3,"column":34}}},"3":{"name":"(anonymous_3)","line":6,"loc":{"start":{"line":6,"column":27},"end":{"line":6,"column":38}}},"4":{"name":"(anonymous_4)","line":9,"loc":{"start":{"line":9,"column":31},"end":{"line":9,"column":42}}}},"statementMap":{"1":{"start":{"line":1,"column":0},"end":{"line":14,"column":0}},"2":{"start":{"line":2,"column":4},"end":{"line":13,"column":0}},"3":{"start":{"line":4,"column":12},"end":{"line":4,"column":59}},"4":{"start":{"line":7,"column":12},"end":{"line":7,"column":50}},"5":{"start":{"line":10,"column":12},"end":{"line":10,"column":61}}},"branchMap":{}},"/Users/tsullivan/projects/HACKSGIVING/cqm-client/src/classes/configuration/job_configuration.js":{"path":"/Users/tsullivan/projects/HACKSGIVING/cqm-client/src/classes/configuration/job_configuration.js","s":{"1":1,"2":3,"3":3,"4":0,"5":6,"6":0,"7":4},"b":{"1":[3,0]},"f":{"1":3,"2":3,"3":0,"4":6,"5":0,"6":4},"fnMap":{"1":{"name":"(anonymous_1)","line":1,"loc":{"start":{"line":1,"column":17},"end":{"line":1,"column":55}}},"2":{"name":"(anonymous_2)","line":3,"loc":{"start":{"line":3,"column":14},"end":{"line":3,"column":25}}},"3":{"name":"(anonymous_3)","line":6,"loc":{"start":{"line":6,"column":14},"end":{"line":6,"column":25}}},"4":{"name":"(anonymous_4)","line":9,"loc":{"start":{"line":9,"column":14},"end":{"line":9,"column":25}}},"5":{"name":"(anonymous_5)","line":12,"loc":{"start":{"line":12,"column":18},"end":{"line":12,"column":29}}},"6":{"name":"(anonymous_6)","line":15,"loc":{"start":{"line":15,"column":24},"end":{"line":15,"column":44}}}},"statementMap":{"1":{"start":{"line":1,"column":0},"end":{"line":20,"column":0}},"2":{"start":{"line":2,"column":4},"end":{"line":19,"column":0}},"3":{"start":{"line":4,"column":12},"end":{"line":4,"column":107}},"4":{"start":{"line":7,"column":12},"end":{"line":7,"column":38}},"5":{"start":{"line":10,"column":12},"end":{"line":10,"column":38}},"6":{"start":{"line":13,"column":12},"end":{"line":13,"column":82}},"7":{"start":{"line":16,"column":12},"end":{"line":16,"column":44}}},"branchMap":{"1":{"line":4,"type":"cond-expr","locations":[{"start":{"line":4,"column":82},"end":{"line":4,"column":100}},{"start":{"line":4,"column":103},"end":{"line":4,"column":105}}]}}},"/Users/tsullivan/projects/HACKSGIVING/cqm-client/src/classes/configuration/configuration_factory.js":{"path":"/Users/tsullivan/projects/HACKSGIVING/cqm-client/src/classes/configuration/configuration_factory.js","s":{"1":1,"2":1,"3":2,"4":1,"5":1,"6":1,"7":1,"8":9,"9":1,"10":3},"b":{},"f":{"1":1,"2":2,"3":1,"4":9,"5":3},"fnMap":{"1":{"name":"(anonymous_1)","line":1,"loc":{"start":{"line":1,"column":17},"end":{"line":9,"column":6}}},"2":{"name":"(anonymous_2)","line":11,"loc":{"start":{"line":11,"column":28},"end":{"line":11,"column":39}}},"3":{"name":"(anonymous_3)","line":14,"loc":{"start":{"line":14,"column":23},"end":{"line":14,"column":34}}},"4":{"name":"(anonymous_4)","line":18,"loc":{"start":{"line":18,"column":33},"end":{"line":18,"column":44}}},"5":{"name":"(anonymous_5)","line":21,"loc":{"start":{"line":21,"column":26},"end":{"line":21,"column":50}}}},"statementMap":{"1":{"start":{"line":1,"column":0},"end":{"line":28,"column":0}},"2":{"start":{"line":10,"column":4},"end":{"line":27,"column":0}},"3":{"start":{"line":12,"column":12},"end":{"line":12,"column":52}},"4":{"start":{"line":15,"column":12},"end":{"line":15,"column":90}},"5":{"start":{"line":16,"column":12},"end":{"line":16,"column":102}},"6":{"start":{"line":17,"column":12},"end":{"line":17,"column":85}},"7":{"start":{"line":18,"column":12},"end":{"line":19,"column":12}},"8":{"start":{"line":18,"column":46},"end":{"line":18,"column":67}},"9":{"start":{"line":19,"column":12},"end":{"line":19,"column":33}},"10":{"start":{"line":22,"column":12},"end":{"line":22,"column":65}}},"branchMap":{}},"/Users/tsullivan/projects/HACKSGIVING/cqm-client/src/classes/coverage/istanbul/istanbul_coverage_reporter_exception.js":{"path":"/Users/tsullivan/projects/HACKSGIVING/cqm-client/src/classes/coverage/istanbul/istanbul_coverage_reporter_exception.js","s":{"1":1,"2":0,"3":0},"b":{},"f":{"1":0},"fnMap":{"1":{"name":"(anonymous_1)","line":1,"loc":{"start":{"line":1,"column":17},"end":{"line":1,"column":75}}}},"statementMap":{"1":{"start":{"line":1,"column":0},"end":{"line":13,"column":0}},"2":{"start":{"line":2,"column":4},"end":{"line":10,"column":17}},"3":{"start":{"line":11,"column":4},"end":{"line":11,"column":30}}},"branchMap":{}},"/Users/tsullivan/projects/HACKSGIVING/cqm-client/src/classes/coverage/istanbul/istanbul_coverage_reporter.js":{"path":"/Users/tsullivan/projects/HACKSGIVING/cqm-client/src/classes/coverage/istanbul/istanbul_coverage_reporter.js","s":{"1":1,"2":1,"3":1,"4":1,"5":1,"6":1,"7":1,"8":1,"9":5,"10":1,"11":0},"b":{},"f":{"1":1,"2":1,"3":5},"fnMap":{"1":{"name":"(anonymous_1)","line":1,"loc":{"start":{"line":1,"column":17},"end":{"line":9,"column":6}}},"2":{"name":"(anonymous_2)","line":11,"loc":{"start":{"line":11,"column":24},"end":{"line":11,"column":55}}},"3":{"name":"(anonymous_3)","line":17,"loc":{"start":{"line":17,"column":44},"end":{"line":17,"column":80}}}},"statementMap":{"1":{"start":{"line":1,"column":0},"end":{"line":30,"column":0}},"2":{"start":{"line":10,"column":4},"end":{"line":29,"column":0}},"3":{"start":{"line":12,"column":12},"end":{"line":24,"column":13}},"4":{"start":{"line":13,"column":16},"end":{"line":13,"column":74}},"5":{"start":{"line":14,"column":16},"end":{"line":14,"column":48}},"6":{"start":{"line":15,"column":16},"end":{"line":15,"column":88}},"7":{"start":{"line":16,"column":16},"end":{"line":16,"column":106}},"8":{"start":{"line":17,"column":16},"end":{"line":19,"column":19}},"9":{"start":{"line":18,"column":20},"end":{"line":18,"column":136}},"10":{"start":{"line":20,"column":16},"end":{"line":20,"column":84}},"11":{"start":{"line":23,"column":16},"end":{"line":23,"column":100}}},"branchMap":{}},"/Users/tsullivan/projects/HACKSGIVING/cqm-client/src/classes/coverage/general/coverage_totals_section_writer.js":{"path":"/Users/tsullivan/projects/HACKSGIVING/cqm-client/src/classes/coverage/general/coverage_totals_section_writer.js","s":{"1":1,"2":3145,"3":3145,"4":3145,"5":3145,"6":3145,"7":3145,"8":109,"9":109,"10":109,"11":109,"12":109,"13":3036,"14":3036,"15":3036,"16":3036,"17":3036,"18":1,"19":6290,"20":1,"21":3145,"22":1,"23":3145,"24":1,"25":6290,"26":0,"27":1,"28":6181,"29":6181,"30":3036,"31":1,"32":3254,"33":3254,"34":109,"35":1,"36":3145,"37":0,"38":0,"39":1,"40":6290,"41":6290,"42":3145},"b":{"1":[6290,3145,3145],"2":[3145,3145,3145],"3":[0,6290],"4":[6290,3145,3145],"5":[6181,0],"6":[6181,0],"7":[3036,3145],"8":[6181,6181],"9":[3254,0],"10":[109,3145],"11":[3254,3254],"12":[0,3145],"13":[0,0],"14":[0,0],"15":[6290,0],"16":[3145,3145],"17":[6290,6290],"18":[358,2787]},"f":{"1":3145,"2":3145,"3":109,"4":3036,"5":6290,"6":3145,"7":3145,"8":6290,"9":6181,"10":3254,"11":3145,"12":6290},"fnMap":{"1":{"name":"(anonymous_1)","line":1,"loc":{"start":{"line":1,"column":17},"end":{"line":1,"column":48}}},"2":{"name":"(anonymous_2)","line":3,"loc":{"start":{"line":3,"column":22},"end":{"line":3,"column":40}}},"3":{"name":"(anonymous_3)","line":10,"loc":{"start":{"line":10,"column":20},"end":{"line":10,"column":36}}},"4":{"name":"(anonymous_4)","line":17,"loc":{"start":{"line":17,"column":25},"end":{"line":17,"column":46}}},"5":{"name":"sufficientQuantitiesAreDefined","line":25,"loc":{"start":{"line":25,"column":4},"end":{"line":25,"column":46}}},"6":{"name":"mathDoesNotAddUp","line":28,"loc":{"start":{"line":28,"column":4},"end":{"line":28,"column":32}}},"7":{"name":"quantitiesAreNegative","line":31,"loc":{"start":{"line":31,"column":4},"end":{"line":31,"column":37}}},"8":{"name":"validate","line":34,"loc":{"start":{"line":34,"column":4},"end":{"line":34,"column":24}}},"9":{"name":"computeTotalIfPossibleAndNeeded","line":38,"loc":{"start":{"line":38,"column":4},"end":{"line":38,"column":47}}},"10":{"name":"computeNotCoveredIfPossibleAndNeeded","line":43,"loc":{"start":{"line":43,"column":4},"end":{"line":43,"column":52}}},"11":{"name":"computeCoveredIfIfPossibleAndNeeded","line":48,"loc":{"start":{"line":48,"column":4},"end":{"line":48,"column":51}}},"12":{"name":"computePercentIfPossibleAndNeeded","line":53,"loc":{"start":{"line":53,"column":4},"end":{"line":53,"column":49}}}},"statementMap":{"1":{"start":{"line":1,"column":0},"end":{"line":59,"column":0}},"2":{"start":{"line":2,"column":4},"end":{"line":25,"column":4}},"3":{"start":{"line":4,"column":12},"end":{"line":4,"column":42}},"4":{"start":{"line":5,"column":12},"end":{"line":5,"column":46}},"5":{"start":{"line":6,"column":12},"end":{"line":6,"column":51}},"6":{"start":{"line":7,"column":12},"end":{"line":7,"column":48}},"7":{"start":{"line":8,"column":12},"end":{"line":8,"column":23}},"8":{"start":{"line":11,"column":12},"end":{"line":11,"column":38}},"9":{"start":{"line":12,"column":12},"end":{"line":12,"column":50}},"10":{"start":{"line":13,"column":12},"end":{"line":13,"column":51}},"11":{"start":{"line":14,"column":12},"end":{"line":14,"column":48}},"12":{"start":{"line":15,"column":12},"end":{"line":15,"column":23}},"13":{"start":{"line":18,"column":12},"end":{"line":18,"column":46}},"14":{"start":{"line":19,"column":12},"end":{"line":19,"column":46}},"15":{"start":{"line":20,"column":12},"end":{"line":20,"column":50}},"16":{"start":{"line":21,"column":12},"end":{"line":21,"column":48}},"17":{"start":{"line":22,"column":12},"end":{"line":22,"column":23}},"18":{"start":{"line":25,"column":4},"end":{"line":27,"column":5}},"19":{"start":{"line":26,"column":8},"end":{"line":26,"column":115}},"20":{"start":{"line":28,"column":4},"end":{"line":30,"column":5}},"21":{"start":{"line":29,"column":8},"end":{"line":29,"column":81}},"22":{"start":{"line":31,"column":4},"end":{"line":33,"column":5}},"23":{"start":{"line":32,"column":8},"end":{"line":32,"column":94}},"24":{"start":{"line":34,"column":4},"end":{"line":37,"column":5}},"25":{"start":{"line":35,"column":8},"end":{"line":36,"column":122}},"26":{"start":{"line":36,"column":12},"end":{"line":36,"column":122}},"27":{"start":{"line":38,"column":4},"end":{"line":42,"column":5}},"28":{"start":{"line":39,"column":8},"end":{"line":41,"column":81}},"29":{"start":{"line":40,"column":12},"end":{"line":41,"column":81}},"30":{"start":{"line":41,"column":16},"end":{"line":41,"column":81}},"31":{"start":{"line":43,"column":4},"end":{"line":47,"column":5}},"32":{"start":{"line":44,"column":8},"end":{"line":46,"column":81}},"33":{"start":{"line":45,"column":12},"end":{"line":46,"column":81}},"34":{"start":{"line":46,"column":16},"end":{"line":46,"column":81}},"35":{"start":{"line":48,"column":4},"end":{"line":52,"column":5}},"36":{"start":{"line":49,"column":8},"end":{"line":51,"column":81}},"37":{"start":{"line":50,"column":12},"end":{"line":51,"column":81}},"38":{"start":{"line":51,"column":16},"end":{"line":51,"column":81}},"39":{"start":{"line":53,"column":4},"end":{"line":57,"column":5}},"40":{"start":{"line":54,"column":8},"end":{"line":56,"column":105}},"41":{"start":{"line":55,"column":12},"end":{"line":56,"column":105}},"42":{"start":{"line":56,"column":16},"end":{"line":56,"column":105}}},"branchMap":{"1":{"line":26,"type":"binary-expr","locations":[{"start":{"line":26,"column":15},"end":{"line":26,"column":43}},{"start":{"line":26,"column":47},"end":{"line":26,"column":77}},{"start":{"line":26,"column":81},"end":{"line":26,"column":114}}]},"2":{"line":32,"type":"binary-expr","locations":[{"start":{"line":32,"column":15},"end":{"line":32,"column":38}},{"start":{"line":32,"column":42},"end":{"line":32,"column":68}},{"start":{"line":32,"column":72},"end":{"line":32,"column":93}}]},"3":{"line":35,"type":"if","locations":[{"start":{"line":35,"column":8},"end":{"line":35,"column":8}},{"start":{"line":35,"column":8},"end":{"line":35,"column":8}}]},"4":{"line":35,"type":"binary-expr","locations":[{"start":{"line":35,"column":11},"end":{"line":35,"column":43}},{"start":{"line":35,"column":48},"end":{"line":35,"column":66}},{"start":{"line":35,"column":70},"end":{"line":35,"column":93}}]},"5":{"line":39,"type":"if","locations":[{"start":{"line":39,"column":8},"end":{"line":39,"column":8}},{"start":{"line":39,"column":8},"end":{"line":39,"column":8}}]},"6":{"line":39,"type":"binary-expr","locations":[{"start":{"line":39,"column":11},"end":{"line":39,"column":39}},{"start":{"line":39,"column":43},"end":{"line":39,"column":63}}]},"7":{"line":40,"type":"if","locations":[{"start":{"line":40,"column":12},"end":{"line":40,"column":12}},{"start":{"line":40,"column":12},"end":{"line":40,"column":12}}]},"8":{"line":40,"type":"binary-expr","locations":[{"start":{"line":40,"column":15},"end":{"line":40,"column":45}},{"start":{"line":40,"column":49},"end":{"line":40,"column":82}}]},"9":{"line":44,"type":"if","locations":[{"start":{"line":44,"column":8},"end":{"line":44,"column":8}},{"start":{"line":44,"column":8},"end":{"line":44,"column":8}}]},"10":{"line":45,"type":"if","locations":[{"start":{"line":45,"column":12},"end":{"line":45,"column":12}},{"start":{"line":45,"column":12},"end":{"line":45,"column":12}}]},"11":{"line":45,"type":"binary-expr","locations":[{"start":{"line":45,"column":15},"end":{"line":45,"column":45}},{"start":{"line":45,"column":49},"end":{"line":45,"column":77}}]},"12":{"line":49,"type":"if","locations":[{"start":{"line":49,"column":8},"end":{"line":49,"column":8}},{"start":{"line":49,"column":8},"end":{"line":49,"column":8}}]},"13":{"line":50,"type":"if","locations":[{"start":{"line":50,"column":12},"end":{"line":50,"column":12}},{"start":{"line":50,"column":12},"end":{"line":50,"column":12}}]},"14":{"line":50,"type":"binary-expr","locations":[{"start":{"line":50,"column":15},"end":{"line":50,"column":48}},{"start":{"line":50,"column":52},"end":{"line":50,"column":80}}]},"15":{"line":54,"type":"if","locations":[{"start":{"line":54,"column":8},"end":{"line":54,"column":8}},{"start":{"line":54,"column":8},"end":{"line":54,"column":8}}]},"16":{"line":55,"type":"if","locations":[{"start":{"line":55,"column":12},"end":{"line":55,"column":12}},{"start":{"line":55,"column":12},"end":{"line":55,"column":12}}]},"17":{"line":55,"type":"binary-expr","locations":[{"start":{"line":55,"column":15},"end":{"line":55,"column":45}},{"start":{"line":55,"column":49},"end":{"line":55,"column":77}}]},"18":{"line":56,"type":"cond-expr","locations":[{"start":{"line":56,"column":61},"end":{"line":56,"column":62}},{"start":{"line":56,"column":65},"end":{"line":56,"column":104}}]}}},"/Users/tsullivan/projects/HACKSGIVING/cqm-client/src/classes/coverage/general/coverage_report_writer.js":{"path":"/Users/tsullivan/projects/HACKSGIVING/cqm-client/src/classes/coverage/general/coverage_report_writer.js","s":{"1":1,"2":871,"3":868,"4":868,"5":3145,"6":3145,"7":2,"8":0,"9":2,"10":1,"11":4013,"12":1,"13":4013,"14":4013,"15":4013},"b":{"1":[0,2],"2":[1,4012]},"f":{"1":871,"2":868,"3":3145,"4":2,"5":4013},"fnMap":{"1":{"name":"(anonymous_1)","line":1,"loc":{"start":{"line":1,"column":17},"end":{"line":1,"column":97}}},"2":{"name":"(anonymous_2)","line":3,"loc":{"start":{"line":3,"column":33},"end":{"line":3,"column":55}}},"3":{"name":"(anonymous_3)","line":7,"loc":{"start":{"line":7,"column":31},"end":{"line":7,"column":53}}},"4":{"name":"(anonymous_4)","line":11,"loc":{"start":{"line":11,"column":35},"end":{"line":11,"column":66}}},"5":{"name":"writeNewSection","line":16,"loc":{"start":{"line":16,"column":4},"end":{"line":16,"column":59}}}},"statementMap":{"1":{"start":{"line":1,"column":0},"end":{"line":25,"column":0}},"2":{"start":{"line":2,"column":4},"end":{"line":16,"column":4}},"3":{"start":{"line":4,"column":12},"end":{"line":4,"column":74}},"4":{"start":{"line":5,"column":12},"end":{"line":5,"column":64}},"5":{"start":{"line":8,"column":12},"end":{"line":8,"column":73}},"6":{"start":{"line":9,"column":12},"end":{"line":9,"column":71}},"7":{"start":{"line":12,"column":12},"end":{"line":12,"column":163}},"8":{"start":{"line":12,"column":84},"end":{"line":12,"column":163}},"9":{"start":{"line":13,"column":12},"end":{"line":13,"column":88}},"10":{"start":{"line":16,"column":4},"end":{"line":23,"column":5}},"11":{"start":{"line":17,"column":8},"end":{"line":19,"column":9}},"12":{"start":{"line":18,"column":12},"end":{"line":18,"column":147}},"13":{"start":{"line":20,"column":8},"end":{"line":20,"column":74}},"14":{"start":{"line":21,"column":8},"end":{"line":21,"column":64}},"15":{"start":{"line":22,"column":8},"end":{"line":22,"column":39}}},"branchMap":{"1":{"line":12,"type":"if","locations":[{"start":{"line":12,"column":12},"end":{"line":12,"column":12}},{"start":{"line":12,"column":12},"end":{"line":12,"column":12}}]},"2":{"line":17,"type":"if","locations":[{"start":{"line":17,"column":8},"end":{"line":17,"column":8}},{"start":{"line":17,"column":8},"end":{"line":17,"column":8}}]}}},"/Users/tsullivan/projects/HACKSGIVING/cqm-client/src/classes/coverage/general/invalid_coverage_numbers_exception.js":{"path":"/Users/tsullivan/projects/HACKSGIVING/cqm-client/src/classes/coverage/general/invalid_coverage_numbers_exception.js","s":{"1":1,"2":0,"3":0},"b":{},"f":{"1":0},"fnMap":{"1":{"name":"(anonymous_1)","line":1,"loc":{"start":{"line":1,"column":17},"end":{"line":1,"column":55}}}},"statementMap":{"1":{"start":{"line":1,"column":0},"end":{"line":13,"column":0}},"2":{"start":{"line":2,"column":4},"end":{"line":10,"column":17}},"3":{"start":{"line":11,"column":4},"end":{"line":11,"column":30}}},"branchMap":{}},"/Users/tsullivan/projects/HACKSGIVING/cqm-client/src/classes/cqm/cqm_client.js":{"path":"/Users/tsullivan/projects/HACKSGIVING/cqm-client/src/classes/cqm/cqm_client.js","s":{"1":1,"2":1,"3":1,"4":1,"5":1,"6":1,"7":3,"8":1,"9":1,"10":3,"11":1,"12":3},"b":{"1":[3,0]},"f":{"1":1,"2":1,"3":3,"4":3,"5":3},"fnMap":{"1":{"name":"(anonymous_1)","line":1,"loc":{"start":{"line":1,"column":17},"end":{"line":1,"column":70}}},"2":{"name":"(anonymous_2)","line":3,"loc":{"start":{"line":3,"column":21},"end":{"line":3,"column":32}}},"3":{"name":"shouldRunJob","line":7,"loc":{"start":{"line":7,"column":12},"end":{"line":7,"column":45}}},"4":{"name":"(anonymous_4)","line":11,"loc":{"start":{"line":11,"column":43},"end":{"line":11,"column":68}}},"5":{"name":"(anonymous_5)","line":15,"loc":{"start":{"line":15,"column":25},"end":{"line":15,"column":39}}}},"statementMap":{"1":{"start":{"line":1,"column":0},"end":{"line":21,"column":0}},"2":{"start":{"line":2,"column":4},"end":{"line":20,"column":0}},"3":{"start":{"line":4,"column":12},"end":{"line":4,"column":67}},"4":{"start":{"line":5,"column":12},"end":{"line":5,"column":75}},"5":{"start":{"line":6,"column":12},"end":{"line":6,"column":56}},"6":{"start":{"line":7,"column":12},"end":{"line":9,"column":13}},"7":{"start":{"line":8,"column":16},"end":{"line":8,"column":115}},"8":{"start":{"line":10,"column":12},"end":{"line":10,"column":66}},"9":{"start":{"line":11,"column":12},"end":{"line":13,"column":15}},"10":{"start":{"line":12,"column":16},"end":{"line":12,"column":51}},"11":{"start":{"line":15,"column":12},"end":{"line":17,"column":15}},"12":{"start":{"line":16,"column":16},"end":{"line":16,"column":30}}},"branchMap":{"1":{"line":8,"type":"binary-expr","locations":[{"start":{"line":8,"column":23},"end":{"line":8,"column":66}},{"start":{"line":8,"column":70},"end":{"line":8,"column":114}}]}}},"/Users/tsullivan/projects/HACKSGIVING/cqm-client/src/classes/cqm/report_sender.js":{"path":"/Users/tsullivan/projects/HACKSGIVING/cqm-client/src/classes/cqm/report_sender.js","s":{"1":1,"2":3,"3":3},"b":{},"f":{"1":3,"2":3},"fnMap":{"1":{"name":"(anonymous_1)","line":1,"loc":{"start":{"line":1,"column":17},"end":{"line":1,"column":76}}},"2":{"name":"(anonymous_2)","line":3,"loc":{"start":{"line":3,"column":20},"end":{"line":3,"column":32}}}},"statementMap":{"1":{"start":{"line":1,"column":0},"end":{"line":8,"column":0}},"2":{"start":{"line":2,"column":4},"end":{"line":7,"column":0}},"3":{"start":{"line":4,"column":12},"end":{"line":4,"column":70}}},"branchMap":{}},"/Users/tsullivan/projects/HACKSGIVING/cqm-client/src/classes/coverage/istanbul/istanbul_coverage_section_reporter.js":{"path":"/Users/tsullivan/projects/HACKSGIVING/cqm-client/src/classes/coverage/istanbul/istanbul_coverage_section_reporter.js","s":{"1":1,"2":1,"3":5,"4":1,"5":4,"6":4,"7":4,"8":4,"9":4,"10":4,"11":4,"12":4,"13":4},"b":{"1":[1,4]},"f":{"1":1,"2":5},"fnMap":{"1":{"name":"(anonymous_1)","line":1,"loc":{"start":{"line":1,"column":17},"end":{"line":1,"column":62}}},"2":{"name":"(anonymous_2)","line":3,"loc":{"start":{"line":3,"column":37},"end":{"line":3,"column":102}}}},"statementMap":{"1":{"start":{"line":1,"column":0},"end":{"line":18,"column":0}},"2":{"start":{"line":2,"column":4},"end":{"line":17,"column":0}},"3":{"start":{"line":4,"column":12},"end":{"line":4,"column":31}},"4":{"start":{"line":4,"column":24},"end":{"line":4,"column":31}},"5":{"start":{"line":5,"column":12},"end":{"line":5,"column":60}},"6":{"start":{"line":6,"column":12},"end":{"line":6,"column":57}},"7":{"start":{"line":7,"column":12},"end":{"line":7,"column":101}},"8":{"start":{"line":8,"column":12},"end":{"line":8,"column":81}},"9":{"start":{"line":9,"column":12},"end":{"line":9,"column":82}},"10":{"start":{"line":10,"column":12},"end":{"line":10,"column":69}},"11":{"start":{"line":11,"column":12},"end":{"line":11,"column":109}},"12":{"start":{"line":13,"column":12},"end":{"line":13,"column":62}},"13":{"start":{"line":14,"column":12},"end":{"line":14,"column":58}}},"branchMap":{"1":{"line":4,"type":"if","locations":[{"start":{"line":4,"column":12},"end":{"line":4,"column":12}},{"start":{"line":4,"column":12},"end":{"line":4,"column":12}}]}}},"/Users/tsullivan/projects/HACKSGIVING/cqm-client/src/classes/cqm/cqm_factory.js":{"path":"/Users/tsullivan/projects/HACKSGIVING/cqm-client/src/classes/cqm/cqm_factory.js","s":{"1":1,"2":1,"3":4,"4":1,"5":1,"6":1,"7":1,"8":4013,"9":1,"10":1,"11":1,"12":1,"13":1,"14":871,"15":3,"16":3,"17":3,"18":3,"19":3,"20":3,"21":1,"22":3,"23":1,"24":2,"25":1,"26":1,"27":1,"28":0,"29":1,"30":3145},"b":{"1":[1,2],"2":[1,1],"3":[1,0]},"f":{"1":1,"2":4,"3":1,"4":1,"5":1,"6":4013,"7":1,"8":1,"9":871,"10":3,"11":3,"12":1,"13":3,"14":1,"15":3145},"fnMap":{"1":{"name":"(anonymous_1)","line":1,"loc":{"start":{"line":1,"column":17},"end":{"line":21,"column":6}}},"2":{"name":"(anonymous_2)","line":23,"loc":{"start":{"line":23,"column":41},"end":{"line":23,"column":101}}},"3":{"name":"(anonymous_3)","line":26,"loc":{"start":{"line":26,"column":38},"end":{"line":26,"column":49}}},"4":{"name":"(anonymous_4)","line":35,"loc":{"start":{"line":35,"column":34},"end":{"line":35,"column":45}}},"5":{"name":"(anonymous_5)","line":38,"loc":{"start":{"line":38,"column":33},"end":{"line":38,"column":53}}},"6":{"name":"(anonymous_6)","line":47,"loc":{"start":{"line":47,"column":35},"end":{"line":47,"column":46}}},"7":{"name":"(anonymous_7)","line":50,"loc":{"start":{"line":50,"column":34},"end":{"line":50,"column":54}}},"8":{"name":"(anonymous_8)","line":64,"loc":{"start":{"line":64,"column":41},"end":{"line":64,"column":52}}},"9":{"name":"(anonymous_9)","line":68,"loc":{"start":{"line":68,"column":30},"end":{"line":68,"column":59}}},"10":{"name":"(anonymous_10)","line":71,"loc":{"start":{"line":71,"column":22},"end":{"line":71,"column":51}}},"11":{"name":"(anonymous_11)","line":80,"loc":{"start":{"line":80,"column":13},"end":{"line":80,"column":33}}},"12":{"name":"(anonymous_12)","line":87,"loc":{"start":{"line":87,"column":35},"end":{"line":87,"column":55}}},"13":{"name":"(anonymous_13)","line":95,"loc":{"start":{"line":95,"column":36},"end":{"line":95,"column":56}}},"14":{"name":"(anonymous_14)","line":101,"loc":{"start":{"line":101,"column":19},"end":{"line":101,"column":30}}},"15":{"name":"(anonymous_15)","line":108,"loc":{"start":{"line":108,"column":37},"end":{"line":108,"column":59}}}},"statementMap":{"1":{"start":{"line":1,"column":0},"end":{"line":115,"column":0}},"2":{"start":{"line":22,"column":4},"end":{"line":114,"column":0}},"3":{"start":{"line":24,"column":12},"end":{"line":24,"column":102}},"4":{"start":{"line":27,"column":12},"end":{"line":33,"column":12}},"5":{"start":{"line":33,"column":12},"end":{"line":33,"column":75}},"6":{"start":{"line":36,"column":12},"end":{"line":36,"column":77}},"7":{"start":{"line":39,"column":12},"end":{"line":45,"column":14}},"8":{"start":{"line":48,"column":12},"end":{"line":49,"column":8}},"9":{"start":{"line":51,"column":12},"end":{"line":51,"column":78}},"10":{"start":{"line":52,"column":12},"end":{"line":52,"column":84}},"11":{"start":{"line":53,"column":12},"end":{"line":62,"column":14}},"12":{"start":{"line":65,"column":12},"end":{"line":65,"column":28}},"13":{"start":{"line":66,"column":12},"end":{"line":66,"column":105}},"14":{"start":{"line":69,"column":12},"end":{"line":69,"column":133}},"15":{"start":{"line":72,"column":12},"end":{"line":78,"column":14}},"16":{"start":{"line":81,"column":12},"end":{"line":82,"column":12}},"17":{"start":{"line":82,"column":12},"end":{"line":82,"column":78}},"18":{"start":{"line":83,"column":12},"end":{"line":83,"column":85}},"19":{"start":{"line":84,"column":12},"end":{"line":84,"column":69}},"20":{"start":{"line":85,"column":12},"end":{"line":85,"column":85}},"21":{"start":{"line":88,"column":12},"end":{"line":93,"column":14}},"22":{"start":{"line":96,"column":12},"end":{"line":96,"column":97}},"23":{"start":{"line":96,"column":49},"end":{"line":96,"column":97}},"24":{"start":{"line":97,"column":12},"end":{"line":97,"column":99}},"25":{"start":{"line":97,"column":52},"end":{"line":97,"column":99}},"26":{"start":{"line":98,"column":12},"end":{"line":98,"column":95}},"27":{"start":{"line":98,"column":46},"end":{"line":98,"column":95}},"28":{"start":{"line":99,"column":12},"end":{"line":99,"column":110}},"29":{"start":{"line":102,"column":12},"end":{"line":106,"column":14}},"30":{"start":{"line":109,"column":12},"end":{"line":109,"column":66}}},"branchMap":{"1":{"line":96,"type":"if","locations":[{"start":{"line":96,"column":12},"end":{"line":96,"column":12}},{"start":{"line":96,"column":12},"end":{"line":96,"column":12}}]},"2":{"line":97,"type":"if","locations":[{"start":{"line":97,"column":12},"end":{"line":97,"column":12}},{"start":{"line":97,"column":12},"end":{"line":97,"column":12}}]},"3":{"line":98,"type":"if","locations":[{"start":{"line":98,"column":12},"end":{"line":98,"column":12}},{"start":{"line":98,"column":12},"end":{"line":98,"column":12}}]}}},"/Users/tsullivan/projects/HACKSGIVING/cqm-client/src/classes/coverage/ecl_emma/ecl_emma_class_coverage_reporter.js":{"path":"/Users/tsullivan/projects/HACKSGIVING/cqm-client/src/classes/coverage/ecl_emma/ecl_emma_class_coverage_reporter.js","s":{"1":1,"2":1,"3":759,"4":759,"5":3036},"b":{},"f":{"1":1,"2":759,"3":3036},"fnMap":{"1":{"name":"(anonymous_1)","line":1,"loc":{"start":{"line":1,"column":17},"end":{"line":1,"column":53}}},"2":{"name":"(anonymous_2)","line":3,"loc":{"start":{"line":3,"column":30},"end":{"line":3,"column":100}}},"3":{"name":"(anonymous_3)","line":5,"loc":{"start":{"line":5,"column":46},"end":{"line":5,"column":81}}}},"statementMap":{"1":{"start":{"line":1,"column":0},"end":{"line":11,"column":0}},"2":{"start":{"line":2,"column":4},"end":{"line":10,"column":0}},"3":{"start":{"line":4,"column":12},"end":{"line":4,"column":132}},"4":{"start":{"line":5,"column":12},"end":{"line":7,"column":15}},"5":{"start":{"line":6,"column":16},"end":{"line":6,"column":118}}},"branchMap":{}},"/Users/tsullivan/projects/HACKSGIVING/cqm-client/src/classes/coverage/ecl_emma/ecl_emma_granular_coverage_reporter.js":{"path":"/Users/tsullivan/projects/HACKSGIVING/cqm-client/src/classes/coverage/ecl_emma/ecl_emma_granular_coverage_reporter.js","s":{"1":1,"2":4,"3":3036,"4":3036,"5":3036},"b":{},"f":{"1":4,"2":3036},"fnMap":{"1":{"name":"(anonymous_1)","line":1,"loc":{"start":{"line":1,"column":17},"end":{"line":1,"column":77}}},"2":{"name":"(anonymous_2)","line":3,"loc":{"start":{"line":3,"column":32},"end":{"line":3,"column":95}}}},"statementMap":{"1":{"start":{"line":1,"column":0},"end":{"line":10,"column":0}},"2":{"start":{"line":2,"column":4},"end":{"line":9,"column":0}},"3":{"start":{"line":4,"column":12},"end":{"line":4,"column":109}},"4":{"start":{"line":5,"column":12},"end":{"line":5,"column":98}},"5":{"start":{"line":6,"column":12},"end":{"line":6,"column":104}}},"branchMap":{}},"/Users/tsullivan/projects/HACKSGIVING/cqm-client/src/classes/coverage/ecl_emma/ecl_emma_coverage_reporter.js":{"path":"/Users/tsullivan/projects/HACKSGIVING/cqm-client/src/classes/coverage/ecl_emma/ecl_emma_coverage_reporter.js","s":{"1":1,"2":1,"3":1,"4":1,"5":1,"6":1,"7":1,"8":759,"9":1},"b":{},"f":{"1":1,"2":1,"3":759},"fnMap":{"1":{"name":"(anonymous_1)","line":1,"loc":{"start":{"line":1,"column":17},"end":{"line":7,"column":18}}},"2":{"name":"(anonymous_2)","line":9,"loc":{"start":{"line":9,"column":24},"end":{"line":9,"column":56}}},"3":{"name":"(anonymous_3)","line":14,"loc":{"start":{"line":14,"column":47},"end":{"line":14,"column":83}}}},"statementMap":{"1":{"start":{"line":1,"column":0},"end":{"line":23,"column":0}},"2":{"start":{"line":8,"column":4},"end":{"line":22,"column":0}},"3":{"start":{"line":10,"column":12},"end":{"line":10,"column":89}},"4":{"start":{"line":11,"column":12},"end":{"line":11,"column":127}},"5":{"start":{"line":12,"column":12},"end":{"line":13,"column":12}},"6":{"start":{"line":13,"column":12},"end":{"line":13,"column":116}},"7":{"start":{"line":14,"column":12},"end":{"line":16,"column":15}},"8":{"start":{"line":15,"column":16},"end":{"line":15,"column":127}},"9":{"start":{"line":17,"column":12},"end":{"line":17,"column":83}}},"branchMap":{}},"/Users/tsullivan/projects/HACKSGIVING/cqm-client/src/classes/cqm/coverage_job.js":{"path":"/Users/tsullivan/projects/HACKSGIVING/cqm-client/src/classes/cqm/coverage_job.js","s":{"1":1,"2":3,"3":3,"4":3},"b":{},"f":{"1":3,"2":3},"fnMap":{"1":{"name":"(anonymous_1)","line":1,"loc":{"start":{"line":1,"column":17},"end":{"line":1,"column":80}}},"2":{"name":"(anonymous_2)","line":3,"loc":{"start":{"line":3,"column":17},"end":{"line":3,"column":28}}}},"statementMap":{"1":{"start":{"line":1,"column":0},"end":{"line":9,"column":0}},"2":{"start":{"line":2,"column":4},"end":{"line":8,"column":0}},"3":{"start":{"line":4,"column":12},"end":{"line":4,"column":66}},"4":{"start":{"line":5,"column":12},"end":{"line":5,"column":38}}},"branchMap":{}},"/Users/tsullivan/projects/HACKSGIVING/cqm-client/src/classes/coverage/simplecov/simplecov_coverage_reporter.js":{"path":"/Users/tsullivan/projects/HACKSGIVING/cqm-client/src/classes/coverage/simplecov/simplecov_coverage_reporter.js","s":{"1":1,"2":1,"3":1,"4":1,"5":1,"6":1,"7":105,"8":105,"9":105,"10":105,"11":105,"12":105,"13":11432,"14":5048,"15":6384,"16":5738,"17":6384,"18":105,"19":105},"b":{"1":[5048,6384],"2":[5738,646]},"f":{"1":1,"2":1,"3":11432},"fnMap":{"1":{"name":"(anonymous_1)","line":1,"loc":{"start":{"line":1,"column":17},"end":{"line":5,"column":2}}},"2":{"name":"(anonymous_2)","line":7,"loc":{"start":{"line":7,"column":24},"end":{"line":7,"column":56}}},"3":{"name":"(anonymous_3)","line":17,"loc":{"start":{"line":17,"column":38},"end":{"line":17,"column":61}}}},"statementMap":{"1":{"start":{"line":1,"column":0},"end":{"line":28,"column":0}},"2":{"start":{"line":6,"column":4},"end":{"line":27,"column":0}},"3":{"start":{"line":8,"column":12},"end":{"line":8,"column":82}},"4":{"start":{"line":9,"column":12},"end":{"line":9,"column":100}},"5":{"start":{"line":10,"column":12},"end":{"line":10,"column":68}},"6":{"start":{"line":11,"column":12},"end":{"line":24,"column":13}},"7":{"start":{"line":12,"column":16},"end":{"line":12,"column":94}},"8":{"start":{"line":13,"column":16},"end":{"line":13,"column":101}},"9":{"start":{"line":14,"column":16},"end":{"line":14,"column":59}},"10":{"start":{"line":15,"column":16},"end":{"line":15,"column":37}},"11":{"start":{"line":16,"column":16},"end":{"line":16,"column":38}},"12":{"start":{"line":17,"column":16},"end":{"line":21,"column":19}},"13":{"start":{"line":18,"column":20},"end":{"line":18,"column":50}},"14":{"start":{"line":18,"column":43},"end":{"line":18,"column":50}},"15":{"start":{"line":19,"column":20},"end":{"line":19,"column":54}},"16":{"start":{"line":19,"column":39},"end":{"line":19,"column":54}},"17":{"start":{"line":20,"column":20},"end":{"line":20,"column":36}},"18":{"start":{"line":22,"column":16},"end":{"line":22,"column":63}},"19":{"start":{"line":23,"column":16},"end":{"line":23,"column":62}}},"branchMap":{"1":{"line":18,"type":"if","locations":[{"start":{"line":18,"column":20},"end":{"line":18,"column":20}},{"start":{"line":18,"column":20},"end":{"line":18,"column":20}}]},"2":{"line":19,"type":"if","locations":[{"start":{"line":19,"column":20},"end":{"line":19,"column":20}},{"start":{"line":19,"column":20},"end":{"line":19,"column":20}}]}}},"/Users/tsullivan/projects/HACKSGIVING/cqm-client/src/classes/coverage/ecl_emma/ecl_emma_coverage_csv_parser.js":{"path":"/Users/tsullivan/projects/HACKSGIVING/cqm-client/src/classes/coverage/ecl_emma/ecl_emma_coverage_csv_parser.js","s":{"1":1,"2":1,"3":1,"4":1,"5":1,"6":1,"7":1,"8":1,"9":1519,"10":760,"11":759,"12":759,"13":759},"b":{},"f":{"1":1,"2":1,"3":1,"4":1,"5":1519,"6":760,"7":759,"8":759},"fnMap":{"1":{"name":"(anonymous_1)","line":1,"loc":{"start":{"line":1,"column":17},"end":{"line":1,"column":49}}},"2":{"name":"(anonymous_2)","line":3,"loc":{"start":{"line":3,"column":42},"end":{"line":3,"column":82}}},"3":{"name":"(anonymous_3)","line":9,"loc":{"start":{"line":9,"column":17},"end":{"line":9,"column":50}}},"4":{"name":"(anonymous_4)","line":12,"loc":{"start":{"line":12,"column":31},"end":{"line":12,"column":58}}},"5":{"name":"(anonymous_5)","line":15,"loc":{"start":{"line":15,"column":20},"end":{"line":15,"column":34}}},"6":{"name":"(anonymous_6)","line":18,"loc":{"start":{"line":18,"column":21},"end":{"line":18,"column":35}}},"7":{"name":"(anonymous_7)","line":21,"loc":{"start":{"line":21,"column":16},"end":{"line":21,"column":34}}},"8":{"name":"(anonymous_8)","line":24,"loc":{"start":{"line":24,"column":18},"end":{"line":24,"column":32}}}},"statementMap":{"1":{"start":{"line":1,"column":0},"end":{"line":42,"column":0}},"2":{"start":{"line":2,"column":4},"end":{"line":41,"column":0}},"3":{"start":{"line":4,"column":12},"end":{"line":4,"column":79}},"4":{"start":{"line":5,"column":12},"end":{"line":5,"column":57}},"5":{"start":{"line":6,"column":12},"end":{"line":6,"column":88}},"6":{"start":{"line":7,"column":12},"end":{"line":7,"column":66}},"7":{"start":{"line":10,"column":12},"end":{"line":10,"column":84}},"8":{"start":{"line":13,"column":12},"end":{"line":13,"column":37}},"9":{"start":{"line":16,"column":12},"end":{"line":16,"column":68}},"10":{"start":{"line":19,"column":12},"end":{"line":19,"column":121}},"11":{"start":{"line":22,"column":12},"end":{"line":22,"column":168}},"12":{"start":{"line":25,"column":12},"end":{"line":25,"column":47}},"13":{"start":{"line":26,"column":12},"end":{"line":39,"column":8}}},"branchMap":{}}}