TN:
SF:/Users/tsullivan/projects/HACKSGIVING/cqm-client/spec/system/cqm_system_test_spec.js
FN:12,(anonymous_1)
FN:14,(anonymous_2)
FN:18,(anonymous_3)
FN:20,getExpectedJSON
FNF:4
FNH:4
FNDA:1,(anonymous_1)
FNDA:1,(anonymous_2)
FNDA:1,(anonymous_3)
FNDA:3,getExpectedJSON
DA:1,1
DA:2,1
DA:3,1
DA:5,1
DA:6,1
DA:7,1
DA:8,1
DA:9,1
DA:10,1
DA:12,1
DA:13,1
DA:14,1
DA:15,1
DA:16,1
DA:18,1
DA:20,1
DA:21,3
DA:23,1
DA:24,1
DA:25,1
DA:27,1
DA:29,1
DA:31,1
DA:32,1
DA:34,1
DA:35,1
DA:36,1
DA:37,1
DA:38,1
DA:40,1
DA:42,1
DA:43,1
DA:44,1
LF:33
LH:33
BRF:0
BRH:0
end_of_record
TN:
SF:/Users/tsullivan/projects/HACKSGIVING/cqm-client/src/objects/utils_factory_object.js
FNF:0
FNH:0
DA:1,1
DA:14,1
LF:2
LH:2
BRF:0
BRH:0
end_of_record
TN:
SF:/Users/tsullivan/projects/HACKSGIVING/cqm-client/src/classes/utils/process.js
FN:1,(anonymous_1)
FN:3,(anonymous_2)
FNF:2
FNH:2
FNDA:1,(anonymous_1)
FNDA:1,(anonymous_2)
DA:1,1
DA:2,1
DA:4,1
DA:5,1
LF:4
LH:4
BRDA:4,1,0,0
BRDA:4,1,1,1
BRF:2
BRH:1
end_of_record
TN:
SF:/Users/tsullivan/projects/HACKSGIVING/cqm-client/src/classes/utils/json_file_loader.js
FN:1,(anonymous_1)
FN:3,(anonymous_2)
FNF:2
FNH:2
FNDA:3,(anonymous_1)
FNDA:3,(anonymous_2)
DA:1,1
DA:2,3
DA:4,3
DA:5,3
DA:8,0
LF:5
LH:4
BRF:0
BRH:0
end_of_record
TN:
SF:/Users/tsullivan/projects/HACKSGIVING/cqm-client/src/classes/utils/logger.js
FN:1,(anonymous_1)
FN:3,(anonymous_2)
FN:6,(anonymous_3)
FNF:3
FNH:2
FNDA:871,(anonymous_1)
FNDA:0,(anonymous_2)
FNDA:1,(anonymous_3)
DA:1,1
DA:2,871
DA:4,0
DA:7,1
LF:4
LH:3
BRF:0
BRH:0
end_of_record
TN:
SF:/Users/tsullivan/projects/HACKSGIVING/cqm-client/src/classes/utils/json_file_loader_exception.js
FN:1,(anonymous_1)
FNF:1
FNH:0
FNDA:0,(anonymous_1)
DA:1,1
DA:2,0
DA:9,0
LF:3
LH:1
BRF:0
BRH:0
end_of_record
TN:
SF:/Users/tsullivan/projects/HACKSGIVING/cqm-client/src/classes/utils/undefined_process_argument_exception.js
FN:1,(anonymous_1)
FNF:1
FNH:0
FNDA:0,(anonymous_1)
DA:1,1
DA:2,0
LF:2
LH:1
BRF:0
BRH:0
end_of_record
TN:
SF:/Users/tsullivan/projects/HACKSGIVING/cqm-client/src/classes/utils/json_poster.js
FN:1,(anonymous_1)
FN:3,(anonymous_2)
FN:18,(anonymous_3)
FN:21,(anonymous_4)
FN:24,(anonymous_5)
FN:30,(anonymous_6)
FNF:6
FNH:0
FNDA:0,(anonymous_1)
FNDA:0,(anonymous_2)
FNDA:0,(anonymous_3)
FNDA:0,(anonymous_4)
FNDA:0,(anonymous_5)
FNDA:0,(anonymous_6)
DA:1,1
DA:2,0
DA:4,0
DA:5,0
DA:10,0
DA:18,0
DA:19,0
DA:20,0
DA:21,0
DA:22,0
DA:24,0
DA:25,0
DA:26,0
DA:30,0
DA:31,0
DA:34,0
DA:35,0
LF:17
LH:1
BRF:0
BRH:0
end_of_record
TN:
SF:/Users/tsullivan/projects/HACKSGIVING/cqm-client/src/classes/utils/utils_factory.js
FN:1,(anonymous_1)
FN:15,(anonymous_2)
FN:18,(anonymous_3)
FN:21,(anonymous_4)
FN:24,(anonymous_5)
FN:27,(anonymous_6)
FN:30,(anonymous_7)
FN:33,(anonymous_8)
FNF:8
FNH:6
FNDA:1,(anonymous_1)
FNDA:1,(anonymous_2)
FNDA:0,(anonymous_3)
FNDA:3,(anonymous_4)
FNDA:3,(anonymous_5)
FNDA:0,(anonymous_6)
FNDA:6,(anonymous_7)
FNDA:1,(anonymous_8)
DA:1,1
DA:14,1
DA:16,1
DA:19,0
DA:22,3
DA:25,3
DA:28,0
DA:31,6
DA:34,1
LF:9
LH:7
BRF:0
BRH:0
end_of_record
TN:
SF:/Users/tsullivan/projects/HACKSGIVING/cqm-client/src/scripts/run_cqm_client.js
FNF:0
FNH:0
DA:1,1
DA:2,1
DA:3,1
LF:3
LH:3
BRF:0
BRH:0
end_of_record
TN:
SF:/Users/tsullivan/projects/HACKSGIVING/cqm-client/src/objects/cqm_factory_object.js
FNF:0
FNH:0
DA:1,1
DA:22,1
LF:2
LH:2
BRF:0
BRH:0
end_of_record
TN:
SF:/Users/tsullivan/projects/HACKSGIVING/cqm-client/src/objects/cqm_config_object.js
FNF:0
FNH:0
DA:1,1
LF:1
LH:1
BRF:0
BRH:0
end_of_record
TN:
SF:/Users/tsullivan/projects/HACKSGIVING/cqm-client/src/objects/configuration_factory_object.js
FNF:0
FNH:0
DA:1,1
DA:10,1
LF:2
LH:2
BRF:0
BRH:0
end_of_record
TN:
SF:/Users/tsullivan/projects/HACKSGIVING/cqm-client/src/classes/configuration/configuration.js
FN:1,(anonymous_1)
FN:3,(anonymous_2)
FN:6,(anonymous_3)
FN:9,(anonymous_4)
FN:12,(anonymous_5)
FN:15,(anonymous_6)
FN:18,(anonymous_7)
FN:19,(anonymous_8)
FNF:8
FNH:6
FNDA:1,(anonymous_1)
FNDA:3,(anonymous_2)
FNDA:3,(anonymous_3)
FNDA:3,(anonymous_4)
FNDA:0,(anonymous_5)
FNDA:0,(anonymous_6)
FNDA:1,(anonymous_7)
FNDA:3,(anonymous_8)
DA:1,1
DA:2,1
DA:4,3
DA:7,3
DA:10,3
DA:13,0
DA:16,0
DA:19,1
DA:20,3
DA:22,1
LF:10
LH:8
BRF:0
BRH:0
end_of_record
TN:
SF:/Users/tsullivan/projects/HACKSGIVING/cqm-client/src/classes/configuration/invalid_command_exception.js
FN:1,(anonymous_1)
FNF:1
FNH:0
FNDA:0,(anonymous_1)
DA:1,1
DA:2,0
DA:7,0
LF:3
LH:1
BRF:0
BRH:0
end_of_record
TN:
SF:/Users/tsullivan/projects/HACKSGIVING/cqm-client/src/classes/configuration/invalid_configuration_option_exception.js
FN:1,(anonymous_1)
FNF:1
FNH:0
FNDA:0,(anonymous_1)
DA:1,1
DA:2,0
LF:2
LH:1
BRF:0
BRH:0
end_of_record
TN:
SF:/Users/tsullivan/projects/HACKSGIVING/cqm-client/src/classes/configuration/command_line_options.js
FN:1,(anonymous_1)
FN:3,(anonymous_2)
FN:6,(anonymous_3)
FN:9,(anonymous_4)
FNF:4
FNH:4
FNDA:2,(anonymous_1)
FNDA:1,(anonymous_2)
FNDA:1,(anonymous_3)
FNDA:1,(anonymous_4)
DA:1,1
DA:2,2
DA:4,1
DA:7,1
DA:10,1
LF:5
LH:5
BRF:0
BRH:0
end_of_record
TN:
SF:/Users/tsullivan/projects/HACKSGIVING/cqm-client/src/classes/configuration/job_configuration.js
FN:1,(anonymous_1)
FN:3,(anonymous_2)
FN:6,(anonymous_3)
FN:9,(anonymous_4)
FN:12,(anonymous_5)
FN:15,(anonymous_6)
FNF:6
FNH:4
FNDA:3,(anonymous_1)
FNDA:3,(anonymous_2)
FNDA:0,(anonymous_3)
FNDA:6,(anonymous_4)
FNDA:0,(anonymous_5)
FNDA:4,(anonymous_6)
DA:1,1
DA:2,3
DA:4,3
DA:7,0
DA:10,6
DA:13,0
DA:16,4
LF:7
LH:5
BRDA:4,1,0,3
BRDA:4,1,1,0
BRF:2
BRH:1
end_of_record
TN:
SF:/Users/tsullivan/projects/HACKSGIVING/cqm-client/src/classes/configuration/configuration_factory.js
FN:1,(anonymous_1)
FN:11,(anonymous_2)
FN:14,(anonymous_3)
FN:18,(anonymous_4)
FN:21,(anonymous_5)
FNF:5
FNH:5
FNDA:1,(anonymous_1)
FNDA:2,(anonymous_2)
FNDA:1,(anonymous_3)
FNDA:9,(anonymous_4)
FNDA:3,(anonymous_5)
DA:1,1
DA:10,1
DA:12,2
DA:15,1
DA:16,1
DA:17,1
DA:18,9
DA:19,1
DA:22,3
LF:9
LH:9
BRF:0
BRH:0
end_of_record
TN:
SF:/Users/tsullivan/projects/HACKSGIVING/cqm-client/src/classes/coverage/istanbul/istanbul_coverage_reporter_exception.js
FN:1,(anonymous_1)
FNF:1
FNH:0
FNDA:0,(anonymous_1)
DA:1,1
DA:2,0
DA:11,0
LF:3
LH:1
BRF:0
BRH:0
end_of_record
TN:
SF:/Users/tsullivan/projects/HACKSGIVING/cqm-client/src/classes/coverage/istanbul/istanbul_coverage_reporter.js
FN:1,(anonymous_1)
FN:11,(anonymous_2)
FN:17,(anonymous_3)
FNF:3
FNH:3
FNDA:1,(anonymous_1)
FNDA:1,(anonymous_2)
FNDA:5,(anonymous_3)
DA:1,1
DA:10,1
DA:12,1
DA:13,1
DA:14,1
DA:15,1
DA:16,1
DA:17,1
DA:18,5
DA:20,1
DA:23,0
LF:11
LH:10
BRF:0
BRH:0
end_of_record
TN:
SF:/Users/tsullivan/projects/HACKSGIVING/cqm-client/src/classes/coverage/general/coverage_totals_section_writer.js
FN:1,(anonymous_1)
FN:3,(anonymous_2)
FN:10,(anonymous_3)
FN:17,(anonymous_4)
FN:25,sufficientQuantitiesAreDefined
FN:28,mathDoesNotAddUp
FN:31,quantitiesAreNegative
FN:34,validate
FN:38,computeTotalIfPossibleAndNeeded
FN:43,computeNotCoveredIfPossibleAndNeeded
FN:48,computeCoveredIfIfPossibleAndNeeded
FN:53,computePercentIfPossibleAndNeeded
FNF:12
FNH:12
FNDA:3145,(anonymous_1)
FNDA:3145,(anonymous_2)
FNDA:109,(anonymous_3)
FNDA:3036,(anonymous_4)
FNDA:6290,sufficientQuantitiesAreDefined
FNDA:3145,mathDoesNotAddUp
FNDA:3145,quantitiesAreNegative
FNDA:6290,validate
FNDA:6181,computeTotalIfPossibleAndNeeded
FNDA:3254,computeNotCoveredIfPossibleAndNeeded
FNDA:3145,computeCoveredIfIfPossibleAndNeeded
FNDA:6290,computePercentIfPossibleAndNeeded
DA:1,1
DA:2,3145
DA:4,3145
DA:5,3145
DA:6,3145
DA:7,3145
DA:8,3145
DA:11,109
DA:12,109
DA:13,109
DA:14,109
DA:15,109
DA:18,3036
DA:19,3036
DA:20,3036
DA:21,3036
DA:22,3036
DA:25,1
DA:26,6290
DA:28,1
DA:29,3145
DA:31,1
DA:32,3145
DA:34,1
DA:35,6290
DA:36,0
DA:38,1
DA:39,6181
DA:40,6181
DA:41,3036
DA:43,1
DA:44,3254
DA:45,3254
DA:46,109
DA:48,1
DA:49,3145
DA:50,0
DA:51,0
DA:53,1
DA:54,6290
DA:55,6290
DA:56,3145
LF:42
LH:39
BRDA:26,1,0,6290
BRDA:26,1,1,3145
BRDA:26,1,2,3145
BRDA:32,2,0,3145
BRDA:32,2,1,3145
BRDA:32,2,2,3145
BRDA:35,3,0,0
BRDA:35,3,1,6290
BRDA:35,4,0,6290
BRDA:35,4,1,3145
BRDA:35,4,2,3145
BRDA:39,5,0,6181
BRDA:39,5,1,0
BRDA:39,6,0,6181
BRDA:39,6,1,0
BRDA:40,7,0,3036
BRDA:40,7,1,3145
BRDA:40,8,0,6181
BRDA:40,8,1,6181
BRDA:44,9,0,3254
BRDA:44,9,1,0
BRDA:45,10,0,109
BRDA:45,10,1,3145
BRDA:45,11,0,3254
BRDA:45,11,1,3254
BRDA:49,12,0,0
BRDA:49,12,1,3145
BRDA:50,13,0,0
BRDA:50,13,1,0
BRDA:50,14,0,0
BRDA:50,14,1,0
BRDA:54,15,0,6290
BRDA:54,15,1,0
BRDA:55,16,0,3145
BRDA:55,16,1,3145
BRDA:55,17,0,6290
BRDA:55,17,1,6290
BRDA:56,18,0,358
BRDA:56,18,1,2787
BRF:39
BRH:29
end_of_record
TN:
SF:/Users/tsullivan/projects/HACKSGIVING/cqm-client/src/classes/coverage/general/coverage_report_writer.js
FN:1,(anonymous_1)
FN:3,(anonymous_2)
FN:7,(anonymous_3)
FN:11,(anonymous_4)
FN:16,writeNewSection
FNF:5
FNH:5
FNDA:871,(anonymous_1)
FNDA:868,(anonymous_2)
FNDA:3145,(anonymous_3)
FNDA:2,(anonymous_4)
FNDA:4013,writeNewSection
DA:1,1
DA:2,871
DA:4,868
DA:5,868
DA:8,3145
DA:9,3145
DA:12,2
DA:13,2
DA:16,1
DA:17,4013
DA:18,1
DA:20,4013
DA:21,4013
DA:22,4013
LF:14
LH:14
BRDA:12,1,0,0
BRDA:12,1,1,2
BRDA:17,2,0,1
BRDA:17,2,1,4012
BRF:4
BRH:3
end_of_record
TN:
SF:/Users/tsullivan/projects/HACKSGIVING/cqm-client/src/classes/coverage/general/invalid_coverage_numbers_exception.js
FN:1,(anonymous_1)
FNF:1
FNH:0
FNDA:0,(anonymous_1)
DA:1,1
DA:2,0
DA:11,0
LF:3
LH:1
BRF:0
BRH:0
end_of_record
TN:
SF:/Users/tsullivan/projects/HACKSGIVING/cqm-client/src/classes/cqm/cqm_client.js
FN:1,(anonymous_1)
FN:3,(anonymous_2)
FN:7,shouldRunJob
FN:11,(anonymous_4)
FN:15,(anonymous_5)
FNF:5
FNH:5
FNDA:1,(anonymous_1)
FNDA:1,(anonymous_2)
FNDA:3,shouldRunJob
FNDA:3,(anonymous_4)
FNDA:3,(anonymous_5)
DA:1,1
DA:2,1
DA:4,1
DA:5,1
DA:6,1
DA:7,1
DA:8,3
DA:10,1
DA:11,1
DA:12,3
DA:15,1
DA:16,3
LF:12
LH:12
BRDA:8,1,0,3
BRDA:8,1,1,0
BRF:2
BRH:1
end_of_record
TN:
SF:/Users/tsullivan/projects/HACKSGIVING/cqm-client/src/classes/cqm/report_sender.js
FN:1,(anonymous_1)
FN:3,(anonymous_2)
FNF:2
FNH:2
FNDA:3,(anonymous_1)
FNDA:3,(anonymous_2)
DA:1,1
DA:2,3
DA:4,3
LF:3
LH:3
BRF:0
BRH:0
end_of_record
TN:
SF:/Users/tsullivan/projects/HACKSGIVING/cqm-client/src/classes/coverage/istanbul/istanbul_coverage_section_reporter.js
FN:1,(anonymous_1)
FN:3,(anonymous_2)
FNF:2
FNH:2
FNDA:1,(anonymous_1)
FNDA:5,(anonymous_2)
DA:1,1
DA:2,1
DA:4,5
DA:5,4
DA:6,4
DA:7,4
DA:8,4
DA:9,4
DA:10,4
DA:11,4
DA:13,4
DA:14,4
LF:12
LH:12
BRDA:4,1,0,1
BRDA:4,1,1,4
BRF:2
BRH:2
end_of_record
TN:
SF:/Users/tsullivan/projects/HACKSGIVING/cqm-client/src/classes/cqm/cqm_factory.js
FN:1,(anonymous_1)
FN:23,(anonymous_2)
FN:26,(anonymous_3)
FN:35,(anonymous_4)
FN:38,(anonymous_5)
FN:47,(anonymous_6)
FN:50,(anonymous_7)
FN:64,(anonymous_8)
FN:68,(anonymous_9)
FN:71,(anonymous_10)
FN:80,(anonymous_11)
FN:87,(anonymous_12)
FN:95,(anonymous_13)
FN:101,(anonymous_14)
FN:108,(anonymous_15)
FNF:15
FNH:15
FNDA:1,(anonymous_1)
FNDA:4,(anonymous_2)
FNDA:1,(anonymous_3)
FNDA:1,(anonymous_4)
FNDA:1,(anonymous_5)
FNDA:4013,(anonymous_6)
FNDA:1,(anonymous_7)
FNDA:1,(anonymous_8)
FNDA:871,(anonymous_9)
FNDA:3,(anonymous_10)
FNDA:3,(anonymous_11)
FNDA:1,(anonymous_12)
FNDA:3,(anonymous_13)
FNDA:1,(anonymous_14)
FNDA:3145,(anonymous_15)
DA:1,1
DA:22,1
DA:24,4
DA:27,1
DA:33,1
DA:36,1
DA:39,1
DA:48,4013
DA:51,1
DA:52,1
DA:53,1
DA:65,1
DA:66,1
DA:69,871
DA:72,3
DA:81,3
DA:82,3
DA:83,3
DA:84,3
DA:85,3
DA:88,1
DA:96,3
DA:97,2
DA:98,1
DA:99,0
DA:102,1
DA:109,3145
LF:27
LH:26
BRDA:96,1,0,1
BRDA:96,1,1,2
BRDA:97,2,0,1
BRDA:97,2,1,1
BRDA:98,3,0,1
BRDA:98,3,1,0
BRF:6
BRH:5
end_of_record
TN:
SF:/Users/tsullivan/projects/HACKSGIVING/cqm-client/src/classes/coverage/ecl_emma/ecl_emma_class_coverage_reporter.js
FN:1,(anonymous_1)
FN:3,(anonymous_2)
FN:5,(anonymous_3)
FNF:3
FNH:3
FNDA:1,(anonymous_1)
FNDA:759,(anonymous_2)
FNDA:3036,(anonymous_3)
DA:1,1
DA:2,1
DA:4,759
DA:5,759
DA:6,3036
LF:5
LH:5
BRF:0
BRH:0
end_of_record
TN:
SF:/Users/tsullivan/projects/HACKSGIVING/cqm-client/src/classes/coverage/ecl_emma/ecl_emma_granular_coverage_reporter.js
FN:1,(anonymous_1)
FN:3,(anonymous_2)
FNF:2
FNH:2
FNDA:4,(anonymous_1)
FNDA:3036,(anonymous_2)
DA:1,1
DA:2,4
DA:4,3036
DA:5,3036
DA:6,3036
LF:5
LH:5
BRF:0
BRH:0
end_of_record
TN:
SF:/Users/tsullivan/projects/HACKSGIVING/cqm-client/src/classes/coverage/ecl_emma/ecl_emma_coverage_reporter.js
FN:1,(anonymous_1)
FN:9,(anonymous_2)
FN:14,(anonymous_3)
FNF:3
FNH:3
FNDA:1,(anonymous_1)
FNDA:1,(anonymous_2)
FNDA:759,(anonymous_3)
DA:1,1
DA:8,1
DA:10,1
DA:11,1
DA:12,1
DA:13,1
DA:14,1
DA:15,759
DA:17,1
LF:9
LH:9
BRF:0
BRH:0
end_of_record
TN:
SF:/Users/tsullivan/projects/HACKSGIVING/cqm-client/src/classes/cqm/coverage_job.js
FN:1,(anonymous_1)
FN:3,(anonymous_2)
FNF:2
FNH:2
FNDA:3,(anonymous_1)
FNDA:3,(anonymous_2)
DA:1,1
DA:2,3
DA:4,3
DA:5,3
LF:4
LH:4
BRF:0
BRH:0
end_of_record
TN:
SF:/Users/tsullivan/projects/HACKSGIVING/cqm-client/src/classes/coverage/simplecov/simplecov_coverage_reporter.js
FN:1,(anonymous_1)
FN:7,(anonymous_2)
FN:17,(anonymous_3)
FNF:3
FNH:3
FNDA:1,(anonymous_1)
FNDA:1,(anonymous_2)
FNDA:11432,(anonymous_3)
DA:1,1
DA:6,1
DA:8,1
DA:9,1
DA:10,1
DA:11,1
DA:12,105
DA:13,105
DA:14,105
DA:15,105
DA:16,105
DA:17,105
DA:18,11432
DA:19,6384
DA:20,6384
DA:22,105
DA:23,105
LF:17
LH:17
BRDA:18,1,0,5048
BRDA:18,1,1,6384
BRDA:19,2,0,5738
BRDA:19,2,1,646
BRF:4
BRH:4
end_of_record
TN:
SF:/Users/tsullivan/projects/HACKSGIVING/cqm-client/src/classes/coverage/ecl_emma/ecl_emma_coverage_csv_parser.js
FN:1,(anonymous_1)
FN:3,(anonymous_2)
FN:9,(anonymous_3)
FN:12,(anonymous_4)
FN:15,(anonymous_5)
FN:18,(anonymous_6)
FN:21,(anonymous_7)
FN:24,(anonymous_8)
FNF:8
FNH:8
FNDA:1,(anonymous_1)
FNDA:1,(anonymous_2)
FNDA:1,(anonymous_3)
FNDA:1,(anonymous_4)
FNDA:1519,(anonymous_5)
FNDA:760,(anonymous_6)
FNDA:759,(anonymous_7)
FNDA:759,(anonymous_8)
DA:1,1
DA:2,1
DA:4,1
DA:5,1
DA:6,1
DA:7,1
DA:10,1
DA:13,1
DA:16,1519
DA:19,760
DA:22,759
DA:25,759
DA:26,759
LF:13
LH:13
BRF:0
BRH:0
end_of_record
