{"/Users/tsullivan/projects/HACKSGIVING/cqm-client/spec/system/cqm_system_test_spec.js":{"path":"/Users/tsullivan/projects/HACKSGIVING/cqm-client/spec/system/cqm_system_test_spec.js","s":{"1":1,"2":1,"3":1,"4":1,"5":1,"6":1,"7":1,"8":1,"9":1,"10":1,"11":1,"12":1,"13":1,"14":1,"15":1,"16":1,"17":3,"18":1,"19":1,"20":1,"21":1,"22":1,"23":1,"24":1,"25":1,"26":1,"27":1,"28":1,"29":1,"30":1,"31":1,"32":1,"33":1},"b":{},"f":{"1":1,"2":1,"3":1,"4":3},"fnMap":{"1":{"name":"(anonymous_1)","line":12,"loc":{"start":{"line":12,"column":28},"end":{"line":12,"column":39}}},"2":{"name":"(anonymous_2)","line":14,"loc":{"start":{"line":14,"column":50},"end":{"line":14,"column":61}}},"3":{"name":"(anonymous_3)","line":18,"loc":{"start":{"line":18,"column":132},"end":{"line":18,"column":143}}},"4":{"name":"getExpectedJSON","line":20,"loc":{"start":{"line":20,"column":8},"end":{"line":20,"column":39}}}},"statementMap":{"1":{"start":{"line":1,"column":0},"end":{"line":1,"column":23}},"2":{"start":{"line":2,"column":0},"end":{"line":2,"column":36}},"3":{"start":{"line":3,"column":0},"end":{"line":3,"column":58}},"4":{"start":{"line":5,"column":0},"end":{"line":5,"column":84}},"5":{"start":{"line":6,"column":0},"end":{"line":6,"column":84}},"6":{"start":{"line":7,"column":0},"end":{"line":7,"column":84}},"7":{"start":{"line":8,"column":0},"end":{"line":8,"column":86}},"8":{"start":{"line":9,"column":0},"end":{"line":9,"column":70}},"9":{"start":{"line":10,"column":0},"end":{"line":10,"column":64}},"10":{"start":{"line":12,"column":0},"end":{"line":46,"column":3}},"11":{"start":{"line":13,"column":4},"end":{"line":13,"column":73}},"12":{"start":{"line":14,"column":4},"end":{"line":17,"column":7}},"13":{"start":{"line":15,"column":8},"end":{"line":15,"column":58}},"14":{"start":{"line":16,"column":8},"end":{"line":16,"column":53}},"15":{"start":{"line":18,"column":4},"end":{"line":45,"column":7}},"16":{"start":{"line":20,"column":8},"end":{"line":22,"column":9}},"17":{"start":{"line":21,"column":12},"end":{"line":21,"column":53}},"18":{"start":{"line":23,"column":8},"end":{"line":23,"column":79}},"19":{"start":{"line":24,"column":8},"end":{"line":24,"column":77}},"20":{"start":{"line":25,"column":8},"end":{"line":25,"column":81}},"21":{"start":{"line":27,"column":8},"end":{"line":27,"column":59}},"22":{"start":{"line":29,"column":8},"end":{"line":29,"column":73}},"23":{"start":{"line":31,"column":8},"end":{"line":31,"column":93}},"24":{"start":{"line":32,"column":8},"end":{"line":32,"column":54}},"25":{"start":{"line":34,"column":8},"end":{"line":35,"column":8}},"26":{"start":{"line":35,"column":8},"end":{"line":35,"column":29}},"27":{"start":{"line":36,"column":8},"end":{"line":37,"column":8}},"28":{"start":{"line":37,"column":8},"end":{"line":37,"column":85}},"29":{"start":{"line":38,"column":8},"end":{"line":38,"column":64}},"30":{"start":{"line":40,"column":8},"end":{"line":40,"column":40}},"31":{"start":{"line":42,"column":8},"end":{"line":42,"column":124}},"32":{"start":{"line":43,"column":8},"end":{"line":43,"column":124}},"33":{"start":{"line":44,"column":8},"end":{"line":44,"column":125}}},"branchMap":{}},"/Users/tsullivan/projects/HACKSGIVING/cqm-client/spec/unit/configuration/configuration_factory_spec.js":{"path":"/Users/tsullivan/projects/HACKSGIVING/cqm-client/spec/unit/configuration/configuration_factory_spec.js","s":{"1":1,"2":1,"3":1,"4":1,"5":3,"6":3,"7":3,"8":3,"9":3,"10":3,"11":3,"12":3,"13":3,"14":1,"15":1,"16":1,"17":1,"18":1,"19":1,"20":1,"21":1,"22":1,"23":1,"24":1,"25":1,"26":1,"27":1,"28":1,"29":1},"b":{},"f":{"1":1,"2":3,"3":1,"4":1,"5":1,"6":1,"7":1},"fnMap":{"1":{"name":"(anonymous_1)","line":3,"loc":{"start":{"line":3,"column":33},"end":{"line":3,"column":44}}},"2":{"name":"(anonymous_2)","line":14,"loc":{"start":{"line":14,"column":15},"end":{"line":14,"column":26}}},"3":{"name":"(anonymous_3)","line":36,"loc":{"start":{"line":36,"column":122},"end":{"line":36,"column":133}}},"4":{"name":"(anonymous_4)","line":48,"loc":{"start":{"line":48,"column":56},"end":{"line":48,"column":67}}},"5":{"name":"(anonymous_5)","line":49,"loc":{"start":{"line":49,"column":76},"end":{"line":49,"column":87}}},"6":{"name":"(anonymous_6)","line":58,"loc":{"start":{"line":58,"column":81},"end":{"line":58,"column":92}}},"7":{"name":"(anonymous_7)","line":59,"loc":{"start":{"line":59,"column":101},"end":{"line":59,"column":112}}}},"statementMap":{"1":{"start":{"line":1,"column":0},"end":{"line":1,"column":95}},"2":{"start":{"line":3,"column":0},"end":{"line":83,"column":3}},"3":{"start":{"line":4,"column":4},"end":{"line":12,"column":23}},"4":{"start":{"line":14,"column":4},"end":{"line":34,"column":7}},"5":{"start":{"line":15,"column":8},"end":{"line":15,"column":97}},"6":{"start":{"line":16,"column":8},"end":{"line":16,"column":59}},"7":{"start":{"line":17,"column":8},"end":{"line":17,"column":79}},"8":{"start":{"line":18,"column":8},"end":{"line":18,"column":103}},"9":{"start":{"line":19,"column":8},"end":{"line":19,"column":69}},"10":{"start":{"line":20,"column":8},"end":{"line":20,"column":65}},"11":{"start":{"line":22,"column":8},"end":{"line":30,"column":10}},"12":{"start":{"line":32,"column":8},"end":{"line":33,"column":8}},"13":{"start":{"line":33,"column":8},"end":{"line":33,"column":62}},"14":{"start":{"line":36,"column":4},"end":{"line":38,"column":7}},"15":{"start":{"line":37,"column":8},"end":{"line":37,"column":38}},"16":{"start":{"line":48,"column":4},"end":{"line":56,"column":7}},"17":{"start":{"line":49,"column":8},"end":{"line":55,"column":11}},"18":{"start":{"line":50,"column":12},"end":{"line":50,"column":36}},"19":{"start":{"line":51,"column":12},"end":{"line":52,"column":12}},"20":{"start":{"line":52,"column":12},"end":{"line":52,"column":71}},"21":{"start":{"line":53,"column":12},"end":{"line":53,"column":98}},"22":{"start":{"line":54,"column":12},"end":{"line":54,"column":81}},"23":{"start":{"line":58,"column":4},"end":{"line":66,"column":7}},"24":{"start":{"line":59,"column":8},"end":{"line":65,"column":11}},"25":{"start":{"line":60,"column":12},"end":{"line":60,"column":76}},"26":{"start":{"line":61,"column":12},"end":{"line":62,"column":12}},"27":{"start":{"line":62,"column":12},"end":{"line":62,"column":95}},"28":{"start":{"line":63,"column":12},"end":{"line":63,"column":135}},"29":{"start":{"line":64,"column":12},"end":{"line":64,"column":106}}},"branchMap":{}},"/Users/tsullivan/projects/HACKSGIVING/cqm-client/src/classes/configuration/configuration_factory.js":{"path":"/Users/tsullivan/projects/HACKSGIVING/cqm-client/src/classes/configuration/configuration_factory.js","s":{"1":1,"2":4,"3":2,"4":1,"5":1,"6":1,"7":1,"8":9,"9":1,"10":3},"b":{},"f":{"1":4,"2":2,"3":1,"4":9,"5":3},"fnMap":{"1":{"name":"(anonymous_1)","line":1,"loc":{"start":{"line":1,"column":17},"end":{"line":9,"column":6}}},"2":{"name":"(anonymous_2)","line":11,"loc":{"start":{"line":11,"column":28},"end":{"line":11,"column":39}}},"3":{"name":"(anonymous_3)","line":14,"loc":{"start":{"line":14,"column":23},"end":{"line":14,"column":34}}},"4":{"name":"(anonymous_4)","line":18,"loc":{"start":{"line":18,"column":33},"end":{"line":18,"column":44}}},"5":{"name":"(anonymous_5)","line":21,"loc":{"start":{"line":21,"column":26},"end":{"line":21,"column":50}}}},"statementMap":{"1":{"start":{"line":1,"column":0},"end":{"line":28,"column":0}},"2":{"start":{"line":10,"column":4},"end":{"line":27,"column":0}},"3":{"start":{"line":12,"column":12},"end":{"line":12,"column":52}},"4":{"start":{"line":15,"column":12},"end":{"line":15,"column":90}},"5":{"start":{"line":16,"column":12},"end":{"line":16,"column":102}},"6":{"start":{"line":17,"column":12},"end":{"line":17,"column":85}},"7":{"start":{"line":18,"column":12},"end":{"line":19,"column":12}},"8":{"start":{"line":18,"column":46},"end":{"line":18,"column":67}},"9":{"start":{"line":19,"column":12},"end":{"line":19,"column":33}},"10":{"start":{"line":22,"column":12},"end":{"line":22,"column":65}}},"branchMap":{}},"/Users/tsullivan/projects/HACKSGIVING/cqm-client/spec/unit/configuration/configuration_spec.js":{"path":"/Users/tsullivan/projects/HACKSGIVING/cqm-client/spec/unit/configuration/configuration_spec.js","s":{"1":1,"2":1,"3":1,"4":1,"5":1},"b":{},"f":{"1":1,"2":1},"fnMap":{"1":{"name":"(anonymous_1)","line":3,"loc":{"start":{"line":3,"column":26},"end":{"line":3,"column":37}}},"2":{"name":"(anonymous_2)","line":4,"loc":{"start":{"line":4,"column":26},"end":{"line":4,"column":37}}}},"statementMap":{"1":{"start":{"line":1,"column":0},"end":{"line":1,"column":80}},"2":{"start":{"line":3,"column":0},"end":{"line":8,"column":3}},"3":{"start":{"line":4,"column":4},"end":{"line":7,"column":7}},"4":{"start":{"line":5,"column":8},"end":{"line":6,"column":8}},"5":{"start":{"line":6,"column":8},"end":{"line":6,"column":69}}},"branchMap":{}},"/Users/tsullivan/projects/HACKSGIVING/cqm-client/src/classes/configuration/configuration.js":{"path":"/Users/tsullivan/projects/HACKSGIVING/cqm-client/src/classes/configuration/configuration.js","s":{"1":1,"2":2,"3":3,"4":3,"5":3,"6":0,"7":0,"8":1,"9":3,"10":1},"b":{},"f":{"1":2,"2":3,"3":3,"4":3,"5":0,"6":0,"7":1,"8":3},"fnMap":{"1":{"name":"(anonymous_1)","line":1,"loc":{"start":{"line":1,"column":17},"end":{"line":1,"column":81}}},"2":{"name":"(anonymous_2)","line":3,"loc":{"start":{"line":3,"column":14},"end":{"line":3,"column":25}}},"3":{"name":"(anonymous_3)","line":6,"loc":{"start":{"line":6,"column":14},"end":{"line":6,"column":25}}},"4":{"name":"(anonymous_4)","line":9,"loc":{"start":{"line":9,"column":14},"end":{"line":9,"column":25}}},"5":{"name":"(anonymous_5)","line":12,"loc":{"start":{"line":12,"column":23},"end":{"line":12,"column":34}}},"6":{"name":"(anonymous_6)","line":15,"loc":{"start":{"line":15,"column":26},"end":{"line":15,"column":37}}},"7":{"name":"(anonymous_7)","line":18,"loc":{"start":{"line":18,"column":20},"end":{"line":18,"column":31}}},"8":{"name":"(anonymous_8)","line":19,"loc":{"start":{"line":19,"column":71},"end":{"line":19,"column":95}}}},"statementMap":{"1":{"start":{"line":1,"column":0},"end":{"line":26,"column":0}},"2":{"start":{"line":2,"column":4},"end":{"line":25,"column":0}},"3":{"start":{"line":4,"column":12},"end":{"line":4,"column":42}},"4":{"start":{"line":7,"column":12},"end":{"line":7,"column":42}},"5":{"start":{"line":10,"column":12},"end":{"line":10,"column":42}},"6":{"start":{"line":13,"column":12},"end":{"line":13,"column":51}},"7":{"start":{"line":16,"column":12},"end":{"line":16,"column":54}},"8":{"start":{"line":19,"column":12},"end":{"line":21,"column":15}},"9":{"start":{"line":20,"column":16},"end":{"line":20,"column":76}},"10":{"start":{"line":22,"column":12},"end":{"line":22,"column":70}}},"branchMap":{}},"/Users/tsullivan/projects/HACKSGIVING/cqm-client/spec/unit/configuration/invalid_command_exception_spec.js":{"path":"/Users/tsullivan/projects/HACKSGIVING/cqm-client/spec/unit/configuration/invalid_command_exception_spec.js","s":{"1":1,"2":1,"3":1,"4":1,"5":1,"6":3,"7":3,"8":3,"9":3,"10":1,"11":1,"12":1,"13":1,"14":1,"15":1},"b":{},"f":{"1":1,"2":1,"3":3,"4":1,"5":1,"6":1},"fnMap":{"1":{"name":"(anonymous_1)","line":3,"loc":{"start":{"line":3,"column":36},"end":{"line":3,"column":47}}},"2":{"name":"(anonymous_2)","line":4,"loc":{"start":{"line":4,"column":25},"end":{"line":4,"column":36}}},"3":{"name":"(anonymous_3)","line":6,"loc":{"start":{"line":6,"column":19},"end":{"line":6,"column":30}}},"4":{"name":"(anonymous_4)","line":12,"loc":{"start":{"line":12,"column":46},"end":{"line":12,"column":57}}},"5":{"name":"(anonymous_5)","line":15,"loc":{"start":{"line":15,"column":40},"end":{"line":15,"column":51}}},"6":{"name":"(anonymous_6)","line":18,"loc":{"start":{"line":18,"column":86},"end":{"line":18,"column":97}}}},"statementMap":{"1":{"start":{"line":1,"column":0},"end":{"line":1,"column":102}},"2":{"start":{"line":3,"column":0},"end":{"line":22,"column":3}},"3":{"start":{"line":4,"column":4},"end":{"line":21,"column":7}},"4":{"start":{"line":5,"column":8},"end":{"line":5,"column":75}},"5":{"start":{"line":6,"column":8},"end":{"line":11,"column":11}},"6":{"start":{"line":7,"column":12},"end":{"line":7,"column":72}},"7":{"start":{"line":8,"column":12},"end":{"line":8,"column":74}},"8":{"start":{"line":9,"column":12},"end":{"line":9,"column":76}},"9":{"start":{"line":10,"column":12},"end":{"line":10,"column":62}},"10":{"start":{"line":12,"column":8},"end":{"line":14,"column":11}},"11":{"start":{"line":13,"column":12},"end":{"line":13,"column":76}},"12":{"start":{"line":15,"column":8},"end":{"line":17,"column":11}},"13":{"start":{"line":16,"column":12},"end":{"line":16,"column":72}},"14":{"start":{"line":18,"column":8},"end":{"line":20,"column":11}},"15":{"start":{"line":19,"column":12},"end":{"line":19,"column":79}}},"branchMap":{}},"/Users/tsullivan/projects/HACKSGIVING/cqm-client/src/classes/configuration/invalid_command_exception.js":{"path":"/Users/tsullivan/projects/HACKSGIVING/cqm-client/src/classes/configuration/invalid_command_exception.js","s":{"1":1,"2":3,"3":3},"b":{},"f":{"1":3},"fnMap":{"1":{"name":"(anonymous_1)","line":1,"loc":{"start":{"line":1,"column":17},"end":{"line":1,"column":42}}}},"statementMap":{"1":{"start":{"line":1,"column":0},"end":{"line":9,"column":0}},"2":{"start":{"line":2,"column":4},"end":{"line":6,"column":17}},"3":{"start":{"line":7,"column":4},"end":{"line":7,"column":30}}},"branchMap":{}},"/Users/tsullivan/projects/HACKSGIVING/cqm-client/spec/unit/configuration/invalid_configuration_option_exception_spec.js":{"path":"/Users/tsullivan/projects/HACKSGIVING/cqm-client/spec/unit/configuration/invalid_configuration_option_exception_spec.js","s":{"1":1,"2":1,"3":1,"4":1,"5":1,"6":2,"7":2,"8":1,"9":1,"10":1,"11":1},"b":{},"f":{"1":1,"2":1,"3":2,"4":1,"5":1},"fnMap":{"1":{"name":"(anonymous_1)","line":3,"loc":{"start":{"line":3,"column":48},"end":{"line":3,"column":59}}},"2":{"name":"(anonymous_2)","line":4,"loc":{"start":{"line":4,"column":25},"end":{"line":4,"column":36}}},"3":{"name":"(anonymous_3)","line":6,"loc":{"start":{"line":6,"column":19},"end":{"line":6,"column":30}}},"4":{"name":"(anonymous_4)","line":10,"loc":{"start":{"line":10,"column":58},"end":{"line":10,"column":69}}},"5":{"name":"(anonymous_5)","line":13,"loc":{"start":{"line":13,"column":54},"end":{"line":13,"column":65}}}},"statementMap":{"1":{"start":{"line":1,"column":0},"end":{"line":1,"column":127}},"2":{"start":{"line":3,"column":0},"end":{"line":17,"column":3}},"3":{"start":{"line":4,"column":4},"end":{"line":16,"column":7}},"4":{"start":{"line":5,"column":8},"end":{"line":5,"column":49}},"5":{"start":{"line":6,"column":8},"end":{"line":9,"column":11}},"6":{"start":{"line":7,"column":12},"end":{"line":7,"column":72}},"7":{"start":{"line":8,"column":12},"end":{"line":8,"column":87}},"8":{"start":{"line":10,"column":8},"end":{"line":12,"column":11}},"9":{"start":{"line":11,"column":12},"end":{"line":11,"column":88}},"10":{"start":{"line":13,"column":8},"end":{"line":15,"column":11}},"11":{"start":{"line":14,"column":12},"end":{"line":14,"column":78}}},"branchMap":{}},"/Users/tsullivan/projects/HACKSGIVING/cqm-client/src/classes/configuration/invalid_configuration_option_exception.js":{"path":"/Users/tsullivan/projects/HACKSGIVING/cqm-client/src/classes/configuration/invalid_configuration_option_exception.js","s":{"1":1,"2":2},"b":{},"f":{"1":2},"fnMap":{"1":{"name":"(anonymous_1)","line":1,"loc":{"start":{"line":1,"column":17},"end":{"line":1,"column":55}}}},"statementMap":{"1":{"start":{"line":1,"column":0},"end":{"line":4,"column":0}},"2":{"start":{"line":2,"column":4},"end":{"line":2,"column":108}}},"branchMap":{}},"/Users/tsullivan/projects/HACKSGIVING/cqm-client/spec/unit/configuration/job_configuration_spec.js":{"path":"/Users/tsullivan/projects/HACKSGIVING/cqm-client/spec/unit/configuration/job_configuration_spec.js","s":{"1":1,"2":0},"b":{},"f":{"1":0},"fnMap":{"1":{"name":"(anonymous_1)","line":1,"loc":{"start":{"line":1,"column":17},"end":{"line":1,"column":48}}}},"statementMap":{"1":{"start":{"line":1,"column":0},"end":{"line":6,"column":0}},"2":{"start":{"line":2,"column":4},"end":{"line":5,"column":0}}},"branchMap":{}},"/Users/tsullivan/projects/HACKSGIVING/cqm-client/spec/unit/coverage/ecl_emma/ecl_emma_class_coverage_reporter_spec.js":{"path":"/Users/tsullivan/projects/HACKSGIVING/cqm-client/spec/unit/coverage/ecl_emma/ecl_emma_class_coverage_reporter_spec.js","s":{"1":1,"2":1,"3":1,"4":1,"5":6,"6":1,"7":1,"8":1,"9":1,"10":1,"11":1,"12":1,"13":4,"14":4,"15":4,"16":4,"17":1,"18":1,"19":1,"20":1,"21":1,"22":1,"23":2,"24":2,"25":2,"26":2,"27":2,"28":2,"29":1,"30":1,"31":1,"32":1,"33":1,"34":1},"b":{},"f":{"1":1,"2":6,"3":1,"4":1,"5":4,"6":1,"7":1,"8":1,"9":2,"10":1,"11":1,"12":1},"fnMap":{"1":{"name":"(anonymous_1)","line":1,"loc":{"start":{"line":1,"column":48},"end":{"line":1,"column":59}}},"2":{"name":"(anonymous_2)","line":5,"loc":{"start":{"line":5,"column":15},"end":{"line":5,"column":26}}},"3":{"name":"(anonymous_3)","line":11,"loc":{"start":{"line":11,"column":33},"end":{"line":11,"column":44}}},"4":{"name":"(anonymous_4)","line":15,"loc":{"start":{"line":15,"column":85},"end":{"line":15,"column":96}}},"5":{"name":"(anonymous_5)","line":23,"loc":{"start":{"line":23,"column":19},"end":{"line":23,"column":30}}},"6":{"name":"(anonymous_6)","line":30,"loc":{"start":{"line":30,"column":70},"end":{"line":30,"column":81}}},"7":{"name":"(anonymous_7)","line":34,"loc":{"start":{"line":34,"column":38},"end":{"line":34,"column":49}}},"8":{"name":"(anonymous_8)","line":35,"loc":{"start":{"line":35,"column":106},"end":{"line":35,"column":117}}},"9":{"name":"(anonymous_9)","line":37,"loc":{"start":{"line":37,"column":27},"end":{"line":37,"column":38}}},"10":{"name":"(anonymous_10)","line":47,"loc":{"start":{"line":47,"column":164},"end":{"line":47,"column":175}}},"11":{"name":"(anonymous_11)","line":50,"loc":{"start":{"line":50,"column":99},"end":{"line":50,"column":110}}},"12":{"name":"(anonymous_12)","line":51,"loc":{"start":{"line":51,"column":134},"end":{"line":51,"column":145}}}},"statementMap":{"1":{"start":{"line":1,"column":0},"end":{"line":59,"column":3}},"2":{"start":{"line":2,"column":4},"end":{"line":2,"column":92}},"3":{"start":{"line":3,"column":4},"end":{"line":3,"column":37}},"4":{"start":{"line":5,"column":4},"end":{"line":7,"column":7}},"5":{"start":{"line":6,"column":8},"end":{"line":6,"column":53}},"6":{"start":{"line":9,"column":4},"end":{"line":9,"column":134}},"7":{"start":{"line":11,"column":4},"end":{"line":13,"column":7}},"8":{"start":{"line":12,"column":8},"end":{"line":12,"column":65}},"9":{"start":{"line":15,"column":4},"end":{"line":58,"column":7}},"10":{"start":{"line":16,"column":8},"end":{"line":16,"column":132}},"11":{"start":{"line":18,"column":8},"end":{"line":21,"column":20}},"12":{"start":{"line":23,"column":8},"end":{"line":28,"column":11}},"13":{"start":{"line":24,"column":12},"end":{"line":24,"column":126}},"14":{"start":{"line":25,"column":12},"end":{"line":25,"column":126}},"15":{"start":{"line":26,"column":12},"end":{"line":27,"column":12}},"16":{"start":{"line":27,"column":12},"end":{"line":27,"column":78}},"17":{"start":{"line":30,"column":8},"end":{"line":32,"column":11}},"18":{"start":{"line":31,"column":12},"end":{"line":31,"column":48}},"19":{"start":{"line":34,"column":8},"end":{"line":57,"column":11}},"20":{"start":{"line":35,"column":12},"end":{"line":56,"column":15}},"21":{"start":{"line":36,"column":16},"end":{"line":36,"column":112}},"22":{"start":{"line":37,"column":16},"end":{"line":46,"column":19}},"23":{"start":{"line":38,"column":20},"end":{"line":38,"column":32}},"24":{"start":{"line":39,"column":20},"end":{"line":42,"column":20}},"25":{"start":{"line":42,"column":20},"end":{"line":42,"column":141}},"26":{"start":{"line":43,"column":20},"end":{"line":43,"column":125}},"27":{"start":{"line":44,"column":20},"end":{"line":44,"column":114}},"28":{"start":{"line":45,"column":20},"end":{"line":46,"column":16}},"29":{"start":{"line":47,"column":16},"end":{"line":49,"column":19}},"30":{"start":{"line":48,"column":20},"end":{"line":48,"column":111}},"31":{"start":{"line":50,"column":16},"end":{"line":55,"column":19}},"32":{"start":{"line":51,"column":20},"end":{"line":54,"column":23}},"33":{"start":{"line":52,"column":24},"end":{"line":52,"column":156}},"34":{"start":{"line":53,"column":24},"end":{"line":53,"column":156}}},"branchMap":{}},"/Users/tsullivan/projects/HACKSGIVING/cqm-client/spec/unit/coverage/ecl_emma/ecl_emma_coverage_csv_parser_spec.js":{"path":"/Users/tsullivan/projects/HACKSGIVING/cqm-client/spec/unit/coverage/ecl_emma/ecl_emma_coverage_csv_parser_spec.js","s":{"1":1,"2":1,"3":1,"4":1,"5":30,"6":1,"7":1,"8":1,"9":1,"10":1,"11":1,"12":1,"13":1,"14":1,"15":1,"16":1,"17":1,"18":1,"19":1,"20":1,"21":1,"22":1,"23":1,"24":1,"25":1,"26":1,"27":1,"28":1,"29":28,"30":28,"31":28,"32":28,"33":28,"34":28,"35":28,"36":1,"37":1,"38":1,"39":1,"40":1,"41":1,"42":1,"43":1,"44":1,"45":1,"46":1,"47":1,"48":1,"49":1,"50":1,"51":1,"52":1,"53":1,"54":1,"55":1,"56":1,"57":1,"58":1,"59":1,"60":1,"61":1,"62":1,"63":1,"64":1,"65":1,"66":1,"67":1,"68":1,"69":1,"70":1,"71":1,"72":1,"73":1,"74":1,"75":5,"76":5,"77":5,"78":5,"79":5,"80":5,"81":5,"82":15,"83":0,"84":15,"85":5,"86":10,"87":5,"88":5,"89":5,"90":0,"91":5,"92":5,"93":10,"94":5,"95":1,"96":1,"97":1,"98":1,"99":1,"100":1,"101":1,"102":1,"103":1,"104":1,"105":1,"106":1,"107":1,"108":1,"109":1,"110":1},"b":{"1":[0,15],"2":[5,10],"3":[5,5],"4":[5,0]},"f":{"1":1,"2":30,"3":1,"4":1,"5":1,"6":28,"7":1,"8":1,"9":1,"10":1,"11":1,"12":1,"13":1,"14":1,"15":1,"16":1,"17":1,"18":1,"19":1,"20":1,"21":1,"22":1,"23":1,"24":1,"25":1,"26":1,"27":1,"28":1,"29":5,"30":15,"31":10,"32":1,"33":1,"34":1,"35":1,"36":1},"fnMap":{"1":{"name":"(anonymous_1)","line":1,"loc":{"start":{"line":1,"column":44},"end":{"line":1,"column":55}}},"2":{"name":"(anonymous_2)","line":5,"loc":{"start":{"line":5,"column":15},"end":{"line":5,"column":26}}},"3":{"name":"(anonymous_3)","line":11,"loc":{"start":{"line":11,"column":33},"end":{"line":11,"column":44}}},"4":{"name":"(anonymous_4)","line":15,"loc":{"start":{"line":15,"column":77},"end":{"line":15,"column":88}}},"5":{"name":"(anonymous_5)","line":16,"loc":{"start":{"line":16,"column":79},"end":{"line":16,"column":90}}},"6":{"name":"(anonymous_6)","line":43,"loc":{"start":{"line":43,"column":19},"end":{"line":43,"column":30}}},"7":{"name":"(anonymous_7)","line":71,"loc":{"start":{"line":71,"column":65},"end":{"line":71,"column":76}}},"8":{"name":"(anonymous_8)","line":75,"loc":{"start":{"line":75,"column":38},"end":{"line":75,"column":49}}},"9":{"name":"(anonymous_9)","line":76,"loc":{"start":{"line":76,"column":56},"end":{"line":76,"column":67}}},"10":{"name":"(anonymous_10)","line":77,"loc":{"start":{"line":77,"column":125},"end":{"line":77,"column":136}}},"11":{"name":"(anonymous_11)","line":81,"loc":{"start":{"line":81,"column":52},"end":{"line":81,"column":63}}},"12":{"name":"(anonymous_12)","line":82,"loc":{"start":{"line":82,"column":87},"end":{"line":82,"column":98}}},"13":{"name":"(anonymous_13)","line":88,"loc":{"start":{"line":88,"column":40},"end":{"line":88,"column":51}}},"14":{"name":"(anonymous_14)","line":89,"loc":{"start":{"line":89,"column":128},"end":{"line":89,"column":139}}},"15":{"name":"(anonymous_15)","line":93,"loc":{"start":{"line":93,"column":41},"end":{"line":93,"column":52}}},"16":{"name":"(anonymous_16)","line":94,"loc":{"start":{"line":94,"column":180},"end":{"line":94,"column":191}}},"17":{"name":"(anonymous_17)","line":95,"loc":{"start":{"line":95,"column":39},"end":{"line":95,"column":50}}},"18":{"name":"(anonymous_18)","line":99,"loc":{"start":{"line":99,"column":181},"end":{"line":99,"column":192}}},"19":{"name":"(anonymous_19)","line":100,"loc":{"start":{"line":100,"column":39},"end":{"line":100,"column":50}}},"20":{"name":"(anonymous_20)","line":105,"loc":{"start":{"line":105,"column":36},"end":{"line":105,"column":47}}},"21":{"name":"(anonymous_21)","line":107,"loc":{"start":{"line":107,"column":27},"end":{"line":107,"column":38}}},"22":{"name":"(anonymous_22)","line":112,"loc":{"start":{"line":112,"column":123},"end":{"line":112,"column":134}}},"23":{"name":"(anonymous_23)","line":113,"loc":{"start":{"line":113,"column":31},"end":{"line":113,"column":42}}},"24":{"name":"(anonymous_24)","line":116,"loc":{"start":{"line":116,"column":122},"end":{"line":116,"column":133}}},"25":{"name":"(anonymous_25)","line":117,"loc":{"start":{"line":117,"column":35},"end":{"line":117,"column":46}}},"26":{"name":"(anonymous_26)","line":120,"loc":{"start":{"line":120,"column":141},"end":{"line":120,"column":152}}},"27":{"name":"(anonymous_27)","line":121,"loc":{"start":{"line":121,"column":100},"end":{"line":121,"column":111}}},"28":{"name":"(anonymous_28)","line":128,"loc":{"start":{"line":128,"column":88},"end":{"line":128,"column":99}}},"29":{"name":"(anonymous_29)","line":130,"loc":{"start":{"line":130,"column":27},"end":{"line":130,"column":38}}},"30":{"name":"(anonymous_30)","line":137,"loc":{"start":{"line":137,"column":52},"end":{"line":137,"column":66}}},"31":{"name":"(anonymous_31)","line":145,"loc":{"start":{"line":145,"column":49},"end":{"line":145,"column":61}}},"32":{"name":"(anonymous_32)","line":148,"loc":{"start":{"line":148,"column":108},"end":{"line":148,"column":119}}},"33":{"name":"(anonymous_33)","line":151,"loc":{"start":{"line":151,"column":106},"end":{"line":151,"column":117}}},"34":{"name":"(anonymous_34)","line":154,"loc":{"start":{"line":154,"column":111},"end":{"line":154,"column":122}}},"35":{"name":"(anonymous_35)","line":160,"loc":{"start":{"line":160,"column":90},"end":{"line":160,"column":101}}},"36":{"name":"(anonymous_36)","line":166,"loc":{"start":{"line":166,"column":69},"end":{"line":166,"column":80}}}},"statementMap":{"1":{"start":{"line":1,"column":0},"end":{"line":172,"column":3}},"2":{"start":{"line":2,"column":4},"end":{"line":2,"column":88}},"3":{"start":{"line":3,"column":4},"end":{"line":3,"column":33}},"4":{"start":{"line":5,"column":4},"end":{"line":7,"column":7}},"5":{"start":{"line":6,"column":8},"end":{"line":6,"column":49}},"6":{"start":{"line":9,"column":4},"end":{"line":9,"column":133}},"7":{"start":{"line":11,"column":4},"end":{"line":13,"column":7}},"8":{"start":{"line":12,"column":8},"end":{"line":12,"column":61}},"9":{"start":{"line":15,"column":4},"end":{"line":171,"column":7}},"10":{"start":{"line":16,"column":8},"end":{"line":33,"column":11}},"11":{"start":{"line":17,"column":12},"end":{"line":17,"column":96}},"12":{"start":{"line":18,"column":12},"end":{"line":18,"column":108}},"13":{"start":{"line":19,"column":12},"end":{"line":19,"column":115}},"14":{"start":{"line":20,"column":12},"end":{"line":20,"column":89}},"15":{"start":{"line":21,"column":12},"end":{"line":21,"column":85}},"16":{"start":{"line":22,"column":12},"end":{"line":22,"column":112}},"17":{"start":{"line":23,"column":12},"end":{"line":23,"column":114}},"18":{"start":{"line":24,"column":12},"end":{"line":24,"column":103}},"19":{"start":{"line":25,"column":12},"end":{"line":25,"column":105}},"20":{"start":{"line":26,"column":12},"end":{"line":26,"column":98}},"21":{"start":{"line":27,"column":12},"end":{"line":27,"column":100}},"22":{"start":{"line":28,"column":12},"end":{"line":28,"column":105}},"23":{"start":{"line":29,"column":12},"end":{"line":29,"column":107}},"24":{"start":{"line":30,"column":12},"end":{"line":30,"column":102}},"25":{"start":{"line":31,"column":12},"end":{"line":31,"column":104}},"26":{"start":{"line":32,"column":12},"end":{"line":32,"column":128}},"27":{"start":{"line":35,"column":8},"end":{"line":41,"column":20}},"28":{"start":{"line":43,"column":8},"end":{"line":69,"column":11}},"29":{"start":{"line":44,"column":12},"end":{"line":44,"column":32}},"30":{"start":{"line":45,"column":12},"end":{"line":45,"column":35}},"31":{"start":{"line":46,"column":12},"end":{"line":46,"column":48}},"32":{"start":{"line":47,"column":12},"end":{"line":47,"column":33}},"33":{"start":{"line":48,"column":12},"end":{"line":48,"column":31}},"34":{"start":{"line":49,"column":12},"end":{"line":68,"column":12}},"35":{"start":{"line":68,"column":12},"end":{"line":68,"column":70}},"36":{"start":{"line":71,"column":8},"end":{"line":73,"column":11}},"37":{"start":{"line":72,"column":12},"end":{"line":72,"column":48}},"38":{"start":{"line":75,"column":8},"end":{"line":170,"column":11}},"39":{"start":{"line":76,"column":12},"end":{"line":80,"column":15}},"40":{"start":{"line":77,"column":16},"end":{"line":79,"column":19}},"41":{"start":{"line":78,"column":20},"end":{"line":78,"column":116}},"42":{"start":{"line":81,"column":12},"end":{"line":87,"column":15}},"43":{"start":{"line":82,"column":16},"end":{"line":86,"column":19}},"44":{"start":{"line":83,"column":20},"end":{"line":83,"column":39}},"45":{"start":{"line":84,"column":20},"end":{"line":85,"column":20}},"46":{"start":{"line":85,"column":20},"end":{"line":85,"column":48}},"47":{"start":{"line":88,"column":12},"end":{"line":92,"column":15}},"48":{"start":{"line":89,"column":16},"end":{"line":91,"column":19}},"49":{"start":{"line":90,"column":20},"end":{"line":90,"column":125}},"50":{"start":{"line":93,"column":12},"end":{"line":104,"column":15}},"51":{"start":{"line":94,"column":16},"end":{"line":98,"column":19}},"52":{"start":{"line":95,"column":20},"end":{"line":97,"column":23}},"53":{"start":{"line":96,"column":24},"end":{"line":96,"column":115}},"54":{"start":{"line":99,"column":16},"end":{"line":103,"column":19}},"55":{"start":{"line":100,"column":20},"end":{"line":102,"column":23}},"56":{"start":{"line":101,"column":24},"end":{"line":101,"column":93}},"57":{"start":{"line":105,"column":12},"end":{"line":127,"column":15}},"58":{"start":{"line":106,"column":16},"end":{"line":106,"column":48}},"59":{"start":{"line":107,"column":16},"end":{"line":111,"column":19}},"60":{"start":{"line":108,"column":20},"end":{"line":109,"column":20}},"61":{"start":{"line":109,"column":20},"end":{"line":109,"column":40}},"62":{"start":{"line":110,"column":20},"end":{"line":110,"column":38}},"63":{"start":{"line":112,"column":16},"end":{"line":126,"column":19}},"64":{"start":{"line":113,"column":20},"end":{"line":115,"column":23}},"65":{"start":{"line":114,"column":24},"end":{"line":114,"column":58}},"66":{"start":{"line":116,"column":20},"end":{"line":126,"column":16}},"67":{"start":{"line":117,"column":24},"end":{"line":119,"column":27}},"68":{"start":{"line":118,"column":28},"end":{"line":118,"column":58}},"69":{"start":{"line":120,"column":24},"end":{"line":124,"column":27}},"70":{"start":{"line":121,"column":28},"end":{"line":123,"column":31}},"71":{"start":{"line":122,"column":32},"end":{"line":122,"column":120}},"72":{"start":{"line":128,"column":12},"end":{"line":169,"column":15}},"73":{"start":{"line":129,"column":16},"end":{"line":129,"column":64}},"74":{"start":{"line":130,"column":16},"end":{"line":147,"column":19}},"75":{"start":{"line":131,"column":20},"end":{"line":132,"column":20}},"76":{"start":{"line":132,"column":20},"end":{"line":132,"column":84}},"77":{"start":{"line":133,"column":20},"end":{"line":133,"column":67}},"78":{"start":{"line":134,"column":20},"end":{"line":134,"column":52}},"79":{"start":{"line":135,"column":20},"end":{"line":135,"column":77}},"80":{"start":{"line":136,"column":20},"end":{"line":136,"column":75}},"81":{"start":{"line":137,"column":20},"end":{"line":143,"column":23}},"82":{"start":{"line":138,"column":24},"end":{"line":138,"column":105}},"83":{"start":{"line":138,"column":35},"end":{"line":138,"column":105}},"84":{"start":{"line":139,"column":24},"end":{"line":139,"column":47}},"85":{"start":{"line":139,"column":35},"end":{"line":139,"column":47}},"86":{"start":{"line":140,"column":24},"end":{"line":140,"column":48}},"87":{"start":{"line":140,"column":35},"end":{"line":140,"column":48}},"88":{"start":{"line":141,"column":24},"end":{"line":141,"column":47}},"89":{"start":{"line":141,"column":35},"end":{"line":141,"column":47}},"90":{"start":{"line":142,"column":24},"end":{"line":142,"column":84}},"91":{"start":{"line":144,"column":20},"end":{"line":144,"column":69}},"92":{"start":{"line":145,"column":20},"end":{"line":145,"column":80}},"93":{"start":{"line":145,"column":63},"end":{"line":145,"column":76}},"94":{"start":{"line":146,"column":20},"end":{"line":146,"column":101}},"95":{"start":{"line":148,"column":16},"end":{"line":150,"column":19}},"96":{"start":{"line":149,"column":20},"end":{"line":149,"column":96}},"97":{"start":{"line":151,"column":16},"end":{"line":153,"column":19}},"98":{"start":{"line":152,"column":20},"end":{"line":152,"column":85}},"99":{"start":{"line":154,"column":16},"end":{"line":159,"column":19}},"100":{"start":{"line":155,"column":20},"end":{"line":155,"column":85}},"101":{"start":{"line":156,"column":20},"end":{"line":156,"column":81}},"102":{"start":{"line":157,"column":20},"end":{"line":157,"column":81}},"103":{"start":{"line":158,"column":20},"end":{"line":158,"column":81}},"104":{"start":{"line":160,"column":16},"end":{"line":165,"column":19}},"105":{"start":{"line":161,"column":20},"end":{"line":161,"column":83}},"106":{"start":{"line":162,"column":20},"end":{"line":162,"column":79}},"107":{"start":{"line":163,"column":20},"end":{"line":163,"column":83}},"108":{"start":{"line":164,"column":20},"end":{"line":164,"column":79}},"109":{"start":{"line":166,"column":16},"end":{"line":168,"column":19}},"110":{"start":{"line":167,"column":20},"end":{"line":167,"column":53}}},"branchMap":{"1":{"line":138,"type":"if","locations":[{"start":{"line":138,"column":24},"end":{"line":138,"column":24}},{"start":{"line":138,"column":24},"end":{"line":138,"column":24}}]},"2":{"line":139,"type":"if","locations":[{"start":{"line":139,"column":24},"end":{"line":139,"column":24}},{"start":{"line":139,"column":24},"end":{"line":139,"column":24}}]},"3":{"line":140,"type":"if","locations":[{"start":{"line":140,"column":24},"end":{"line":140,"column":24}},{"start":{"line":140,"column":24},"end":{"line":140,"column":24}}]},"4":{"line":141,"type":"if","locations":[{"start":{"line":141,"column":24},"end":{"line":141,"column":24}},{"start":{"line":141,"column":24},"end":{"line":141,"column":24}}]}}},"/Users/tsullivan/projects/HACKSGIVING/cqm-client/spec/unit/coverage/ecl_emma/ecl_emma_coverage_reporter_spec.js":{"path":"/Users/tsullivan/projects/HACKSGIVING/cqm-client/spec/unit/coverage/ecl_emma/ecl_emma_coverage_reporter_spec.js","s":{"1":1,"2":1,"3":1,"4":1,"5":14,"6":1,"7":1,"8":1,"9":1,"10":1,"11":1,"12":1,"13":1,"14":1,"15":1,"16":1,"17":1,"18":12,"19":12,"20":12,"21":12,"22":12,"23":12,"24":12,"25":12,"26":12,"27":12,"28":12,"29":12,"30":12,"31":1,"32":1,"33":1,"34":1,"35":1,"36":1,"37":5,"38":5,"39":5,"40":5,"41":10,"42":5,"43":5,"44":5,"45":0,"46":5,"47":1,"48":1,"49":1,"50":1,"51":1,"52":1,"53":1,"54":1,"55":1,"56":1,"57":1,"58":1},"b":{"1":[5,5],"2":[5,0]},"f":{"1":1,"2":14,"3":1,"4":1,"5":12,"6":1,"7":1,"8":1,"9":5,"10":10,"11":1,"12":1,"13":1,"14":1,"15":1,"16":1},"fnMap":{"1":{"name":"(anonymous_1)","line":1,"loc":{"start":{"line":1,"column":43},"end":{"line":1,"column":54}}},"2":{"name":"(anonymous_2)","line":5,"loc":{"start":{"line":5,"column":15},"end":{"line":5,"column":26}}},"3":{"name":"(anonymous_3)","line":11,"loc":{"start":{"line":11,"column":33},"end":{"line":11,"column":44}}},"4":{"name":"(anonymous_4)","line":15,"loc":{"start":{"line":15,"column":174},"end":{"line":15,"column":185}}},"5":{"name":"(anonymous_5)","line":35,"loc":{"start":{"line":35,"column":19},"end":{"line":35,"column":30}}},"6":{"name":"(anonymous_6)","line":57,"loc":{"start":{"line":57,"column":65},"end":{"line":57,"column":76}}},"7":{"name":"(anonymous_7)","line":61,"loc":{"start":{"line":61,"column":38},"end":{"line":61,"column":49}}},"8":{"name":"(anonymous_8)","line":62,"loc":{"start":{"line":62,"column":61},"end":{"line":62,"column":72}}},"9":{"name":"(anonymous_9)","line":64,"loc":{"start":{"line":64,"column":27},"end":{"line":64,"column":38}}},"10":{"name":"(anonymous_10)","line":68,"loc":{"start":{"line":68,"column":77},"end":{"line":68,"column":99}}},"11":{"name":"(anonymous_11)","line":75,"loc":{"start":{"line":75,"column":79},"end":{"line":75,"column":90}}},"12":{"name":"(anonymous_12)","line":78,"loc":{"start":{"line":78,"column":127},"end":{"line":78,"column":138}}},"13":{"name":"(anonymous_13)","line":81,"loc":{"start":{"line":81,"column":117},"end":{"line":81,"column":128}}},"14":{"name":"(anonymous_14)","line":84,"loc":{"start":{"line":84,"column":130},"end":{"line":84,"column":141}}},"15":{"name":"(anonymous_15)","line":85,"loc":{"start":{"line":85,"column":108},"end":{"line":85,"column":119}}},"16":{"name":"(anonymous_16)","line":90,"loc":{"start":{"line":90,"column":132},"end":{"line":90,"column":143}}}},"statementMap":{"1":{"start":{"line":1,"column":0},"end":{"line":96,"column":3}},"2":{"start":{"line":2,"column":4},"end":{"line":2,"column":86}},"3":{"start":{"line":3,"column":4},"end":{"line":3,"column":32}},"4":{"start":{"line":5,"column":4},"end":{"line":7,"column":7}},"5":{"start":{"line":6,"column":8},"end":{"line":6,"column":48}},"6":{"start":{"line":9,"column":4},"end":{"line":9,"column":96}},"7":{"start":{"line":11,"column":4},"end":{"line":13,"column":7}},"8":{"start":{"line":12,"column":8},"end":{"line":12,"column":60}},"9":{"start":{"line":15,"column":4},"end":{"line":95,"column":7}},"10":{"start":{"line":16,"column":8},"end":{"line":16,"column":46}},"11":{"start":{"line":17,"column":8},"end":{"line":17,"column":84}},"12":{"start":{"line":18,"column":8},"end":{"line":18,"column":73}},"13":{"start":{"line":19,"column":8},"end":{"line":19,"column":107}},"14":{"start":{"line":20,"column":8},"end":{"line":20,"column":123}},"15":{"start":{"line":21,"column":8},"end":{"line":21,"column":127}},"16":{"start":{"line":23,"column":8},"end":{"line":33,"column":20}},"17":{"start":{"line":35,"column":8},"end":{"line":55,"column":11}},"18":{"start":{"line":36,"column":12},"end":{"line":36,"column":54}},"19":{"start":{"line":37,"column":12},"end":{"line":37,"column":54}},"20":{"start":{"line":38,"column":12},"end":{"line":38,"column":46}},"21":{"start":{"line":39,"column":12},"end":{"line":39,"column":56}},"22":{"start":{"line":40,"column":12},"end":{"line":40,"column":62}},"23":{"start":{"line":41,"column":12},"end":{"line":41,"column":54}},"24":{"start":{"line":42,"column":12},"end":{"line":43,"column":12}},"25":{"start":{"line":43,"column":12},"end":{"line":44,"column":12}},"26":{"start":{"line":44,"column":12},"end":{"line":44,"column":70}},"27":{"start":{"line":45,"column":12},"end":{"line":45,"column":126}},"28":{"start":{"line":46,"column":12},"end":{"line":46,"column":108}},"29":{"start":{"line":47,"column":12},"end":{"line":47,"column":122}},"30":{"start":{"line":48,"column":12},"end":{"line":54,"column":14}},"31":{"start":{"line":57,"column":8},"end":{"line":59,"column":11}},"32":{"start":{"line":58,"column":12},"end":{"line":58,"column":48}},"33":{"start":{"line":61,"column":8},"end":{"line":94,"column":11}},"34":{"start":{"line":62,"column":12},"end":{"line":93,"column":15}},"35":{"start":{"line":63,"column":16},"end":{"line":63,"column":108}},"36":{"start":{"line":64,"column":16},"end":{"line":74,"column":19}},"37":{"start":{"line":65,"column":20},"end":{"line":66,"column":20}},"38":{"start":{"line":66,"column":20},"end":{"line":67,"column":20}},"39":{"start":{"line":67,"column":20},"end":{"line":68,"column":20}},"40":{"start":{"line":68,"column":20},"end":{"line":72,"column":23}},"41":{"start":{"line":69,"column":24},"end":{"line":69,"column":100}},"42":{"start":{"line":69,"column":60},"end":{"line":69,"column":100}},"43":{"start":{"line":70,"column":24},"end":{"line":70,"column":100}},"44":{"start":{"line":70,"column":60},"end":{"line":70,"column":100}},"45":{"start":{"line":71,"column":24},"end":{"line":71,"column":54}},"46":{"start":{"line":73,"column":20},"end":{"line":73,"column":65}},"47":{"start":{"line":75,"column":16},"end":{"line":77,"column":19}},"48":{"start":{"line":76,"column":20},"end":{"line":76,"column":86}},"49":{"start":{"line":78,"column":16},"end":{"line":80,"column":19}},"50":{"start":{"line":79,"column":20},"end":{"line":79,"column":123}},"51":{"start":{"line":81,"column":16},"end":{"line":83,"column":19}},"52":{"start":{"line":82,"column":20},"end":{"line":82,"column":114}},"53":{"start":{"line":84,"column":16},"end":{"line":89,"column":19}},"54":{"start":{"line":85,"column":20},"end":{"line":88,"column":23}},"55":{"start":{"line":86,"column":24},"end":{"line":86,"column":151}},"56":{"start":{"line":87,"column":24},"end":{"line":87,"column":151}},"57":{"start":{"line":90,"column":16},"end":{"line":92,"column":19}},"58":{"start":{"line":91,"column":20},"end":{"line":91,"column":112}}},"branchMap":{"1":{"line":69,"type":"if","locations":[{"start":{"line":69,"column":24},"end":{"line":69,"column":24}},{"start":{"line":69,"column":24},"end":{"line":69,"column":24}}]},"2":{"line":70,"type":"if","locations":[{"start":{"line":70,"column":24},"end":{"line":70,"column":24}},{"start":{"line":70,"column":24},"end":{"line":70,"column":24}}]}}},"/Users/tsullivan/projects/HACKSGIVING/cqm-client/spec/unit/coverage/ecl_emma/ecl_emma_granular_coverage_reporter_spec.js":{"path":"/Users/tsullivan/projects/HACKSGIVING/cqm-client/spec/unit/coverage/ecl_emma/ecl_emma_granular_coverage_reporter_spec.js","s":{"1":1,"2":1,"3":1,"4":1,"5":9,"6":1,"7":1,"8":1,"9":1,"10":1,"11":1,"12":1,"13":1,"14":1,"15":7,"16":7,"17":7,"18":7,"19":1,"20":1,"21":1,"22":1,"23":1,"24":1,"25":3,"26":3,"27":3,"28":3,"29":3,"30":3,"31":3,"32":1,"33":1,"34":1,"35":1,"36":1,"37":1,"38":1},"b":{},"f":{"1":1,"2":9,"3":1,"4":1,"5":7,"6":1,"7":1,"8":1,"9":3,"10":1,"11":1,"12":1,"13":1},"fnMap":{"1":{"name":"(anonymous_1)","line":1,"loc":{"start":{"line":1,"column":51},"end":{"line":1,"column":62}}},"2":{"name":"(anonymous_2)","line":5,"loc":{"start":{"line":5,"column":15},"end":{"line":5,"column":26}}},"3":{"name":"(anonymous_3)","line":11,"loc":{"start":{"line":11,"column":33},"end":{"line":11,"column":44}}},"4":{"name":"(anonymous_4)","line":15,"loc":{"start":{"line":15,"column":112},"end":{"line":15,"column":123}}},"5":{"name":"(anonymous_5)","line":24,"loc":{"start":{"line":24,"column":19},"end":{"line":24,"column":30}}},"6":{"name":"(anonymous_6)","line":31,"loc":{"start":{"line":31,"column":73},"end":{"line":31,"column":84}}},"7":{"name":"(anonymous_7)","line":35,"loc":{"start":{"line":35,"column":38},"end":{"line":35,"column":49}}},"8":{"name":"(anonymous_8)","line":36,"loc":{"start":{"line":36,"column":101},"end":{"line":36,"column":112}}},"9":{"name":"(anonymous_9)","line":38,"loc":{"start":{"line":38,"column":27},"end":{"line":38,"column":38}}},"10":{"name":"(anonymous_10)","line":50,"loc":{"start":{"line":50,"column":143},"end":{"line":50,"column":154}}},"11":{"name":"(anonymous_11)","line":53,"loc":{"start":{"line":53,"column":117},"end":{"line":53,"column":128}}},"12":{"name":"(anonymous_12)","line":54,"loc":{"start":{"line":54,"column":203},"end":{"line":54,"column":214}}},"13":{"name":"(anonymous_13)","line":57,"loc":{"start":{"line":57,"column":209},"end":{"line":57,"column":220}}}},"statementMap":{"1":{"start":{"line":1,"column":0},"end":{"line":64,"column":3}},"2":{"start":{"line":2,"column":4},"end":{"line":2,"column":95}},"3":{"start":{"line":3,"column":4},"end":{"line":3,"column":40}},"4":{"start":{"line":5,"column":4},"end":{"line":7,"column":7}},"5":{"start":{"line":6,"column":8},"end":{"line":6,"column":56}},"6":{"start":{"line":9,"column":4},"end":{"line":9,"column":154}},"7":{"start":{"line":11,"column":4},"end":{"line":13,"column":7}},"8":{"start":{"line":12,"column":8},"end":{"line":12,"column":68}},"9":{"start":{"line":15,"column":4},"end":{"line":63,"column":7}},"10":{"start":{"line":16,"column":8},"end":{"line":16,"column":132}},"11":{"start":{"line":17,"column":8},"end":{"line":17,"column":161}},"12":{"start":{"line":18,"column":8},"end":{"line":18,"column":168}},"13":{"start":{"line":19,"column":8},"end":{"line":22,"column":20}},"14":{"start":{"line":24,"column":8},"end":{"line":29,"column":11}},"15":{"start":{"line":25,"column":12},"end":{"line":25,"column":42}},"16":{"start":{"line":26,"column":12},"end":{"line":26,"column":48}},"17":{"start":{"line":27,"column":12},"end":{"line":28,"column":12}},"18":{"start":{"line":28,"column":12},"end":{"line":28,"column":105}},"19":{"start":{"line":31,"column":8},"end":{"line":33,"column":11}},"20":{"start":{"line":32,"column":12},"end":{"line":32,"column":48}},"21":{"start":{"line":35,"column":8},"end":{"line":62,"column":11}},"22":{"start":{"line":36,"column":12},"end":{"line":61,"column":15}},"23":{"start":{"line":37,"column":16},"end":{"line":37,"column":146}},"24":{"start":{"line":38,"column":16},"end":{"line":49,"column":19}},"25":{"start":{"line":39,"column":20},"end":{"line":39,"column":62}},"26":{"start":{"line":40,"column":20},"end":{"line":41,"column":20}},"27":{"start":{"line":41,"column":20},"end":{"line":45,"column":20}},"28":{"start":{"line":45,"column":20},"end":{"line":45,"column":140}},"29":{"start":{"line":46,"column":20},"end":{"line":46,"column":120}},"30":{"start":{"line":47,"column":20},"end":{"line":47,"column":108}},"31":{"start":{"line":48,"column":20},"end":{"line":49,"column":16}},"32":{"start":{"line":50,"column":16},"end":{"line":52,"column":19}},"33":{"start":{"line":51,"column":20},"end":{"line":51,"column":111}},"34":{"start":{"line":53,"column":16},"end":{"line":60,"column":19}},"35":{"start":{"line":54,"column":20},"end":{"line":56,"column":23}},"36":{"start":{"line":55,"column":24},"end":{"line":55,"column":115}},"37":{"start":{"line":57,"column":20},"end":{"line":59,"column":23}},"38":{"start":{"line":58,"column":24},"end":{"line":58,"column":121}}},"branchMap":{}},"/Users/tsullivan/projects/HACKSGIVING/cqm-client/spec/unit/coverage/general/coverage_report_writer_spec.js":{"path":"/Users/tsullivan/projects/HACKSGIVING/cqm-client/spec/unit/coverage/general/coverage_report_writer_spec.js","s":{"1":1,"2":1,"3":1,"4":1,"5":21,"6":1,"7":1,"8":1,"9":1,"10":1,"11":1,"12":1,"13":18,"14":18,"15":18,"16":18,"17":1,"18":1,"19":1,"20":1,"21":1,"22":1,"23":1,"24":1,"25":1,"26":1,"27":3,"28":1,"29":1,"30":1,"31":1,"32":1,"33":1,"34":1,"35":1,"36":2,"37":1,"38":1,"39":1,"40":1,"41":1,"42":2,"43":2,"44":2,"45":10,"46":2,"47":2,"48":2,"49":2,"50":2,"51":2,"52":2,"53":2,"54":2,"55":8,"56":8,"57":8,"58":8,"59":8,"60":2,"61":2,"62":2,"63":2,"64":2,"65":2,"66":2,"67":2,"68":1,"69":1},"b":{},"f":{"1":1,"2":21,"3":1,"4":1,"5":18,"6":1,"7":1,"8":1,"9":3,"10":1,"11":1,"12":1,"13":1,"14":1,"15":2,"16":1,"17":1,"18":2,"19":2,"20":10,"21":2,"22":2,"23":2,"24":2,"25":2,"26":8,"27":2,"28":2,"29":2,"30":2},"fnMap":{"1":{"name":"(anonymous_1)","line":1,"loc":{"start":{"line":1,"column":40},"end":{"line":1,"column":51}}},"2":{"name":"(anonymous_2)","line":5,"loc":{"start":{"line":5,"column":15},"end":{"line":5,"column":26}}},"3":{"name":"(anonymous_3)","line":12,"loc":{"start":{"line":12,"column":31},"end":{"line":12,"column":42}}},"4":{"name":"(anonymous_4)","line":16,"loc":{"start":{"line":16,"column":79},"end":{"line":16,"column":90}}},"5":{"name":"(anonymous_5)","line":19,"loc":{"start":{"line":19,"column":19},"end":{"line":19,"column":30}}},"6":{"name":"(anonymous_6)","line":37,"loc":{"start":{"line":37,"column":62},"end":{"line":37,"column":73}}},"7":{"name":"(anonymous_7)","line":41,"loc":{"start":{"line":41,"column":38},"end":{"line":41,"column":49}}},"8":{"name":"(anonymous_8)","line":42,"loc":{"start":{"line":42,"column":72},"end":{"line":42,"column":83}}},"9":{"name":"(anonymous_9)","line":44,"loc":{"start":{"line":44,"column":27},"end":{"line":44,"column":38}}},"10":{"name":"(anonymous_10)","line":47,"loc":{"start":{"line":47,"column":72},"end":{"line":47,"column":83}}},"11":{"name":"(anonymous_11)","line":48,"loc":{"start":{"line":48,"column":31},"end":{"line":48,"column":42}}},"12":{"name":"(anonymous_12)","line":51,"loc":{"start":{"line":51,"column":46},"end":{"line":51,"column":57}}},"13":{"name":"(anonymous_13)","line":52,"loc":{"start":{"line":52,"column":31},"end":{"line":52,"column":42}}},"14":{"name":"(anonymous_14)","line":55,"loc":{"start":{"line":55,"column":68},"end":{"line":55,"column":79}}},"15":{"name":"(anonymous_15)","line":56,"loc":{"start":{"line":56,"column":31},"end":{"line":56,"column":42}}},"16":{"name":"(anonymous_16)","line":59,"loc":{"start":{"line":59,"column":140},"end":{"line":59,"column":151}}},"17":{"name":"(anonymous_17)","line":62,"loc":{"start":{"line":62,"column":100},"end":{"line":62,"column":111}}},"18":{"name":"describeNewSectionBehavior","line":68,"loc":{"start":{"line":68,"column":12},"end":{"line":68,"column":85}}},"19":{"name":"(anonymous_19)","line":69,"loc":{"start":{"line":69,"column":53},"end":{"line":69,"column":64}}},"20":{"name":"(anonymous_20)","line":71,"loc":{"start":{"line":71,"column":31},"end":{"line":71,"column":42}}},"21":{"name":"(anonymous_21)","line":74,"loc":{"start":{"line":74,"column":108},"end":{"line":74,"column":119}}},"22":{"name":"(anonymous_22)","line":75,"loc":{"start":{"line":75,"column":35},"end":{"line":75,"column":46}}},"23":{"name":"(anonymous_23)","line":78,"loc":{"start":{"line":78,"column":46},"end":{"line":78,"column":57}}},"24":{"name":"(anonymous_24)","line":79,"loc":{"start":{"line":79,"column":35},"end":{"line":79,"column":46}}},"25":{"name":"(anonymous_25)","line":82,"loc":{"start":{"line":82,"column":101},"end":{"line":82,"column":112}}},"26":{"name":"(anonymous_26)","line":84,"loc":{"start":{"line":84,"column":35},"end":{"line":84,"column":46}}},"27":{"name":"(anonymous_27)","line":91,"loc":{"start":{"line":91,"column":98},"end":{"line":91,"column":109}}},"28":{"name":"(anonymous_28)","line":94,"loc":{"start":{"line":94,"column":119},"end":{"line":94,"column":130}}},"29":{"name":"(anonymous_29)","line":97,"loc":{"start":{"line":97,"column":140},"end":{"line":97,"column":151}}},"30":{"name":"(anonymous_30)","line":100,"loc":{"start":{"line":100,"column":84},"end":{"line":100,"column":95}}}},"statementMap":{"1":{"start":{"line":1,"column":0},"end":{"line":112,"column":3}},"2":{"start":{"line":2,"column":4},"end":{"line":2,"column":81}},"3":{"start":{"line":3,"column":4},"end":{"line":3,"column":29}},"4":{"start":{"line":5,"column":4},"end":{"line":7,"column":7}},"5":{"start":{"line":6,"column":8},"end":{"line":6,"column":45}},"6":{"start":{"line":9,"column":4},"end":{"line":9,"column":90}},"7":{"start":{"line":10,"column":4},"end":{"line":12,"column":4}},"8":{"start":{"line":12,"column":4},"end":{"line":14,"column":7}},"9":{"start":{"line":13,"column":8},"end":{"line":13,"column":57}},"10":{"start":{"line":16,"column":4},"end":{"line":111,"column":7}},"11":{"start":{"line":17,"column":8},"end":{"line":17,"column":83}},"12":{"start":{"line":19,"column":8},"end":{"line":31,"column":11}},"13":{"start":{"line":20,"column":12},"end":{"line":21,"column":12}},"14":{"start":{"line":21,"column":12},"end":{"line":28,"column":14}},"15":{"start":{"line":29,"column":12},"end":{"line":29,"column":82}},"16":{"start":{"line":30,"column":12},"end":{"line":30,"column":106}},"17":{"start":{"line":33,"column":8},"end":{"line":33,"column":84}},"18":{"start":{"line":34,"column":8},"end":{"line":34,"column":111}},"19":{"start":{"line":35,"column":8},"end":{"line":35,"column":74}},"20":{"start":{"line":36,"column":8},"end":{"line":36,"column":97}},"21":{"start":{"line":37,"column":8},"end":{"line":39,"column":11}},"22":{"start":{"line":38,"column":12},"end":{"line":38,"column":48}},"23":{"start":{"line":41,"column":8},"end":{"line":110,"column":11}},"24":{"start":{"line":42,"column":12},"end":{"line":66,"column":15}},"25":{"start":{"line":43,"column":16},"end":{"line":43,"column":41}},"26":{"start":{"line":44,"column":16},"end":{"line":46,"column":19}},"27":{"start":{"line":45,"column":20},"end":{"line":45,"column":66}},"28":{"start":{"line":47,"column":16},"end":{"line":54,"column":19}},"29":{"start":{"line":48,"column":20},"end":{"line":50,"column":23}},"30":{"start":{"line":49,"column":24},"end":{"line":49,"column":110}},"31":{"start":{"line":51,"column":20},"end":{"line":53,"column":23}},"32":{"start":{"line":52,"column":24},"end":{"line":52,"column":114}},"33":{"start":{"line":52,"column":44},"end":{"line":52,"column":100}},"34":{"start":{"line":55,"column":16},"end":{"line":65,"column":19}},"35":{"start":{"line":56,"column":20},"end":{"line":58,"column":23}},"36":{"start":{"line":57,"column":24},"end":{"line":57,"column":80}},"37":{"start":{"line":59,"column":20},"end":{"line":61,"column":23}},"38":{"start":{"line":60,"column":24},"end":{"line":60,"column":113}},"39":{"start":{"line":62,"column":20},"end":{"line":64,"column":23}},"40":{"start":{"line":63,"column":24},"end":{"line":63,"column":112}},"41":{"start":{"line":68,"column":12},"end":{"line":106,"column":13}},"42":{"start":{"line":69,"column":16},"end":{"line":105,"column":19}},"43":{"start":{"line":70,"column":20},"end":{"line":70,"column":36}},"44":{"start":{"line":71,"column":20},"end":{"line":73,"column":23}},"45":{"start":{"line":72,"column":24},"end":{"line":72,"column":50}},"46":{"start":{"line":74,"column":20},"end":{"line":81,"column":23}},"47":{"start":{"line":75,"column":24},"end":{"line":77,"column":27}},"48":{"start":{"line":76,"column":28},"end":{"line":76,"column":74}},"49":{"start":{"line":78,"column":24},"end":{"line":80,"column":27}},"50":{"start":{"line":79,"column":28},"end":{"line":79,"column":95}},"51":{"start":{"line":79,"column":48},"end":{"line":79,"column":81}},"52":{"start":{"line":82,"column":20},"end":{"line":103,"column":23}},"53":{"start":{"line":83,"column":24},"end":{"line":83,"column":61}},"54":{"start":{"line":84,"column":24},"end":{"line":90,"column":27}},"55":{"start":{"line":85,"column":28},"end":{"line":86,"column":28}},"56":{"start":{"line":86,"column":28},"end":{"line":87,"column":28}},"57":{"start":{"line":87,"column":28},"end":{"line":87,"column":87}},"58":{"start":{"line":88,"column":28},"end":{"line":88,"column":82}},"59":{"start":{"line":89,"column":28},"end":{"line":89,"column":70}},"60":{"start":{"line":91,"column":24},"end":{"line":93,"column":27}},"61":{"start":{"line":92,"column":28},"end":{"line":92,"column":89}},"62":{"start":{"line":94,"column":24},"end":{"line":96,"column":27}},"63":{"start":{"line":95,"column":28},"end":{"line":95,"column":88}},"64":{"start":{"line":97,"column":24},"end":{"line":99,"column":27}},"65":{"start":{"line":98,"column":28},"end":{"line":98,"column":105}},"66":{"start":{"line":100,"column":24},"end":{"line":102,"column":27}},"67":{"start":{"line":101,"column":28},"end":{"line":101,"column":59}},"68":{"start":{"line":108,"column":12},"end":{"line":108,"column":90}},"69":{"start":{"line":109,"column":12},"end":{"line":109,"column":95}}},"branchMap":{}},"/Users/tsullivan/projects/HACKSGIVING/cqm-client/spec/unit/coverage/general/coverage_totals_section_writer_spec.js":{"path":"/Users/tsullivan/projects/HACKSGIVING/cqm-client/spec/unit/coverage/general/coverage_totals_section_writer_spec.js","s":{"1":1,"2":1,"3":1,"4":1,"5":12,"6":12,"7":12,"8":12,"9":12,"10":1,"11":1,"12":1,"13":1,"14":1,"15":1,"16":1,"17":1,"18":1,"19":1,"20":1,"21":1,"22":1,"23":1,"24":1,"25":1,"26":1,"27":2,"28":2,"29":1,"30":1,"31":1,"32":1,"33":1,"34":1,"35":1,"36":1,"37":1,"38":1,"39":1,"40":1,"41":1,"42":1,"43":1,"44":1,"45":1,"46":1,"47":1,"48":1,"49":1,"50":1,"51":1,"52":1,"53":1,"54":1,"55":1,"56":1,"57":1,"58":1,"59":1,"60":1,"61":1,"62":1,"63":1,"64":1,"65":1,"66":1,"67":1,"68":1,"69":1,"70":1,"71":1,"72":1,"73":1,"74":1,"75":1},"b":{},"f":{"1":1,"2":12,"3":1,"4":1,"5":1,"6":1,"7":1,"8":1,"9":2,"10":1,"11":1,"12":1,"13":1,"14":1,"15":1,"16":1,"17":1,"18":1,"19":1,"20":1,"21":1,"22":1,"23":1,"24":1,"25":1,"26":1,"27":1,"28":1,"29":1,"30":1,"31":1,"32":1,"33":1},"fnMap":{"1":{"name":"(anonymous_1)","line":3,"loc":{"start":{"line":3,"column":59},"end":{"line":3,"column":70}}},"2":{"name":"(anonymous_2)","line":5,"loc":{"start":{"line":5,"column":15},"end":{"line":5,"column":27}}},"3":{"name":"(anonymous_3)","line":13,"loc":{"start":{"line":13,"column":133},"end":{"line":13,"column":144}}},"4":{"name":"(anonymous_4)","line":17,"loc":{"start":{"line":17,"column":38},"end":{"line":17,"column":49}}},"5":{"name":"(anonymous_5)","line":19,"loc":{"start":{"line":19,"column":56},"end":{"line":19,"column":67}}},"6":{"name":"(anonymous_6)","line":20,"loc":{"start":{"line":20,"column":23},"end":{"line":20,"column":34}}},"7":{"name":"(anonymous_7)","line":26,"loc":{"start":{"line":26,"column":77},"end":{"line":26,"column":88}}},"8":{"name":"(anonymous_8)","line":33,"loc":{"start":{"line":33,"column":46},"end":{"line":33,"column":57}}},"9":{"name":"(anonymous_9)","line":34,"loc":{"start":{"line":34,"column":23},"end":{"line":34,"column":34}}},"10":{"name":"(anonymous_10)","line":38,"loc":{"start":{"line":38,"column":44},"end":{"line":38,"column":55}}},"11":{"name":"(anonymous_11)","line":39,"loc":{"start":{"line":39,"column":46},"end":{"line":39,"column":57}}},"12":{"name":"(anonymous_12)","line":47,"loc":{"start":{"line":47,"column":48},"end":{"line":47,"column":59}}},"13":{"name":"(anonymous_13)","line":48,"loc":{"start":{"line":48,"column":42},"end":{"line":48,"column":53}}},"14":{"name":"(anonymous_14)","line":50,"loc":{"start":{"line":50,"column":27},"end":{"line":50,"column":38}}},"15":{"name":"(anonymous_15)","line":55,"loc":{"start":{"line":55,"column":77},"end":{"line":55,"column":88}}},"16":{"name":"(anonymous_16)","line":56,"loc":{"start":{"line":56,"column":23},"end":{"line":56,"column":34}}},"17":{"name":"(anonymous_17)","line":63,"loc":{"start":{"line":63,"column":72},"end":{"line":63,"column":83}}},"18":{"name":"(anonymous_18)","line":70,"loc":{"start":{"line":70,"column":69},"end":{"line":70,"column":80}}},"19":{"name":"(anonymous_19)","line":71,"loc":{"start":{"line":71,"column":36},"end":{"line":71,"column":47}}},"20":{"name":"(anonymous_20)","line":81,"loc":{"start":{"line":81,"column":44},"end":{"line":81,"column":55}}},"21":{"name":"(anonymous_21)","line":82,"loc":{"start":{"line":82,"column":46},"end":{"line":82,"column":57}}},"22":{"name":"(anonymous_22)","line":83,"loc":{"start":{"line":83,"column":43},"end":{"line":83,"column":54}}},"23":{"name":"(anonymous_23)","line":85,"loc":{"start":{"line":85,"column":48},"end":{"line":85,"column":59}}},"24":{"name":"(anonymous_24)","line":86,"loc":{"start":{"line":86,"column":41},"end":{"line":86,"column":52}}},"25":{"name":"(anonymous_25)","line":88,"loc":{"start":{"line":88,"column":55},"end":{"line":88,"column":66}}},"26":{"name":"(anonymous_26)","line":89,"loc":{"start":{"line":89,"column":39},"end":{"line":89,"column":50}}},"27":{"name":"(anonymous_27)","line":92,"loc":{"start":{"line":92,"column":34},"end":{"line":92,"column":45}}},"28":{"name":"(anonymous_28)","line":93,"loc":{"start":{"line":93,"column":48},"end":{"line":93,"column":59}}},"29":{"name":"(anonymous_29)","line":94,"loc":{"start":{"line":94,"column":46},"end":{"line":94,"column":57}}},"30":{"name":"(anonymous_30)","line":96,"loc":{"start":{"line":96,"column":51},"end":{"line":96,"column":62}}},"31":{"name":"(anonymous_31)","line":97,"loc":{"start":{"line":97,"column":43},"end":{"line":97,"column":54}}},"32":{"name":"(anonymous_32)","line":99,"loc":{"start":{"line":99,"column":60},"end":{"line":99,"column":71}}},"33":{"name":"(anonymous_33)","line":100,"loc":{"start":{"line":100,"column":34},"end":{"line":100,"column":45}}}},"statementMap":{"1":{"start":{"line":1,"column":0},"end":{"line":1,"column":117}},"2":{"start":{"line":3,"column":0},"end":{"line":103,"column":3}},"3":{"start":{"line":4,"column":4},"end":{"line":4,"column":49}},"4":{"start":{"line":5,"column":4},"end":{"line":11,"column":7}},"5":{"start":{"line":6,"column":8},"end":{"line":7,"column":8}},"6":{"start":{"line":7,"column":8},"end":{"line":8,"column":8}},"7":{"start":{"line":8,"column":8},"end":{"line":8,"column":89}},"8":{"start":{"line":9,"column":8},"end":{"line":9,"column":69}},"9":{"start":{"line":10,"column":8},"end":{"line":10,"column":68}},"10":{"start":{"line":13,"column":4},"end":{"line":15,"column":7}},"11":{"start":{"line":14,"column":8},"end":{"line":14,"column":38}},"12":{"start":{"line":17,"column":4},"end":{"line":80,"column":7}},"13":{"start":{"line":18,"column":8},"end":{"line":18,"column":39}},"14":{"start":{"line":19,"column":8},"end":{"line":32,"column":11}},"15":{"start":{"line":20,"column":12},"end":{"line":25,"column":15}},"16":{"start":{"line":21,"column":16},"end":{"line":21,"column":27}},"17":{"start":{"line":22,"column":16},"end":{"line":22,"column":28}},"18":{"start":{"line":23,"column":16},"end":{"line":23,"column":42}},"19":{"start":{"line":24,"column":16},"end":{"line":24,"column":46}},"20":{"start":{"line":26,"column":12},"end":{"line":31,"column":15}},"21":{"start":{"line":27,"column":16},"end":{"line":27,"column":58}},"22":{"start":{"line":28,"column":16},"end":{"line":28,"column":67}},"23":{"start":{"line":29,"column":16},"end":{"line":29,"column":66}},"24":{"start":{"line":30,"column":16},"end":{"line":30,"column":54}},"25":{"start":{"line":33,"column":8},"end":{"line":54,"column":11}},"26":{"start":{"line":34,"column":12},"end":{"line":37,"column":15}},"27":{"start":{"line":35,"column":16},"end":{"line":35,"column":26}},"28":{"start":{"line":36,"column":16},"end":{"line":36,"column":42}},"29":{"start":{"line":38,"column":12},"end":{"line":46,"column":15}},"30":{"start":{"line":39,"column":16},"end":{"line":45,"column":19}},"31":{"start":{"line":40,"column":20},"end":{"line":40,"column":44}},"32":{"start":{"line":41,"column":20},"end":{"line":41,"column":56}},"33":{"start":{"line":42,"column":20},"end":{"line":42,"column":59}},"34":{"start":{"line":43,"column":20},"end":{"line":43,"column":56}},"35":{"start":{"line":44,"column":20},"end":{"line":44,"column":54}},"36":{"start":{"line":47,"column":12},"end":{"line":53,"column":15}},"37":{"start":{"line":48,"column":16},"end":{"line":52,"column":19}},"38":{"start":{"line":49,"column":20},"end":{"line":49,"column":36}},"39":{"start":{"line":50,"column":20},"end":{"line":50,"column":93}},"40":{"start":{"line":50,"column":40},"end":{"line":50,"column":70}},"41":{"start":{"line":51,"column":20},"end":{"line":51,"column":109}},"42":{"start":{"line":55,"column":8},"end":{"line":69,"column":11}},"43":{"start":{"line":56,"column":12},"end":{"line":62,"column":15}},"44":{"start":{"line":57,"column":16},"end":{"line":57,"column":31}},"45":{"start":{"line":58,"column":16},"end":{"line":58,"column":28}},"46":{"start":{"line":59,"column":16},"end":{"line":59,"column":27}},"47":{"start":{"line":60,"column":16},"end":{"line":60,"column":52}},"48":{"start":{"line":61,"column":16},"end":{"line":61,"column":46}},"49":{"start":{"line":63,"column":12},"end":{"line":68,"column":15}},"50":{"start":{"line":64,"column":16},"end":{"line":64,"column":58}},"51":{"start":{"line":65,"column":16},"end":{"line":65,"column":67}},"52":{"start":{"line":66,"column":16},"end":{"line":66,"column":66}},"53":{"start":{"line":67,"column":16},"end":{"line":67,"column":54}},"54":{"start":{"line":70,"column":8},"end":{"line":79,"column":11}},"55":{"start":{"line":71,"column":12},"end":{"line":78,"column":15}},"56":{"start":{"line":72,"column":16},"end":{"line":72,"column":28}},"57":{"start":{"line":73,"column":16},"end":{"line":73,"column":46}},"58":{"start":{"line":74,"column":16},"end":{"line":74,"column":58}},"59":{"start":{"line":75,"column":16},"end":{"line":75,"column":63}},"60":{"start":{"line":76,"column":16},"end":{"line":76,"column":60}},"61":{"start":{"line":77,"column":16},"end":{"line":77,"column":58}},"62":{"start":{"line":81,"column":4},"end":{"line":91,"column":7}},"63":{"start":{"line":82,"column":8},"end":{"line":84,"column":11}},"64":{"start":{"line":83,"column":12},"end":{"line":83,"column":58}},"65":{"start":{"line":85,"column":8},"end":{"line":87,"column":11}},"66":{"start":{"line":86,"column":12},"end":{"line":86,"column":56}},"67":{"start":{"line":88,"column":8},"end":{"line":91,"column":4}},"68":{"start":{"line":89,"column":12},"end":{"line":89,"column":55}},"69":{"start":{"line":92,"column":4},"end":{"line":102,"column":7}},"70":{"start":{"line":93,"column":8},"end":{"line":95,"column":11}},"71":{"start":{"line":94,"column":12},"end":{"line":94,"column":61}},"72":{"start":{"line":96,"column":8},"end":{"line":98,"column":11}},"73":{"start":{"line":97,"column":12},"end":{"line":97,"column":58}},"74":{"start":{"line":99,"column":8},"end":{"line":102,"column":4}},"75":{"start":{"line":100,"column":12},"end":{"line":100,"column":49}}},"branchMap":{}},"/Users/tsullivan/projects/HACKSGIVING/cqm-client/src/classes/coverage/general/coverage_totals_section_writer.js":{"path":"/Users/tsullivan/projects/HACKSGIVING/cqm-client/src/classes/coverage/general/coverage_totals_section_writer.js","s":{"1":1,"2":3157,"3":3150,"4":3150,"5":3150,"6":3150,"7":3150,"8":112,"9":112,"10":112,"11":112,"12":112,"13":3037,"14":3037,"15":3037,"16":3037,"17":3037,"18":1,"19":6299,"20":1,"21":3149,"22":1,"23":3149,"24":1,"25":6299,"26":1,"27":1,"28":6187,"29":6186,"30":3037,"31":1,"32":3262,"33":3261,"34":112,"35":1,"36":3149,"37":4,"38":0,"39":1,"40":6299,"41":6299,"42":3149},"b":{"1":[6299,3152,3149],"2":[3149,3149,3148],"3":[1,6298],"4":[6299,3149,3149],"5":[6186,1],"6":[6187,3],"7":[3037,3149],"8":[6186,6185],"9":[3261,1],"10":[112,3149],"11":[3261,3258],"12":[4,3145],"13":[0,4],"14":[4,1],"15":[6299,0],"16":[3149,3150],"17":[6299,6295],"18":[360,2789]},"f":{"1":3157,"2":3150,"3":112,"4":3037,"5":6299,"6":3149,"7":3149,"8":6299,"9":6187,"10":3262,"11":3149,"12":6299},"fnMap":{"1":{"name":"(anonymous_1)","line":1,"loc":{"start":{"line":1,"column":17},"end":{"line":1,"column":48}}},"2":{"name":"(anonymous_2)","line":3,"loc":{"start":{"line":3,"column":22},"end":{"line":3,"column":40}}},"3":{"name":"(anonymous_3)","line":10,"loc":{"start":{"line":10,"column":20},"end":{"line":10,"column":36}}},"4":{"name":"(anonymous_4)","line":17,"loc":{"start":{"line":17,"column":25},"end":{"line":17,"column":46}}},"5":{"name":"sufficientQuantitiesAreDefined","line":25,"loc":{"start":{"line":25,"column":4},"end":{"line":25,"column":46}}},"6":{"name":"mathDoesNotAddUp","line":28,"loc":{"start":{"line":28,"column":4},"end":{"line":28,"column":32}}},"7":{"name":"quantitiesAreNegative","line":31,"loc":{"start":{"line":31,"column":4},"end":{"line":31,"column":37}}},"8":{"name":"validate","line":34,"loc":{"start":{"line":34,"column":4},"end":{"line":34,"column":24}}},"9":{"name":"computeTotalIfPossibleAndNeeded","line":38,"loc":{"start":{"line":38,"column":4},"end":{"line":38,"column":47}}},"10":{"name":"computeNotCoveredIfPossibleAndNeeded","line":43,"loc":{"start":{"line":43,"column":4},"end":{"line":43,"column":52}}},"11":{"name":"computeCoveredIfIfPossibleAndNeeded","line":48,"loc":{"start":{"line":48,"column":4},"end":{"line":48,"column":51}}},"12":{"name":"computePercentIfPossibleAndNeeded","line":53,"loc":{"start":{"line":53,"column":4},"end":{"line":53,"column":49}}}},"statementMap":{"1":{"start":{"line":1,"column":0},"end":{"line":59,"column":0}},"2":{"start":{"line":2,"column":4},"end":{"line":25,"column":4}},"3":{"start":{"line":4,"column":12},"end":{"line":4,"column":42}},"4":{"start":{"line":5,"column":12},"end":{"line":5,"column":46}},"5":{"start":{"line":6,"column":12},"end":{"line":6,"column":51}},"6":{"start":{"line":7,"column":12},"end":{"line":7,"column":48}},"7":{"start":{"line":8,"column":12},"end":{"line":8,"column":23}},"8":{"start":{"line":11,"column":12},"end":{"line":11,"column":38}},"9":{"start":{"line":12,"column":12},"end":{"line":12,"column":50}},"10":{"start":{"line":13,"column":12},"end":{"line":13,"column":51}},"11":{"start":{"line":14,"column":12},"end":{"line":14,"column":48}},"12":{"start":{"line":15,"column":12},"end":{"line":15,"column":23}},"13":{"start":{"line":18,"column":12},"end":{"line":18,"column":46}},"14":{"start":{"line":19,"column":12},"end":{"line":19,"column":46}},"15":{"start":{"line":20,"column":12},"end":{"line":20,"column":50}},"16":{"start":{"line":21,"column":12},"end":{"line":21,"column":48}},"17":{"start":{"line":22,"column":12},"end":{"line":22,"column":23}},"18":{"start":{"line":25,"column":4},"end":{"line":27,"column":5}},"19":{"start":{"line":26,"column":8},"end":{"line":26,"column":115}},"20":{"start":{"line":28,"column":4},"end":{"line":30,"column":5}},"21":{"start":{"line":29,"column":8},"end":{"line":29,"column":81}},"22":{"start":{"line":31,"column":4},"end":{"line":33,"column":5}},"23":{"start":{"line":32,"column":8},"end":{"line":32,"column":94}},"24":{"start":{"line":34,"column":4},"end":{"line":37,"column":5}},"25":{"start":{"line":35,"column":8},"end":{"line":36,"column":122}},"26":{"start":{"line":36,"column":12},"end":{"line":36,"column":122}},"27":{"start":{"line":38,"column":4},"end":{"line":42,"column":5}},"28":{"start":{"line":39,"column":8},"end":{"line":41,"column":81}},"29":{"start":{"line":40,"column":12},"end":{"line":41,"column":81}},"30":{"start":{"line":41,"column":16},"end":{"line":41,"column":81}},"31":{"start":{"line":43,"column":4},"end":{"line":47,"column":5}},"32":{"start":{"line":44,"column":8},"end":{"line":46,"column":81}},"33":{"start":{"line":45,"column":12},"end":{"line":46,"column":81}},"34":{"start":{"line":46,"column":16},"end":{"line":46,"column":81}},"35":{"start":{"line":48,"column":4},"end":{"line":52,"column":5}},"36":{"start":{"line":49,"column":8},"end":{"line":51,"column":81}},"37":{"start":{"line":50,"column":12},"end":{"line":51,"column":81}},"38":{"start":{"line":51,"column":16},"end":{"line":51,"column":81}},"39":{"start":{"line":53,"column":4},"end":{"line":57,"column":5}},"40":{"start":{"line":54,"column":8},"end":{"line":56,"column":105}},"41":{"start":{"line":55,"column":12},"end":{"line":56,"column":105}},"42":{"start":{"line":56,"column":16},"end":{"line":56,"column":105}}},"branchMap":{"1":{"line":26,"type":"binary-expr","locations":[{"start":{"line":26,"column":15},"end":{"line":26,"column":43}},{"start":{"line":26,"column":47},"end":{"line":26,"column":77}},{"start":{"line":26,"column":81},"end":{"line":26,"column":114}}]},"2":{"line":32,"type":"binary-expr","locations":[{"start":{"line":32,"column":15},"end":{"line":32,"column":38}},{"start":{"line":32,"column":42},"end":{"line":32,"column":68}},{"start":{"line":32,"column":72},"end":{"line":32,"column":93}}]},"3":{"line":35,"type":"if","locations":[{"start":{"line":35,"column":8},"end":{"line":35,"column":8}},{"start":{"line":35,"column":8},"end":{"line":35,"column":8}}]},"4":{"line":35,"type":"binary-expr","locations":[{"start":{"line":35,"column":11},"end":{"line":35,"column":43}},{"start":{"line":35,"column":48},"end":{"line":35,"column":66}},{"start":{"line":35,"column":70},"end":{"line":35,"column":93}}]},"5":{"line":39,"type":"if","locations":[{"start":{"line":39,"column":8},"end":{"line":39,"column":8}},{"start":{"line":39,"column":8},"end":{"line":39,"column":8}}]},"6":{"line":39,"type":"binary-expr","locations":[{"start":{"line":39,"column":11},"end":{"line":39,"column":39}},{"start":{"line":39,"column":43},"end":{"line":39,"column":63}}]},"7":{"line":40,"type":"if","locations":[{"start":{"line":40,"column":12},"end":{"line":40,"column":12}},{"start":{"line":40,"column":12},"end":{"line":40,"column":12}}]},"8":{"line":40,"type":"binary-expr","locations":[{"start":{"line":40,"column":15},"end":{"line":40,"column":45}},{"start":{"line":40,"column":49},"end":{"line":40,"column":82}}]},"9":{"line":44,"type":"if","locations":[{"start":{"line":44,"column":8},"end":{"line":44,"column":8}},{"start":{"line":44,"column":8},"end":{"line":44,"column":8}}]},"10":{"line":45,"type":"if","locations":[{"start":{"line":45,"column":12},"end":{"line":45,"column":12}},{"start":{"line":45,"column":12},"end":{"line":45,"column":12}}]},"11":{"line":45,"type":"binary-expr","locations":[{"start":{"line":45,"column":15},"end":{"line":45,"column":45}},{"start":{"line":45,"column":49},"end":{"line":45,"column":77}}]},"12":{"line":49,"type":"if","locations":[{"start":{"line":49,"column":8},"end":{"line":49,"column":8}},{"start":{"line":49,"column":8},"end":{"line":49,"column":8}}]},"13":{"line":50,"type":"if","locations":[{"start":{"line":50,"column":12},"end":{"line":50,"column":12}},{"start":{"line":50,"column":12},"end":{"line":50,"column":12}}]},"14":{"line":50,"type":"binary-expr","locations":[{"start":{"line":50,"column":15},"end":{"line":50,"column":48}},{"start":{"line":50,"column":52},"end":{"line":50,"column":80}}]},"15":{"line":54,"type":"if","locations":[{"start":{"line":54,"column":8},"end":{"line":54,"column":8}},{"start":{"line":54,"column":8},"end":{"line":54,"column":8}}]},"16":{"line":55,"type":"if","locations":[{"start":{"line":55,"column":12},"end":{"line":55,"column":12}},{"start":{"line":55,"column":12},"end":{"line":55,"column":12}}]},"17":{"line":55,"type":"binary-expr","locations":[{"start":{"line":55,"column":15},"end":{"line":55,"column":45}},{"start":{"line":55,"column":49},"end":{"line":55,"column":77}}]},"18":{"line":56,"type":"cond-expr","locations":[{"start":{"line":56,"column":61},"end":{"line":56,"column":62}},{"start":{"line":56,"column":65},"end":{"line":56,"column":104}}]}}},"/Users/tsullivan/projects/HACKSGIVING/cqm-client/spec/unit/coverage/istanbul/istanbul_coverage_reporter_spec.js":{"path":"/Users/tsullivan/projects/HACKSGIVING/cqm-client/spec/unit/coverage/istanbul/istanbul_coverage_reporter_spec.js","s":{"1":1,"2":1,"3":1,"4":1,"5":17,"6":17,"7":17,"8":17,"9":17,"10":17,"11":17,"12":17,"13":17,"14":17,"15":17,"16":17,"17":17,"18":17,"19":17,"20":17,"21":17,"22":17,"23":17,"24":17,"25":17,"26":17,"27":1,"28":1,"29":1,"30":1,"31":1,"32":16,"33":16,"34":16,"35":1,"36":1,"37":1,"38":1,"39":1,"40":1,"41":1,"42":1,"43":1,"44":1,"45":1,"46":1,"47":1,"48":1,"49":1,"50":1,"51":1,"52":1,"53":1,"54":1,"55":1,"56":1,"57":1,"58":1,"59":1,"60":9,"61":9,"62":9,"63":1,"64":3,"65":3,"66":3,"67":3,"68":3,"69":3,"70":3,"71":3,"72":3,"73":3,"74":3,"75":1,"76":1,"77":3,"78":1,"79":1,"80":1,"81":3,"82":1,"83":1,"84":1,"85":3,"86":1},"b":{},"f":{"1":1,"2":17,"3":1,"4":1,"5":16,"6":1,"7":1,"8":1,"9":1,"10":1,"11":1,"12":1,"13":1,"14":1,"15":1,"16":9,"17":3,"18":3,"19":3,"20":3,"21":3,"22":3,"23":3,"24":1,"25":3,"26":1,"27":3,"28":1,"29":3},"fnMap":{"1":{"name":"(anonymous_1)","line":3,"loc":{"start":{"line":3,"column":37},"end":{"line":3,"column":48}}},"2":{"name":"(anonymous_2)","line":20,"loc":{"start":{"line":20,"column":15},"end":{"line":20,"column":26}}},"3":{"name":"(anonymous_3)","line":61,"loc":{"start":{"line":61,"column":121},"end":{"line":61,"column":132}}},"4":{"name":"(anonymous_4)","line":65,"loc":{"start":{"line":65,"column":53},"end":{"line":65,"column":64}}},"5":{"name":"(anonymous_5)","line":68,"loc":{"start":{"line":68,"column":19},"end":{"line":68,"column":30}}},"6":{"name":"(anonymous_6)","line":74,"loc":{"start":{"line":74,"column":95},"end":{"line":74,"column":106}}},"7":{"name":"(anonymous_7)","line":78,"loc":{"start":{"line":78,"column":89},"end":{"line":78,"column":100}}},"8":{"name":"(anonymous_8)","line":82,"loc":{"start":{"line":82,"column":111},"end":{"line":82,"column":122}}},"9":{"name":"(anonymous_9)","line":86,"loc":{"start":{"line":86,"column":102},"end":{"line":86,"column":113}}},"10":{"name":"(anonymous_10)","line":90,"loc":{"start":{"line":90,"column":101},"end":{"line":90,"column":112}}},"11":{"name":"(anonymous_11)","line":94,"loc":{"start":{"line":94,"column":140},"end":{"line":94,"column":151}}},"12":{"name":"(anonymous_12)","line":98,"loc":{"start":{"line":98,"column":56},"end":{"line":98,"column":67}}},"13":{"name":"(anonymous_13)","line":99,"loc":{"start":{"line":99,"column":134},"end":{"line":99,"column":145}}},"14":{"name":"(anonymous_14)","line":103,"loc":{"start":{"line":103,"column":46},"end":{"line":103,"column":75}}},"15":{"name":"(anonymous_15)","line":112,"loc":{"start":{"line":112,"column":48},"end":{"line":112,"column":59}}},"16":{"name":"(anonymous_16)","line":115,"loc":{"start":{"line":115,"column":23},"end":{"line":115,"column":34}}},"17":{"name":"expectExceptionBehavior","line":121,"loc":{"start":{"line":121,"column":12},"end":{"line":121,"column":47}}},"18":{"name":"(anonymous_18)","line":122,"loc":{"start":{"line":122,"column":90},"end":{"line":122,"column":101}}},"19":{"name":"(anonymous_19)","line":123,"loc":{"start":{"line":123,"column":27},"end":{"line":123,"column":38}}},"20":{"name":"(anonymous_20)","line":126,"loc":{"start":{"line":126,"column":92},"end":{"line":126,"column":103}}},"21":{"name":"(anonymous_21)","line":127,"loc":{"start":{"line":127,"column":27},"end":{"line":127,"column":38}}},"22":{"name":"(anonymous_22)","line":130,"loc":{"start":{"line":130,"column":53},"end":{"line":130,"column":64}}},"23":{"name":"(anonymous_23)","line":131,"loc":{"start":{"line":131,"column":27},"end":{"line":131,"column":38}}},"24":{"name":"(anonymous_24)","line":135,"loc":{"start":{"line":135,"column":43},"end":{"line":135,"column":54}}},"25":{"name":"(anonymous_25)","line":136,"loc":{"start":{"line":136,"column":27},"end":{"line":136,"column":38}}},"26":{"name":"(anonymous_26)","line":141,"loc":{"start":{"line":141,"column":40},"end":{"line":141,"column":51}}},"27":{"name":"(anonymous_27)","line":142,"loc":{"start":{"line":142,"column":27},"end":{"line":142,"column":38}}},"28":{"name":"(anonymous_28)","line":147,"loc":{"start":{"line":147,"column":55},"end":{"line":147,"column":66}}},"29":{"name":"(anonymous_29)","line":148,"loc":{"start":{"line":148,"column":27},"end":{"line":148,"column":38}}}},"statementMap":{"1":{"start":{"line":1,"column":0},"end":{"line":1,"column":111}},"2":{"start":{"line":3,"column":0},"end":{"line":155,"column":3}},"3":{"start":{"line":4,"column":4},"end":{"line":18,"column":30}},"4":{"start":{"line":20,"column":4},"end":{"line":59,"column":7}},"5":{"start":{"line":21,"column":8},"end":{"line":21,"column":82}},"6":{"start":{"line":22,"column":8},"end":{"line":22,"column":60}},"7":{"start":{"line":23,"column":8},"end":{"line":23,"column":58}},"8":{"start":{"line":24,"column":8},"end":{"line":24,"column":92}},"9":{"start":{"line":25,"column":8},"end":{"line":25,"column":40}},"10":{"start":{"line":26,"column":8},"end":{"line":26,"column":46}},"11":{"start":{"line":27,"column":8},"end":{"line":28,"column":8}},"12":{"start":{"line":28,"column":8},"end":{"line":28,"column":69}},"13":{"start":{"line":29,"column":8},"end":{"line":29,"column":95}},"14":{"start":{"line":30,"column":8},"end":{"line":30,"column":35}},"15":{"start":{"line":31,"column":8},"end":{"line":31,"column":34}},"16":{"start":{"line":32,"column":8},"end":{"line":32,"column":34}},"17":{"start":{"line":33,"column":8},"end":{"line":39,"column":10}},"18":{"start":{"line":40,"column":8},"end":{"line":40,"column":121}},"19":{"start":{"line":41,"column":8},"end":{"line":41,"column":104}},"20":{"start":{"line":42,"column":8},"end":{"line":42,"column":86}},"21":{"start":{"line":43,"column":8},"end":{"line":43,"column":91}},"22":{"start":{"line":44,"column":8},"end":{"line":44,"column":46}},"23":{"start":{"line":45,"column":8},"end":{"line":45,"column":52}},"24":{"start":{"line":46,"column":8},"end":{"line":46,"column":40}},"25":{"start":{"line":47,"column":8},"end":{"line":47,"column":131}},"26":{"start":{"line":49,"column":8},"end":{"line":58,"column":10}},"27":{"start":{"line":61,"column":4},"end":{"line":63,"column":7}},"28":{"start":{"line":62,"column":8},"end":{"line":62,"column":44}},"29":{"start":{"line":65,"column":4},"end":{"line":154,"column":7}},"30":{"start":{"line":66,"column":8},"end":{"line":66,"column":28}},"31":{"start":{"line":68,"column":8},"end":{"line":72,"column":11}},"32":{"start":{"line":69,"column":12},"end":{"line":70,"column":12}},"33":{"start":{"line":70,"column":12},"end":{"line":70,"column":67}},"34":{"start":{"line":71,"column":12},"end":{"line":71,"column":57}},"35":{"start":{"li
[...]
ine":5,"column":12},"end":{"line":8,"column":14}},"5":{"start":{"line":10,"column":12},"end":{"line":16,"column":14}},"6":{"start":{"line":18,"column":12},"end":{"line":28,"column":15}},"7":{"start":{"line":19,"column":16},"end":{"line":19,"column":41}},"8":{"start":{"line":20,"column":16},"end":{"line":20,"column":40}},"9":{"start":{"line":21,"column":16},"end":{"line":23,"column":19}},"10":{"start":{"line":22,"column":20},"end":{"line":22,"column":43}},"11":{"start":{"line":24,"column":16},"end":{"line":27,"column":19}},"12":{"start":{"line":25,"column":20},"end":{"line":25,"column":66}},"13":{"start":{"line":26,"column":20},"end":{"line":26,"column":44}},"14":{"start":{"line":30,"column":12},"end":{"line":32,"column":15}},"15":{"start":{"line":31,"column":16},"end":{"line":31,"column":24}},"16":{"start":{"line":34,"column":12},"end":{"line":34,"column":34}},"17":{"start":{"line":35,"column":12},"end":{"line":35,"column":22}}},"branchMap":{}},"/Users/tsullivan/projects/HACKSGIVING/cqm-client/src/scripts/run_cqm_client.js":{"path":"/Users/tsullivan/projects/HACKSGIVING/cqm-client/src/scripts/run_cqm_client.js","s":{"1":1,"2":1,"3":1},"b":{},"f":{},"fnMap":{},"statementMap":{"1":{"start":{"line":1,"column":0},"end":{"line":1,"column":58}},"2":{"start":{"line":2,"column":0},"end":{"line":2,"column":39}},"3":{"start":{"line":3,"column":0},"end":{"line":3,"column":24}}},"branchMap":{}},"/Users/tsullivan/projects/HACKSGIVING/cqm-client/src/objects/cqm_factory_object.js":{"path":"/Users/tsullivan/projects/HACKSGIVING/cqm-client/src/objects/cqm_factory_object.js","s":{"1":1,"2":1},"b":{},"f":{},"fnMap":{},"statementMap":{"1":{"start":{"line":1,"column":0},"end":{"line":20,"column":100}},"2":{"start":{"line":22,"column":0},"end":{"line":42,"column":2}}},"branchMap":{}},"/Users/tsullivan/projects/HACKSGIVING/cqm-client/src/objects/cqm_config_object.js":{"path":"/Users/tsullivan/projects/HACKSGIVING/cqm-client/src/objects/cqm_config_object.js","s":{"1":1},"b":{},"f":{},"fnMap":{},"statementMap":{"1":{"start":{"line":1,"column":0},"end":{"line":28,"column":0}}},"branchMap":{}},"/Users/tsullivan/projects/HACKSGIVING/cqm-client/src/objects/configuration_factory_object.js":{"path":"/Users/tsullivan/projects/HACKSGIVING/cqm-client/src/objects/configuration_factory_object.js","s":{"1":1,"2":1},"b":{},"f":{},"fnMap":{},"statementMap":{"1":{"start":{"line":1,"column":0},"end":{"line":8,"column":85}},"2":{"start":{"line":10,"column":0},"end":{"line":18,"column":2}}},"branchMap":{}},"/Users/tsullivan/projects/HACKSGIVING/cqm-client/src/classes/configuration/command_line_options.js":{"path":"/Users/tsullivan/projects/HACKSGIVING/cqm-client/src/classes/configuration/command_line_options.js","s":{"1":1,"2":2,"3":1,"4":1,"5":1},"b":{},"f":{"1":2,"2":1,"3":1,"4":1},"fnMap":{"1":{"name":"(anonymous_1)","line":1,"loc":{"start":{"line":1,"column":17},"end":{"line":1,"column":40}}},"2":{"name":"(anonymous_2)","line":3,"loc":{"start":{"line":3,"column":23},"end":{"line":3,"column":34}}},"3":{"name":"(anonymous_3)","line":6,"loc":{"start":{"line":6,"column":27},"end":{"line":6,"column":38}}},"4":{"name":"(anonymous_4)","line":9,"loc":{"start":{"line":9,"column":31},"end":{"line":9,"column":42}}}},"statementMap":{"1":{"start":{"line":1,"column":0},"end":{"line":14,"column":0}},"2":{"start":{"line":2,"column":4},"end":{"line":13,"column":0}},"3":{"start":{"line":4,"column":12},"end":{"line":4,"column":59}},"4":{"start":{"line":7,"column":12},"end":{"line":7,"column":50}},"5":{"start":{"line":10,"column":12},"end":{"line":10,"column":61}}},"branchMap":{}},"/Users/tsullivan/projects/HACKSGIVING/cqm-client/src/classes/configuration/job_configuration.js":{"path":"/Users/tsullivan/projects/HACKSGIVING/cqm-client/src/classes/configuration/job_configuration.js","s":{"1":1,"2":3,"3":3,"4":0,"5":6,"6":0,"7":4},"b":{"1":[3,0]},"f":{"1":3,"2":3,"3":0,"4":6,"5":0,"6":4},"fnMap":{"1":{"name":"(anonymous_1)","line":1,"loc":{"start":{"line":1,"column":17},"end":{"line":1,"column":55}}},"2":{"name":"(anonymous_2)","line":3,"loc":{"start":{"line":3,"column":14},"end":{"line":3,"column":25}}},"3":{"name":"(anonymous_3)","line":6,"loc":{"start":{"line":6,"column":14},"end":{"line":6,"column":25}}},"4":{"name":"(anonymous_4)","line":9,"loc":{"start":{"line":9,"column":14},"end":{"line":9,"column":25}}},"5":{"name":"(anonymous_5)","line":12,"loc":{"start":{"line":12,"column":18},"end":{"line":12,"column":29}}},"6":{"name":"(anonymous_6)","line":15,"loc":{"start":{"line":15,"column":24},"end":{"line":15,"column":44}}}},"statementMap":{"1":{"start":{"line":1,"column":0},"end":{"line":20,"column":0}},"2":{"start":{"line":2,"column":4},"end":{"line":19,"column":0}},"3":{"start":{"line":4,"column":12},"end":{"line":4,"column":107}},"4":{"start":{"line":7,"column":12},"end":{"line":7,"column":38}},"5":{"start":{"line":10,"column":12},"end":{"line":10,"column":38}},"6":{"start":{"line":13,"column":12},"end":{"line":13,"column":82}},"7":{"start":{"line":16,"column":12},"end":{"line":16,"column":44}}},"branchMap":{"1":{"line":4,"type":"cond-expr","locations":[{"start":{"line":4,"column":82},"end":{"line":4,"column":100}},{"start":{"line":4,"column":103},"end":{"line":4,"column":105}}]}}},"/Users/tsullivan/projects/HACKSGIVING/cqm-client/src/classes/coverage/istanbul/istanbul_coverage_reporter_exception.js":{"path":"/Users/tsullivan/projects/HACKSGIVING/cqm-client/src/classes/coverage/istanbul/istanbul_coverage_reporter_exception.js","s":{"1":1,"2":0,"3":0},"b":{},"f":{"1":0},"fnMap":{"1":{"name":"(anonymous_1)","line":1,"loc":{"start":{"line":1,"column":17},"end":{"line":1,"column":75}}}},"statementMap":{"1":{"start":{"line":1,"column":0},"end":{"line":13,"column":0}},"2":{"start":{"line":2,"column":4},"end":{"line":10,"column":17}},"3":{"start":{"line":11,"column":4},"end":{"line":11,"column":30}}},"branchMap":{}},"/Users/tsullivan/projects/HACKSGIVING/cqm-client/src/classes/coverage/general/coverage_report_writer.js":{"path":"/Users/tsullivan/projects/HACKSGIVING/cqm-client/src/classes/coverage/general/coverage_report_writer.js","s":{"1":1,"2":889,"3":873,"4":872,"5":3150,"6":3149,"7":5,"8":1,"9":4,"10":1,"11":4023,"12":3,"13":4021,"14":4021,"15":4021},"b":{"1":[1,4],"2":[3,4020]},"f":{"1":889,"2":873,"3":3150,"4":5,"5":4023},"fnMap":{"1":{"name":"(anonymous_1)","line":1,"loc":{"start":{"line":1,"column":17},"end":{"line":1,"column":97}}},"2":{"name":"(anonymous_2)","line":3,"loc":{"start":{"line":3,"column":33},"end":{"line":3,"column":55}}},"3":{"name":"(anonymous_3)","line":7,"loc":{"start":{"line":7,"column":31},"end":{"line":7,"column":53}}},"4":{"name":"(anonymous_4)","line":11,"loc":{"start":{"line":11,"column":35},"end":{"line":11,"column":66}}},"5":{"name":"writeNewSection","line":16,"loc":{"start":{"line":16,"column":4},"end":{"line":16,"column":59}}}},"statementMap":{"1":{"start":{"line":1,"column":0},"end":{"line":25,"column":0}},"2":{"start":{"line":2,"column":4},"end":{"line":16,"column":4}},"3":{"start":{"line":4,"column":12},"end":{"line":4,"column":74}},"4":{"start":{"line":5,"column":12},"end":{"line":5,"column":64}},"5":{"start":{"line":8,"column":12},"end":{"line":8,"column":73}},"6":{"start":{"line":9,"column":12},"end":{"line":9,"column":71}},"7":{"start":{"line":12,"column":12},"end":{"line":12,"column":163}},"8":{"start":{"line":12,"column":84},"end":{"line":12,"column":163}},"9":{"start":{"line":13,"column":12},"end":{"line":13,"column":88}},"10":{"start":{"line":16,"column":4},"end":{"line":23,"column":5}},"11":{"start":{"line":17,"column":8},"end":{"line":19,"column":9}},"12":{"start":{"line":18,"column":12},"end":{"line":18,"column":147}},"13":{"start":{"line":20,"column":8},"end":{"line":20,"column":74}},"14":{"start":{"line":21,"column":8},"end":{"line":21,"column":64}},"15":{"start":{"line":22,"column":8},"end":{"line":22,"column":39}}},"branchMap":{"1":{"line":12,"type":"if","locations":[{"start":{"line":12,"column":12},"end":{"line":12,"column":12}},{"start":{"line":12,"column":12},"end":{"line":12,"column":12}}]},"2":{"line":17,"type":"if","locations":[{"start":{"line":17,"column":8},"end":{"line":17,"column":8}},{"start":{"line":17,"column":8},"end":{"line":17,"column":8}}]}}},"/Users/tsullivan/projects/HACKSGIVING/cqm-client/src/classes/coverage/general/invalid_coverage_numbers_exception.js":{"path":"/Users/tsullivan/projects/HACKSGIVING/cqm-client/src/classes/coverage/general/invalid_coverage_numbers_exception.js","s":{"1":1,"2":0,"3":0},"b":{},"f":{"1":0},"fnMap":{"1":{"name":"(anonymous_1)","line":1,"loc":{"start":{"line":1,"column":17},"end":{"line":1,"column":55}}}},"statementMap":{"1":{"start":{"line":1,"column":0},"end":{"line":13,"column":0}},"2":{"start":{"line":2,"column":4},"end":{"line":10,"column":17}},"3":{"start":{"line":11,"column":4},"end":{"line":11,"column":30}}},"branchMap":{}},"/Users/tsullivan/projects/HACKSGIVING/cqm-client/src/classes/cqm/cqm_client.js":{"path":"/Users/tsullivan/projects/HACKSGIVING/cqm-client/src/classes/cqm/cqm_client.js","s":{"1":1,"2":15,"3":11,"4":11,"5":11,"6":1,"7":13,"8":11,"9":11,"10":13,"11":11,"12":13},"b":{"1":[13,10]},"f":{"1":15,"2":11,"3":13,"4":13,"5":13},"fnMap":{"1":{"name":"(anonymous_1)","line":1,"loc":{"start":{"line":1,"column":17},"end":{"line":1,"column":70}}},"2":{"name":"(anonymous_2)","line":3,"loc":{"start":{"line":3,"column":21},"end":{"line":3,"column":32}}},"3":{"name":"shouldRunJob","line":7,"loc":{"start":{"line":7,"column":12},"end":{"line":7,"column":45}}},"4":{"name":"(anonymous_4)","line":11,"loc":{"start":{"line":11,"column":43},"end":{"line":11,"column":68}}},"5":{"name":"(anonymous_5)","line":15,"loc":{"start":{"line":15,"column":25},"end":{"line":15,"column":39}}}},"statementMap":{"1":{"start":{"line":1,"column":0},"end":{"line":21,"column":0}},"2":{"start":{"line":2,"column":4},"end":{"line":20,"column":0}},"3":{"start":{"line":4,"column":12},"end":{"line":4,"column":67}},"4":{"start":{"line":5,"column":12},"end":{"line":5,"column":75}},"5":{"start":{"line":6,"column":12},"end":{"line":6,"column":56}},"6":{"start":{"line":7,"column":12},"end":{"line":9,"column":13}},"7":{"start":{"line":8,"column":16},"end":{"line":8,"column":115}},"8":{"start":{"line":10,"column":12},"end":{"line":10,"column":66}},"9":{"start":{"line":11,"column":12},"end":{"line":13,"column":15}},"10":{"start":{"line":12,"column":16},"end":{"line":12,"column":51}},"11":{"start":{"line":15,"column":12},"end":{"line":17,"column":15}},"12":{"start":{"line":16,"column":16},"end":{"line":16,"column":30}}},"branchMap":{"1":{"line":8,"type":"binary-expr","locations":[{"start":{"line":8,"column":23},"end":{"line":8,"column":66}},{"start":{"line":8,"column":70},"end":{"line":8,"column":114}}]}}},"/Users/tsullivan/projects/HACKSGIVING/cqm-client/src/classes/cqm/report_sender.js":{"path":"/Users/tsullivan/projects/HACKSGIVING/cqm-client/src/classes/cqm/report_sender.js","s":{"1":1,"2":3,"3":3},"b":{},"f":{"1":3,"2":3},"fnMap":{"1":{"name":"(anonymous_1)","line":1,"loc":{"start":{"line":1,"column":17},"end":{"line":1,"column":76}}},"2":{"name":"(anonymous_2)","line":3,"loc":{"start":{"line":3,"column":20},"end":{"line":3,"column":32}}}},"statementMap":{"1":{"start":{"line":1,"column":0},"end":{"line":8,"column":0}},"2":{"start":{"line":2,"column":4},"end":{"line":7,"column":0}},"3":{"start":{"line":4,"column":12},"end":{"line":4,"column":70}}},"branchMap":{}},"/Users/tsullivan/projects/HACKSGIVING/cqm-client/src/classes/coverage/ecl_emma/ecl_emma_class_coverage_reporter.js":{"path":"/Users/tsullivan/projects/HACKSGIVING/cqm-client/src/classes/coverage/ecl_emma/ecl_emma_class_coverage_reporter.js","s":{"1":1,"2":5,"3":761,"4":761,"5":3040},"b":{},"f":{"1":5,"2":761,"3":3040},"fnMap":{"1":{"name":"(anonymous_1)","line":1,"loc":{"start":{"line":1,"column":17},"end":{"line":1,"column":53}}},"2":{"name":"(anonymous_2)","line":3,"loc":{"start":{"line":3,"column":30},"end":{"line":3,"column":100}}},"3":{"name":"(anonymous_3)","line":5,"loc":{"start":{"line":5,"column":46},"end":{"line":5,"column":81}}}},"statementMap":{"1":{"start":{"line":1,"column":0},"end":{"line":11,"column":0}},"2":{"start":{"line":2,"column":4},"end":{"line":10,"column":0}},"3":{"start":{"line":4,"column":12},"end":{"line":4,"column":132}},"4":{"start":{"line":5,"column":12},"end":{"line":7,"column":15}},"5":{"start":{"line":6,"column":16},"end":{"line":6,"column":118}}},"branchMap":{}},"/Users/tsullivan/projects/HACKSGIVING/cqm-client/src/classes/coverage/ecl_emma/ecl_emma_granular_coverage_reporter.js":{"path":"/Users/tsullivan/projects/HACKSGIVING/cqm-client/src/classes/coverage/ecl_emma/ecl_emma_granular_coverage_reporter.js","s":{"1":1,"2":11,"3":3039,"4":3039,"5":3039},"b":{},"f":{"1":11,"2":3039},"fnMap":{"1":{"name":"(anonymous_1)","line":1,"loc":{"start":{"line":1,"column":17},"end":{"line":1,"column":77}}},"2":{"name":"(anonymous_2)","line":3,"loc":{"start":{"line":3,"column":32},"end":{"line":3,"column":95}}}},"statementMap":{"1":{"start":{"line":1,"column":0},"end":{"line":10,"column":0}},"2":{"start":{"line":2,"column":4},"end":{"line":9,"column":0}},"3":{"start":{"line":4,"column":12},"end":{"line":4,"column":109}},"4":{"start":{"line":5,"column":12},"end":{"line":5,"column":98}},"5":{"start":{"line":6,"column":12},"end":{"line":6,"column":104}}},"branchMap":{}},"/Users/tsullivan/projects/HACKSGIVING/cqm-client/src/classes/coverage/ecl_emma/ecl_emma_coverage_reporter.js":{"path":"/Users/tsullivan/projects/HACKSGIVING/cqm-client/src/classes/coverage/ecl_emma/ecl_emma_coverage_reporter.js","s":{"1":1,"2":13,"3":6,"4":6,"5":6,"6":6,"7":6,"8":769,"9":6},"b":{},"f":{"1":13,"2":6,"3":769},"fnMap":{"1":{"name":"(anonymous_1)","line":1,"loc":{"start":{"line":1,"column":17},"end":{"line":7,"column":18}}},"2":{"name":"(anonymous_2)","line":9,"loc":{"start":{"line":9,"column":24},"end":{"line":9,"column":56}}},"3":{"name":"(anonymous_3)","line":14,"loc":{"start":{"line":14,"column":47},"end":{"line":14,"column":83}}}},"statementMap":{"1":{"start":{"line":1,"column":0},"end":{"line":23,"column":0}},"2":{"start":{"line":8,"column":4},"end":{"line":22,"column":0}},"3":{"start":{"line":10,"column":12},"end":{"line":10,"column":89}},"4":{"start":{"line":11,"column":12},"end":{"line":11,"column":127}},"5":{"start":{"line":12,"column":12},"end":{"line":13,"column":12}},"6":{"start":{"line":13,"column":12},"end":{"line":13,"column":116}},"7":{"start":{"line":14,"column":12},"end":{"line":16,"column":15}},"8":{"start":{"line":15,"column":16},"end":{"line":15,"column":127}},"9":{"start":{"line":17,"column":12},"end":{"line":17,"column":83}}},"branchMap":{}},"/Users/tsullivan/projects/HACKSGIVING/cqm-client/src/classes/cqm/coverage_job.js":{"path":"/Users/tsullivan/projects/HACKSGIVING/cqm-client/src/classes/cqm/coverage_job.js","s":{"1":1,"2":3,"3":3,"4":3},"b":{},"f":{"1":3,"2":3},"fnMap":{"1":{"name":"(anonymous_1)","line":1,"loc":{"start":{"line":1,"column":17},"end":{"line":1,"column":80}}},"2":{"name":"(anonymous_2)","line":3,"loc":{"start":{"line":3,"column":17},"end":{"line":3,"column":28}}}},"statementMap":{"1":{"start":{"line":1,"column":0},"end":{"line":9,"column":0}},"2":{"start":{"line":2,"column":4},"end":{"line":8,"column":0}},"3":{"start":{"line":4,"column":12},"end":{"line":4,"column":66}},"4":{"start":{"line":5,"column":12},"end":{"line":5,"column":38}}},"branchMap":{}},"/Users/tsullivan/projects/HACKSGIVING/cqm-client/src/classes/coverage/simplecov/simplecov_coverage_reporter.js":{"path":"/Users/tsullivan/projects/HACKSGIVING/cqm-client/src/classes/coverage/simplecov/simplecov_coverage_reporter.js","s":{"1":1,"2":1,"3":1,"4":1,"5":1,"6":1,"7":105,"8":105,"9":105,"10":105,"11":105,"12":105,"13":11432,"14":5048,"15":6384,"16":5738,"17":6384,"18":105,"19":105},"b":{"1":[5048,6384],"2":[5738,646]},"f":{"1":1,"2":1,"3":11432},"fnMap":{"1":{"name":"(anonymous_1)","line":1,"loc":{"start":{"line":1,"column":17},"end":{"line":5,"column":2}}},"2":{"name":"(anonymous_2)","line":7,"loc":{"start":{"line":7,"column":24},"end":{"line":7,"column":56}}},"3":{"name":"(anonymous_3)","line":17,"loc":{"start":{"line":17,"column":38},"end":{"line":17,"column":61}}}},"statementMap":{"1":{"start":{"line":1,"column":0},"end":{"line":28,"column":0}},"2":{"start":{"line":6,"column":4},"end":{"line":27,"column":0}},"3":{"start":{"line":8,"column":12},"end":{"line":8,"column":82}},"4":{"start":{"line":9,"column":12},"end":{"line":9,"column":100}},"5":{"start":{"line":10,"column":12},"end":{"line":10,"column":68}},"6":{"start":{"line":11,"column":12},"end":{"line":24,"column":13}},"7":{"start":{"line":12,"column":16},"end":{"line":12,"column":94}},"8":{"start":{"line":13,"column":16},"end":{"line":13,"column":101}},"9":{"start":{"line":14,"column":16},"end":{"line":14,"column":59}},"10":{"start":{"line":15,"column":16},"end":{"line":15,"column":37}},"11":{"start":{"line":16,"column":16},"end":{"line":16,"column":38}},"12":{"start":{"line":17,"column":16},"end":{"line":21,"column":19}},"13":{"start":{"line":18,"column":20},"end":{"line":18,"column":50}},"14":{"start":{"line":18,"column":43},"end":{"line":18,"column":50}},"15":{"start":{"line":19,"column":20},"end":{"line":19,"column":54}},"16":{"start":{"line":19,"column":39},"end":{"line":19,"column":54}},"17":{"start":{"line":20,"column":20},"end":{"line":20,"column":36}},"18":{"start":{"line":22,"column":16},"end":{"line":22,"column":63}},"19":{"start":{"line":23,"column":16},"end":{"line":23,"column":62}}},"branchMap":{"1":{"line":18,"type":"if","locations":[{"start":{"line":18,"column":20},"end":{"line":18,"column":20}},{"start":{"line":18,"column":20},"end":{"line":18,"column":20}}]},"2":{"line":19,"type":"if","locations":[{"start":{"line":19,"column":20},"end":{"line":19,"column":20}},{"start":{"line":19,"column":20},"end":{"line":19,"column":20}}]}}},"/Users/tsullivan/projects/HACKSGIVING/cqm-client/src/classes/coverage/ecl_emma/ecl_emma_coverage_csv_parser.js":{"path":"/Users/tsullivan/projects/HACKSGIVING/cqm-client/src/classes/coverage/ecl_emma/ecl_emma_coverage_csv_parser.js","s":{"1":1,"2":29,"3":6,"4":6,"5":6,"6":6,"7":2,"8":7,"9":1522,"10":762,"11":760,"12":759,"13":759},"b":{},"f":{"1":29,"2":6,"3":2,"4":7,"5":1522,"6":762,"7":760,"8":759},"fnMap":{"1":{"name":"(anonymous_1)","line":1,"loc":{"start":{"line":1,"column":17},"end":{"line":1,"column":49}}},"2":{"name":"(anonymous_2)","line":3,"loc":{"start":{"line":3,"column":42},"end":{"line":3,"column":82}}},"3":{"name":"(anonymous_3)","line":9,"loc":{"start":{"line":9,"column":17},"end":{"line":9,"column":50}}},"4":{"name":"(anonymous_4)","line":12,"loc":{"start":{"line":12,"column":31},"end":{"line":12,"column":58}}},"5":{"name":"(anonymous_5)","line":15,"loc":{"start":{"line":15,"column":20},"end":{"line":15,"column":34}}},"6":{"name":"(anonymous_6)","line":18,"loc":{"start":{"line":18,"column":21},"end":{"line":18,"column":35}}},"7":{"name":"(anonymous_7)","line":21,"loc":{"start":{"line":21,"column":16},"end":{"line":21,"column":34}}},"8":{"name":"(anonymous_8)","line":24,"loc":{"start":{"line":24,"column":18},"end":{"line":24,"column":32}}}},"statementMap":{"1":{"start":{"line":1,"column":0},"end":{"line":42,"column":0}},"2":{"start":{"line":2,"column":4},"end":{"line":41,"column":0}},"3":{"start":{"line":4,"column":12},"end":{"line":4,"column":79}},"4":{"start":{"line":5,"column":12},"end":{"line":5,"column":57}},"5":{"start":{"line":6,"column":12},"end":{"line":6,"column":88}},"6":{"start":{"line":7,"column":12},"end":{"line":7,"column":66}},"7":{"start":{"line":10,"column":12},"end":{"line":10,"column":84}},"8":{"start":{"line":13,"column":12},"end":{"line":13,"column":37}},"9":{"start":{"line":16,"column":12},"end":{"line":16,"column":68}},"10":{"start":{"line":19,"column":12},"end":{"line":19,"column":121}},"11":{"start":{"line":22,"column":12},"end":{"line":22,"column":168}},"12":{"start":{"line":25,"column":12},"end":{"line":25,"column":47}},"13":{"start":{"line":26,"column":12},"end":{"line":39,"column":8}}},"branchMap":{}}}