TN:
SF:/Users/tsullivan/projects/HACKSGIVING/cqm-client/spec/system/cqm_system_test_spec.js
FN:12,(anonymous_1)
FN:14,(anonymous_2)
FN:18,(anonymous_3)
FN:20,getExpectedJSON
FNF:4
FNH:4
FNDA:1,(anonymous_1)
FNDA:1,(anonymous_2)
FNDA:1,(anonymous_3)
FNDA:3,getExpectedJSON
DA:1,1
DA:2,1
DA:3,1
DA:5,1
DA:6,1
DA:7,1
DA:8,1
DA:9,1
DA:10,1
DA:12,1
DA:13,1
DA:14,1
DA:15,1
DA:16,1
DA:18,1
DA:20,1
DA:21,3
DA:23,1
DA:24,1
DA:25,1
DA:27,1
DA:29,1
DA:31,1
DA:32,1
DA:34,1
DA:35,1
DA:36,1
DA:37,1
DA:38,1
DA:40,1
DA:42,1
DA:43,1
DA:44,1
LF:33
LH:33
BRF:0
BRH:0
end_of_record
TN:
SF:/Users/tsullivan/projects/HACKSGIVING/cqm-client/spec/unit/configuration/configuration_factory_spec.js
FN:3,(anonymous_1)
FN:14,(anonymous_2)
FN:36,(anonymous_3)
FN:48,(anonymous_4)
FN:49,(anonymous_5)
FN:58,(anonymous_6)
FN:59,(anonymous_7)
FNF:7
FNH:7
FNDA:1,(anonymous_1)
FNDA:3,(anonymous_2)
FNDA:1,(anonymous_3)
FNDA:1,(anonymous_4)
FNDA:1,(anonymous_5)
FNDA:1,(anonymous_6)
FNDA:1,(anonymous_7)
DA:1,1
DA:3,1
DA:4,1
DA:14,1
DA:15,3
DA:16,3
DA:17,3
DA:18,3
DA:19,3
DA:20,3
DA:22,3
DA:32,3
DA:33,3
DA:36,1
DA:37,1
DA:48,1
DA:49,1
DA:50,1
DA:51,1
DA:52,1
DA:53,1
DA:54,1
DA:58,1
DA:59,1
DA:60,1
DA:61,1
DA:62,1
DA:63,1
DA:64,1
LF:29
LH:29
BRF:0
BRH:0
end_of_record
TN:
SF:/Users/tsullivan/projects/HACKSGIVING/cqm-client/src/classes/configuration/configuration_factory.js
FN:1,(anonymous_1)
FN:11,(anonymous_2)
FN:14,(anonymous_3)
FN:18,(anonymous_4)
FN:21,(anonymous_5)
FNF:5
FNH:5
FNDA:4,(anonymous_1)
FNDA:2,(anonymous_2)
FNDA:1,(anonymous_3)
FNDA:9,(anonymous_4)
FNDA:3,(anonymous_5)
DA:1,1
DA:10,4
DA:12,2
DA:15,1
DA:16,1
DA:17,1
DA:18,9
DA:19,1
DA:22,3
LF:9
LH:9
BRF:0
BRH:0
end_of_record
TN:
SF:/Users/tsullivan/projects/HACKSGIVING/cqm-client/spec/unit/configuration/configuration_spec.js
FN:3,(anonymous_1)
FN:4,(anonymous_2)
FNF:2
FNH:2
FNDA:1,(anonymous_1)
FNDA:1,(anonymous_2)
DA:1,1
DA:3,1
DA:4,1
DA:5,1
DA:6,1
LF:5
LH:5
BRF:0
BRH:0
end_of_record
TN:
SF:/Users/tsullivan/projects/HACKSGIVING/cqm-client/src/classes/configuration/configuration.js
FN:1,(anonymous_1)
FN:3,(anonymous_2)
FN:6,(anonymous_3)
FN:9,(anonymous_4)
FN:12,(anonymous_5)
FN:15,(anonymous_6)
FN:18,(anonymous_7)
FN:19,(anonymous_8)
FNF:8
FNH:6
FNDA:2,(anonymous_1)
FNDA:3,(anonymous_2)
FNDA:3,(anonymous_3)
FNDA:3,(anonymous_4)
FNDA:0,(anonymous_5)
FNDA:0,(anonymous_6)
FNDA:1,(anonymous_7)
FNDA:3,(anonymous_8)
DA:1,1
DA:2,2
DA:4,3
DA:7,3
DA:10,3
DA:13,0
DA:16,0
DA:19,1
DA:20,3
DA:22,1
LF:10
LH:8
BRF:0
BRH:0
end_of_record
TN:
SF:/Users/tsullivan/projects/HACKSGIVING/cqm-client/spec/unit/configuration/invalid_command_exception_spec.js
FN:3,(anonymous_1)
FN:4,(anonymous_2)
FN:6,(anonymous_3)
FN:12,(anonymous_4)
FN:15,(anonymous_5)
FN:18,(anonymous_6)
FNF:6
FNH:6
FNDA:1,(anonymous_1)
FNDA:1,(anonymous_2)
FNDA:3,(anonymous_3)
FNDA:1,(anonymous_4)
FNDA:1,(anonymous_5)
FNDA:1,(anonymous_6)
DA:1,1
DA:3,1
DA:4,1
DA:5,1
DA:6,1
DA:7,3
DA:8,3
DA:9,3
DA:10,3
DA:12,1
DA:13,1
DA:15,1
DA:16,1
DA:18,1
DA:19,1
LF:15
LH:15
BRF:0
BRH:0
end_of_record
TN:
SF:/Users/tsullivan/projects/HACKSGIVING/cqm-client/src/classes/configuration/invalid_command_exception.js
FN:1,(anonymous_1)
FNF:1
FNH:1
FNDA:3,(anonymous_1)
DA:1,1
DA:2,3
DA:7,3
LF:3
LH:3
BRF:0
BRH:0
end_of_record
TN:
SF:/Users/tsullivan/projects/HACKSGIVING/cqm-client/spec/unit/configuration/invalid_configuration_option_exception_spec.js
FN:3,(anonymous_1)
FN:4,(anonymous_2)
FN:6,(anonymous_3)
FN:10,(anonymous_4)
FN:13,(anonymous_5)
FNF:5
FNH:5
FNDA:1,(anonymous_1)
FNDA:1,(anonymous_2)
FNDA:2,(anonymous_3)
FNDA:1,(anonymous_4)
FNDA:1,(anonymous_5)
DA:1,1
DA:3,1
DA:4,1
DA:5,1
DA:6,1
DA:7,2
DA:8,2
DA:10,1
DA:11,1
DA:13,1
DA:14,1
LF:11
LH:11
BRF:0
BRH:0
end_of_record
TN:
SF:/Users/tsullivan/projects/HACKSGIVING/cqm-client/src/classes/configuration/invalid_configuration_option_exception.js
FN:1,(anonymous_1)
FNF:1
FNH:1
FNDA:2,(anonymous_1)
DA:1,1
DA:2,2
LF:2
LH:2
BRF:0
BRH:0
end_of_record
TN:
SF:/Users/tsullivan/projects/HACKSGIVING/cqm-client/spec/unit/configuration/job_configuration_spec.js
FN:1,(anonymous_1)
FNF:1
FNH:0
FNDA:0,(anonymous_1)
DA:1,1
DA:2,0
LF:2
LH:1
BRF:0
BRH:0
end_of_record
TN:
SF:/Users/tsullivan/projects/HACKSGIVING/cqm-client/spec/unit/coverage/ecl_emma/ecl_emma_class_coverage_reporter_spec.js
FN:1,(anonymous_1)
FN:5,(anonymous_2)
FN:11,(anonymous_3)
FN:15,(anonymous_4)
FN:23,(anonymous_5)
FN:30,(anonymous_6)
FN:34,(anonymous_7)
FN:35,(anonymous_8)
FN:37,(anonymous_9)
FN:47,(anonymous_10)
FN:50,(anonymous_11)
FN:51,(anonymous_12)
FNF:12
FNH:12
FNDA:1,(anonymous_1)
FNDA:6,(anonymous_2)
FNDA:1,(anonymous_3)
FNDA:1,(anonymous_4)
FNDA:4,(anonymous_5)
FNDA:1,(anonymous_6)
FNDA:1,(anonymous_7)
FNDA:1,(anonymous_8)
FNDA:2,(anonymous_9)
FNDA:1,(anonymous_10)
FNDA:1,(anonymous_11)
FNDA:1,(anonymous_12)
DA:1,1
DA:2,1
DA:3,1
DA:5,1
DA:6,6
DA:9,1
DA:11,1
DA:12,1
DA:15,1
DA:16,1
DA:18,1
DA:23,1
DA:24,4
DA:25,4
DA:26,4
DA:27,4
DA:30,1
DA:31,1
DA:34,1
DA:35,1
DA:36,1
DA:37,1
DA:38,2
DA:39,2
DA:42,2
DA:43,2
DA:44,2
DA:45,2
DA:47,1
DA:48,1
DA:50,1
DA:51,1
DA:52,1
DA:53,1
LF:34
LH:34
BRF:0
BRH:0
end_of_record
TN:
SF:/Users/tsullivan/projects/HACKSGIVING/cqm-client/spec/unit/coverage/ecl_emma/ecl_emma_coverage_csv_parser_spec.js
FN:1,(anonymous_1)
FN:5,(anonymous_2)
FN:11,(anonymous_3)
FN:15,(anonymous_4)
FN:16,(anonymous_5)
FN:43,(anonymous_6)
FN:71,(anonymous_7)
FN:75,(anonymous_8)
FN:76,(anonymous_9)
FN:77,(anonymous_10)
FN:81,(anonymous_11)
FN:82,(anonymous_12)
FN:88,(anonymous_13)
FN:89,(anonymous_14)
FN:93,(anonymous_15)
FN:94,(anonymous_16)
FN:95,(anonymous_17)
FN:99,(anonymous_18)
FN:100,(anonymous_19)
FN:105,(anonymous_20)
FN:107,(anonymous_21)
FN:112,(anonymous_22)
FN:113,(anonymous_23)
FN:116,(anonymous_24)
FN:117,(anonymous_25)
FN:120,(anonymous_26)
FN:121,(anonymous_27)
FN:128,(anonymous_28)
FN:130,(anonymous_29)
FN:137,(anonymous_30)
FN:145,(anonymous_31)
FN:148,(anonymous_32)
FN:151,(anonymous_33)
FN:154,(anonymous_34)
FN:160,(anonymous_35)
FN:166,(anonymous_36)
FNF:36
FNH:36
FNDA:1,(anonymous_1)
FNDA:30,(anonymous_2)
FNDA:1,(anonymous_3)
FNDA:1,(anonymous_4)
FNDA:1,(anonymous_5)
FNDA:28,(anonymous_6)
FNDA:1,(anonymous_7)
FNDA:1,(anonymous_8)
FNDA:1,(anonymous_9)
FNDA:1,(anonymous_10)
FNDA:1,(anonymous_11)
FNDA:1,(anonymous_12)
FNDA:1,(anonymous_13)
FNDA:1,(anonymous_14)
FNDA:1,(anonymous_15)
FNDA:1,(anonymous_16)
FNDA:1,(anonymous_17)
FNDA:1,(anonymous_18)
FNDA:1,(anonymous_19)
FNDA:1,(anonymous_20)
FNDA:1,(anonymous_21)
FNDA:1,(anonymous_22)
FNDA:1,(anonymous_23)
FNDA:1,(anonymous_24)
FNDA:1,(anonymous_25)
FNDA:1,(anonymous_26)
FNDA:1,(anonymous_27)
FNDA:1,(anonymous_28)
FNDA:5,(anonymous_29)
FNDA:15,(anonymous_30)
FNDA:10,(anonymous_31)
FNDA:1,(anonymous_32)
FNDA:1,(anonymous_33)
FNDA:1,(anonymous_34)
FNDA:1,(anonymous_35)
FNDA:1,(anonymous_36)
DA:1,1
DA:2,1
DA:3,1
DA:5,1
DA:6,30
DA:9,1
DA:11,1
DA:12,1
DA:15,1
DA:16,1
DA:17,1
DA:18,1
DA:19,1
DA:20,1
DA:21,1
DA:22,1
DA:23,1
DA:24,1
DA:25,1
DA:26,1
DA:27,1
DA:28,1
DA:29,1
DA:30,1
DA:31,1
DA:32,1
DA:35,1
DA:43,1
DA:44,28
DA:45,28
DA:46,28
DA:47,28
DA:48,28
DA:49,28
DA:68,28
DA:71,1
DA:72,1
DA:75,1
DA:76,1
DA:77,1
DA:78,1
DA:81,1
DA:82,1
DA:83,1
DA:84,1
DA:85,1
DA:88,1
DA:89,1
DA:90,1
DA:93,1
DA:94,1
DA:95,1
DA:96,1
DA:99,1
DA:100,1
DA:101,1
DA:105,1
DA:106,1
DA:107,1
DA:108,1
DA:109,1
DA:110,1
DA:112,1
DA:113,1
DA:114,1
DA:116,1
DA:117,1
DA:118,1
DA:120,1
DA:121,1
DA:122,1
DA:128,1
DA:129,1
DA:130,1
DA:131,5
DA:132,5
DA:133,5
DA:134,5
DA:135,5
DA:136,5
DA:137,5
DA:138,15
DA:139,15
DA:140,10
DA:141,5
DA:142,0
DA:144,5
DA:145,10
DA:146,5
DA:148,1
DA:149,1
DA:151,1
DA:152,1
DA:154,1
DA:155,1
DA:156,1
DA:157,1
DA:158,1
DA:160,1
DA:161,1
DA:162,1
DA:163,1
DA:164,1
DA:166,1
DA:167,1
LF:105
LH:104
BRDA:138,1,0,0
BRDA:138,1,1,15
BRDA:139,2,0,5
BRDA:139,2,1,10
BRDA:140,3,0,5
BRDA:140,3,1,5
BRDA:141,4,0,5
BRDA:141,4,1,0
BRF:8
BRH:6
end_of_record
TN:
SF:/Users/tsullivan/projects/HACKSGIVING/cqm-client/spec/unit/coverage/ecl_emma/ecl_emma_coverage_reporter_spec.js
FN:1,(anonymous_1)
FN:5,(anonymous_2)
FN:11,(anonymous_3)
FN:15,(anonymous_4)
FN:35,(anonymous_5)
FN:57,(anonymous_6)
FN:61,(anonymous_7)
FN:62,(anonymous_8)
FN:64,(anonymous_9)
FN:68,(anonymous_10)
FN:75,(anonymous_11)
FN:78,(anonymous_12)
FN:81,(anonymous_13)
FN:84,(anonymous_14)
FN:85,(anonymous_15)
FN:90,(anonymous_16)
FNF:16
FNH:16
FNDA:1,(anonymous_1)
FNDA:14,(anonymous_2)
FNDA:1,(anonymous_3)
FNDA:1,(anonymous_4)
FNDA:12,(anonymous_5)
FNDA:1,(anonymous_6)
FNDA:1,(anonymous_7)
FNDA:1,(anonymous_8)
FNDA:5,(anonymous_9)
FNDA:10,(anonymous_10)
FNDA:1,(anonymous_11)
FNDA:1,(anonymous_12)
FNDA:1,(anonymous_13)
FNDA:1,(anonymous_14)
FNDA:1,(anonymous_15)
FNDA:1,(anonymous_16)
DA:1,1
DA:2,1
DA:3,1
DA:5,1
DA:6,14
DA:9,1
DA:11,1
DA:12,1
DA:15,1
DA:16,1
DA:17,1
DA:18,1
DA:19,1
DA:20,1
DA:21,1
DA:23,1
DA:35,1
DA:36,12
DA:37,12
DA:38,12
DA:39,12
DA:40,12
DA:41,12
DA:42,12
DA:43,12
DA:44,12
DA:45,12
DA:46,12
DA:47,12
DA:48,12
DA:57,1
DA:58,1
DA:61,1
DA:62,1
DA:63,1
DA:64,1
DA:65,5
DA:66,5
DA:67,5
DA:68,5
DA:69,10
DA:70,5
DA:71,0
DA:73,5
DA:75,1
DA:76,1
DA:78,1
DA:79,1
DA:81,1
DA:82,1
DA:84,1
DA:85,1
DA:86,1
DA:87,1
DA:90,1
DA:91,1
LF:56
LH:55
BRDA:69,1,0,5
BRDA:69,1,1,5
BRDA:70,2,0,5
BRDA:70,2,1,0
BRF:4
BRH:3
end_of_record
TN:
SF:/Users/tsullivan/projects/HACKSGIVING/cqm-client/spec/unit/coverage/ecl_emma/ecl_emma_granular_coverage_reporter_spec.js
FN:1,(anonymous_1)
FN:5,(anonymous_2)
FN:11,(anonymous_3)
FN:15,(anonymous_4)
FN:24,(anonymous_5)
FN:31,(anonymous_6)
FN:35,(anonymous_7)
FN:36,(anonymous_8)
FN:38,(anonymous_9)
FN:50,(anonymous_10)
FN:53,(anonymous_11)
FN:54,(anonymous_12)
FN:57,(anonymous_13)
FNF:13
FNH:13
FNDA:1,(anonymous_1)
FNDA:9,(anonymous_2)
FNDA:1,(anonymous_3)
FNDA:1,(anonymous_4)
FNDA:7,(anonymous_5)
FNDA:1,(anonymous_6)
FNDA:1,(anonymous_7)
FNDA:1,(anonymous_8)
FNDA:3,(anonymous_9)
FNDA:1,(anonymous_10)
FNDA:1,(anonymous_11)
FNDA:1,(anonymous_12)
FNDA:1,(anonymous_13)
DA:1,1
DA:2,1
DA:3,1
DA:5,1
DA:6,9
DA:9,1
DA:11,1
DA:12,1
DA:15,1
DA:16,1
DA:17,1
DA:18,1
DA:19,1
DA:24,1
DA:25,7
DA:26,7
DA:27,7
DA:28,7
DA:31,1
DA:32,1
DA:35,1
DA:36,1
DA:37,1
DA:38,1
DA:39,3
DA:40,3
DA:41,3
DA:45,3
DA:46,3
DA:47,3
DA:48,3
DA:50,1
DA:51,1
DA:53,1
DA:54,1
DA:55,1
DA:57,1
DA:58,1
LF:38
LH:38
BRF:0
BRH:0
end_of_record
TN:
SF:/Users/tsullivan/projects/HACKSGIVING/cqm-client/spec/unit/coverage/general/coverage_report_writer_spec.js
FN:1,(anonymous_1)
FN:5,(anonymous_2)
FN:12,(anonymous_3)
FN:16,(anonymous_4)
FN:19,(anonymous_5)
FN:37,(anonymous_6)
FN:41,(anonymous_7)
FN:42,(anonymous_8)
FN:44,(anonymous_9)
FN:47,(anonymous_10)
FN:48,(anonymous_11)
FN:51,(anonymous_12)
FN:52,(anonymous_13)
FN:55,(anonymous_14)
FN:56,(anonymous_15)
FN:59,(anonymous_16)
FN:62,(anonymous_17)
FN:68,describeNewSectionBehavior
FN:69,(anonymous_19)
FN:71,(anonymous_20)
FN:74,(anonymous_21)
FN:75,(anonymous_22)
FN:78,(anonymous_23)
FN:79,(anonymous_24)
FN:82,(anonymous_25)
FN:84,(anonymous_26)
FN:91,(anonymous_27)
FN:94,(anonymous_28)
FN:97,(anonymous_29)
FN:100,(anonymous_30)
FNF:30
FNH:30
FNDA:1,(anonymous_1)
FNDA:21,(anonymous_2)
FNDA:1,(anonymous_3)
FNDA:1,(anonymous_4)
FNDA:18,(anonymous_5)
FNDA:1,(anonymous_6)
FNDA:1,(anonymous_7)
FNDA:1,(anonymous_8)
FNDA:3,(anonymous_9)
FNDA:1,(anonymous_10)
FNDA:1,(anonymous_11)
FNDA:1,(anonymous_12)
FNDA:1,(anonymous_13)
FNDA:1,(anonymous_14)
FNDA:2,(anonymous_15)
FNDA:1,(anonymous_16)
FNDA:1,(anonymous_17)
FNDA:2,describeNewSectionBehavior
FNDA:2,(anonymous_19)
FNDA:10,(anonymous_20)
FNDA:2,(anonymous_21)
FNDA:2,(anonymous_22)
FNDA:2,(anonymous_23)
FNDA:2,(anonymous_24)
FNDA:2,(anonymous_25)
FNDA:8,(anonymous_26)
FNDA:2,(anonymous_27)
FNDA:2,(anonymous_28)
FNDA:2,(anonymous_29)
FNDA:2,(anonymous_30)
DA:1,1
DA:2,1
DA:3,1
DA:5,1
DA:6,21
DA:9,1
DA:10,1
DA:12,1
DA:13,1
DA:16,1
DA:17,1
DA:19,1
DA:20,18
DA:21,18
DA:29,18
DA:30,18
DA:33,1
DA:34,1
DA:35,1
DA:36,1
DA:37,1
DA:38,1
DA:41,1
DA:42,1
DA:43,1
DA:44,1
DA:45,3
DA:47,1
DA:48,1
DA:49,1
DA:51,1
DA:52,1
DA:55,1
DA:56,1
DA:57,2
DA:59,1
DA:60,1
DA:62,1
DA:63,1
DA:68,1
DA:69,2
DA:70,2
DA:71,2
DA:72,10
DA:74,2
DA:75,2
DA:76,2
DA:78,2
DA:79,2
DA:82,2
DA:83,2
DA:84,2
DA:85,8
DA:86,8
DA:87,8
DA:88,8
DA:89,8
DA:91,2
DA:92,2
DA:94,2
DA:95,2
DA:97,2
DA:98,2
DA:100,2
DA:101,2
DA:108,1
DA:109,1
LF:67
LH:67
BRF:0
BRH:0
end_of_record
TN:
SF:/Users/tsullivan/projects/HACKSGIVING/cqm-client/spec/unit/coverage/general/coverage_totals_section_writer_spec.js
FN:3,(anonymous_1)
FN:5,(anonymous_2)
FN:13,(anonymous_3)
FN:17,(anonymous_4)
FN:19,(anonymous_5)
FN:20,(anonymous_6)
FN:26,(anonymous_7)
FN:33,(anonymous_8)
FN:34,(anonymous_9)
FN:38,(anonymous_10)
FN:39,(anonymous_11)
FN:47,(anonymous_12)
FN:48,(anonymous_13)
FN:50,(anonymous_14)
FN:55,(anonymous_15)
FN:56,(anonymous_16)
FN:63,(anonymous_17)
FN:70,(anonymous_18)
FN:71,(anonymous_19)
FN:81,(anonymous_20)
FN:82,(anonymous_21)
FN:83,(anonymous_22)
FN:85,(anonymous_23)
FN:86,(anonymous_24)
FN:88,(anonymous_25)
FN:89,(anonymous_26)
FN:92,(anonymous_27)
FN:93,(anonymous_28)
FN:94,(anonymous_29)
FN:96,(anonymous_30)
FN:97,(anonymous_31)
FN:99,(anonymous_32)
FN:100,(anonymous_33)
FNF:33
FNH:33
FNDA:1,(anonymous_1)
FNDA:12,(anonymous_2)
FNDA:1,(anonymous_3)
FNDA:1,(anonymous_4)
FNDA:1,(anonymous_5)
FNDA:1,(anonymous_6)
FNDA:1,(anonymous_7)
FNDA:1,(anonymous_8)
FNDA:2,(anonymous_9)
FNDA:1,(anonymous_10)
FNDA:1,(anonymous_11)
FNDA:1,(anonymous_12)
FNDA:1,(anonymous_13)
FNDA:1,(anonymous_14)
FNDA:1,(anonymous_15)
FNDA:1,(anonymous_16)
FNDA:1,(anonymous_17)
FNDA:1,(anonymous_18)
FNDA:1,(anonymous_19)
FNDA:1,(anonymous_20)
FNDA:1,(anonymous_21)
FNDA:1,(anonymous_22)
FNDA:1,(anonymous_23)
FNDA:1,(anonymous_24)
FNDA:1,(anonymous_25)
FNDA:1,(anonymous_26)
FNDA:1,(anonymous_27)
FNDA:1,(anonymous_28)
FNDA:1,(anonymous_29)
FNDA:1,(anonymous_30)
FNDA:1,(anonymous_31)
FNDA:1,(anonymous_32)
FNDA:1,(anonymous_33)
DA:1,1
DA:3,1
DA:4,1
DA:5,1
DA:6,12
DA:7,12
DA:8,12
DA:9,12
DA:10,12
DA:13,1
DA:14,1
DA:17,1
DA:18,1
DA:19,1
DA:20,1
DA:21,1
DA:22,1
DA:23,1
DA:24,1
DA:26,1
DA:27,1
DA:28,1
DA:29,1
DA:30,1
DA:33,1
DA:34,1
DA:35,2
DA:36,2
DA:38,1
DA:39,1
DA:40,1
DA:41,1
DA:42,1
DA:43,1
DA:44,1
DA:47,1
DA:48,1
DA:49,1
DA:50,1
DA:51,1
DA:55,1
DA:56,1
DA:57,1
DA:58,1
DA:59,1
DA:60,1
DA:61,1
DA:63,1
DA:64,1
DA:65,1
DA:66,1
DA:67,1
DA:70,1
DA:71,1
DA:72,1
DA:73,1
DA:74,1
DA:75,1
DA:76,1
DA:77,1
DA:81,1
DA:82,1
DA:83,1
DA:85,1
DA:86,1
DA:88,1
DA:89,1
DA:92,1
DA:93,1
DA:94,1
DA:96,1
DA:97,1
DA:99,1
DA:100,1
LF:74
LH:74
BRF:0
BRH:0
end_of_record
TN:
SF:/Users/tsullivan/projects/HACKSGIVING/cqm-client/src/classes/coverage/general/coverage_totals_section_writer.js
FN:1,(anonymous_1)
FN:3,(anonymous_2)
FN:10,(anonymous_3)
FN:17,(anonymous_4)
FN:25,sufficientQuantitiesAreDefined
FN:28,mathDoesNotAddUp
FN:31,quantitiesAreNegative
FN:34,validate
FN:38,computeTotalIfPossibleAndNeeded
FN:43,computeNotCoveredIfPossibleAndNeeded
FN:48,computeCoveredIfIfPossibleAndNeeded
FN:53,computePercentIfPossibleAndNeeded
FNF:12
FNH:12
FNDA:3157,(anonymous_1)
FNDA:3150,(anonymous_2)
FNDA:112,(anonymous_3)
FNDA:3037,(anonymous_4)
FNDA:6299,sufficientQuantitiesAreDefined
FNDA:3149,mathDoesNotAddUp
FNDA:3149,quantitiesAreNegative
FNDA:6299,validate
FNDA:6187,computeTotalIfPossibleAndNeeded
FNDA:3262,computeNotCoveredIfPossibleAndNeeded
FNDA:3149,computeCoveredIfIfPossibleAndNeeded
FNDA:6299,computePercentIfPossibleAndNeeded
DA:1,1
DA:2,3157
DA:4,3150
DA:5,3150
DA:6,3150
DA:7,3150
DA:8,3150
DA:11,112
DA:12,112
DA:13,112
DA:14,112
DA:15,112
DA:18,3037
DA:19,3037
DA:20,3037
DA:21,3037
DA:22,3037
DA:25,1
DA:26,6299
DA:28,1
DA:29,3149
DA:31,1
DA:32,3149
DA:34,1
DA:35,6299
DA:36,1
DA:38,1
DA:39,6187
DA:40,6186
DA:41,3037
DA:43,1
DA:44,3262
DA:45,3261
DA:46,112
DA:48,1
DA:49,3149
DA:50,4
DA:51,0
DA:53,1
DA:54,6299
DA:55,6299
DA:56,3149
LF:42
LH:41
BRDA:26,1,0,6299
BRDA:26,1,1,3152
BRDA:26,1,2,3149
BRDA:32,2,0,3149
BRDA:32,2,1,3149
BRDA:32,2,2,3148
BRDA:35,3,0,1
BRDA:35,3,1,6298
BRDA:35,4,0,6299
BRDA:35,4,1,3149
BRDA:35,4,2,3149
BRDA:39,5,0,6186
BRDA:39,5,1,1
BRDA:39,6,0,6187
BRDA:39,6,1,3
BRDA:40,7,0,3037
BRDA:40,7,1,3149
BRDA:40,8,0,6186
BRDA:40,8,1,6185
BRDA:44,9,0,3261
BRDA:44,9,1,1
BRDA:45,10,0,112
BRDA:45,10,1,3149
BRDA:45,11,0,3261
BRDA:45,11,1,3258
BRDA:49,12,0,4
BRDA:49,12,1,3145
BRDA:50,13,0,0
BRDA:50,13,1,4
BRDA:50,14,0,4
BRDA:50,14,1,1
BRDA:54,15,0,6299
BRDA:54,15,1,0
BRDA:55,16,0,3149
BRDA:55,16,1,3150
BRDA:55,17,0,6299
BRDA:55,17,1,6295
BRDA:56,18,0,360
BRDA:56,18,1,2789
BRF:39
BRH:37
end_of_record
TN:
SF:/Users/tsullivan/projects/HACKSGIVING/cqm-client/spec/unit/coverage/istanbul/istanbul_coverage_reporter_spec.js
FN:3,(anonymous_1)
FN:20,(anonymous_2)
FN:61,(anonymous_3)
FN:65,(anonymous_4)
FN:68,(anonymous_5)
FN:74,(anonymous_6)
FN:78,(anonymous_7)
FN:82,(anonymous_8)
FN:86,(anonymous_9)
FN:90,(anonymous_10)
FN:94,(anonymous_11)
FN:98,(anonymous_12)
FN:99,(anonymous_13)
FN:103,(anonymous_14)
FN:112,(anonymous_15)
FN:115,(anonymous_16)
FN:121,expectExceptionBehavior
FN:122,(anonymous_18)
FN:123,(anonymous_19)
FN:126,(anonymous_20)
FN:127,(anonymous_21)
FN:130,(anonymous_22)
FN:131,(anonymous_23)
FN:135,(anonymous_24)
FN:136,(anonymous_25)
FN:141,(anonymous_26)
FN:142,(anonymous_27)
FN:147,(anonymous_28)
FN:148,(anonymous_29)
FNF:29
FNH:29
FNDA:1,(anonymous_1)
FNDA:17,(anonymous_2)
FNDA:1,(anonymous_3)
FNDA:1,(anonymous_4)
FNDA:16,(anonymous_5)
FNDA:1,(anonymous_6)
FNDA:1,(anonymous_7)
FNDA:1,(anonymous_8)
FNDA:1,(anonymous_9)
FNDA:1,(anonymous_10)
FNDA:1,(anonymous_11)
FNDA:1,(anonymous_12)
FNDA:1,(anonymous_13)
FNDA:1,(anonymous_14)
FNDA:1,(anonymous_15)
FNDA:9,(anonymous_16)
FNDA:3,expectExceptionBehavior
FNDA:3,(anonymous_18)
FNDA:3,(anonymous_19)
FNDA:3,(anonymous_20)
FNDA:3,(anonymous_21)
FNDA:3,(anonymous_22)
FNDA:3,(anonymous_23)
FNDA:1,(anonymous_24)
FNDA:3,(anonymous_25)
FNDA:1,(anonymous_26)
FNDA:3,(anonymous_27)
FNDA:1,(anonymous_28)
FNDA:3,(anonymous_29)
DA:1,1
DA:3,1
DA:4,1
DA:20,1
DA:21,17
DA:22,17
DA:23,17
DA:24,17
DA:25,17
DA:26,17
DA:27,17
DA:28,17
DA:29,17
DA:30,17
DA:31,17
DA:32,17
DA:33,17
DA:40,17
DA:41,17
DA:42,17
DA:43,17
DA:44,17
DA:45,17
DA:46,17
DA:47,17
DA:49,17
DA:61,1
DA:62,1
DA:65,1
DA:66,1
DA:68,1
DA:69,16
DA:70,16
DA:71,16
DA:74,1
DA:75,1
DA:78,1
DA:79,1
DA:82,1
DA:83,1
DA:86,1
DA:87,1
DA:90,1
DA:91,1
DA:94,1
DA:95,1
DA:98,1
DA:99,1
DA:100,1
DA:101,1
DA:102,1
DA:103,1
DA:104,1
DA:106,1
DA:107,1
DA:108,1
DA:112,1
DA:113,1
DA:115,1
DA:116,9
DA:117,9
DA:118,9
DA:121,1
DA:122,3
DA:123,3
DA:124,3
DA:126,3
DA:127,3
DA:128,3
DA:130,3
DA:131,3
DA:135,1
DA:136,1
DA:137,3
DA:139,1
DA:141,1
DA:142,1
DA:143,3
DA:145,1
DA:147,1
DA:148,1
DA:149,3
DA:151,1
LF:83
LH:83
BRF:0
BRH:0
end_of_record
TN:
SF:/Users/tsullivan/projects/HACKSGIVING/cqm-client/src/classes/coverage/istanbul/istanbul_coverage_reporter.js
FN:1,(anonymous_1)
FN:11,(anonymous_2)
FN:17,(anonymous_3)
FNF:3
FNH:3
FNDA:18,(anonymous_1)
FNDA:27,(anonymous_2)
FNDA:6,(anonymous_3)
DA:1,1
DA:10,18
DA:12,27
DA:13,27
DA:14,24
DA:15,21
DA:16,18
DA:17,18
DA:18,6
DA:20,18
DA:23,9
LF:11
LH:11
BRF:0
BRH:0
end_of_record
TN:
SF:/Users/tsullivan/projects/HACKSGIVING/cqm-client/spec/unit/coverage/istanbul/istanbul_coverage_section_reporter_spec.js
FN:3,(anonymous_1)
FN:6,(anonymous_2)
FN:17,(anonymous_3)
FN:21,(anonymous_4)
FN:23,(anonymous_5)
FN:29,(anonymous_6)
FN:30,(anonymous_7)
FN:33,(anonymous_8)
FN:38,(anonymous_9)
FN:39,(anonymous_10)
FN:43,(anonymous_11)
FN:46,(anonymous_12)
FN:49,(anonymous_13)
FN:52,(anonymous_14)
FN:55,(anonymous_15)
FNF:15
FNH:15
FNDA:1,(anonymous_1)
FNDA:7,(anonymous_2)
FNDA:1,(anonymous_3)
FNDA:1,(anonymous_4)
FNDA:6,(anonymous_5)
FNDA:1,(anonymous_6)
FNDA:1,(anonymous_7)
FNDA:1,(anonymous_8)
FNDA:1,(anonymous_9)
FNDA:5,(anonymous_10)
FNDA:1,(anonymous_11)
FNDA:1,(anonymous_12)
FNDA:1,(anonymous_13)
FNDA:1,(anonymous_14)
FNDA:1,(anonymous_15)
DA:1,1
DA:3,1
DA:4,1
DA:6,1
DA:7,7
DA:8,7
DA:9,7
DA:10,7
DA:11,7
DA:12,7
DA:13,7
DA:14,7
DA:17,1
DA:18,1
DA:21,1
DA:22,1
DA:23,1
DA:24,6
DA:25,6
DA:26,6
DA:27,6
DA:29,1
DA:30,1
DA:31,1
DA:33,1
DA:34,1
DA:35,1
DA:38,1
DA:39,1
DA:40,5
DA:41,5
DA:43,1
DA:44,1
DA:46,1
DA:47,1
DA:49,1
DA:50,1
DA:52,1
DA:53,1
DA:55,1
DA:56,1
LF:41
LH:41
BRF:0
BRH:0
end_of_record
TN:
SF:/Users/tsullivan/projects/HACKSGIVING/cqm-client/src/classes/coverage/istanbul/istanbul_coverage_section_reporter.js
FN:1,(anonymous_1)
FN:3,(anonymous_2)
FNF:2
FNH:2
FNDA:8,(anonymous_1)
FNDA:11,(anonymous_2)
DA:1,1
DA:2,8
DA:4,11
DA:5,9
DA:6,9
DA:7,9
DA:8,9
DA:9,9
DA:10,9
DA:11,9
DA:13,9
DA:14,9
LF:12
LH:12
BRDA:4,1,0,2
BRDA:4,1,1,9
BRF:2
BRH:2
end_of_record
TN:
SF:/Users/tsullivan/projects/HACKSGIVING/cqm-client/spec/unit/cqm/cqm_client_spec.js
FN:1,(anonymous_1)
FN:5,(anonymous_2)
FN:11,(anonymous_3)
FN:15,(anonymous_4)
FN:26,(anonymous_5)
FN:34,(anonymous_6)
FN:38,(anonymous_7)
FN:39,(anonymous_8)
FN:53,(anonymous_9)
FN:63,(anonymous_10)
FN:77,(anonymous_11)
FN:81,(anonymous_12)
FN:87,(anonymous_13)
FN:90,(anonymous_14)
FN:93,(anonymous_15)
FN:96,(anonymous_16)
FN:97,(anonymous_17)
FN:101,(anonymous_18)
FN:106,(anonymous_19)
FN:107,(anonymous_20)
FN:110,(anonymous_21)
FN:113,(anonymous_22)
FN:117,(anonymous_23)
FN:118,(anonymous_24)
FN:121,(anonymous_25)
FNF:25
FNH:25
FNDA:1,(anonymous_1)
FNDA:16,(anonymous_2)
FNDA:1,(anonymous_3)
FNDA:1,(anonymous_4)
FNDA:14,(anonymous_5)
FNDA:1,(anonymous_6)
FNDA:1,(anonymous_7)
FNDA:1,(anonymous_8)
FNDA:10,(anonymous_9)
FNDA:10,(anonymous_10)
FNDA:10,(anonymous_11)
FNDA:10,(anonymous_12)
FNDA:1,(anonymous_13)
FNDA:1,(anonymous_14)
FNDA:1,(anonymous_15)
FNDA:1,(anonymous_16)
FNDA:1,(anonymous_17)
FNDA:1,(anonymous_18)
FNDA:1,(anonymous_19)
FNDA:1,(anonymous_20)
FNDA:1,(anonymous_21)
FNDA:1,(anonymous_22)
FNDA:1,(anonymous_23)
FNDA:1,(anonymous_24)
FNDA:1,(anonymous_25)
DA:1,1
DA:2,1
DA:3,1
DA:5,1
DA:6,16
DA:9,1
DA:11,1
DA:12,1
DA:15,1
DA:16,1
DA:17,1
DA:18,1
DA:20,1
DA:26,1
DA:27,14
DA:28,14
DA:29,14
DA:30,14
DA:31,14
DA:34,1
DA:35,1
DA:38,1
DA:39,1
DA:40,1
DA:53,1
DA:54,10
DA:55,10
DA:56,10
DA:57,10
DA:58,10
DA:59,10
DA:60,10
DA:61,10
DA:62,10
DA:63,10
DA:64,10
DA:66,10
DA:67,10
DA:68,10
DA:69,10
DA:70,10
DA:71,10
DA:72,10
DA:73,10
DA:74,10
DA:75,10
DA:76,10
DA:77,10
DA:78,10
DA:79,10
DA:81,10
DA:82,10
DA:83,10
DA:85,10
DA:87,1
DA:88,1
DA:90,1
DA:91,1
DA:93,1
DA:94,1
DA:96,1
DA:97,1
DA:98,1
DA:99,1
DA:101,1
DA:102,1
DA:103,1
DA:106,1
DA:107,1
DA:108,1
DA:110,1
DA:111,1
DA:113,1
DA:114,1
DA:117,1
DA:118,1
DA:119,1
DA:121,1
DA:122,1
LF:79
LH:79
BRF:0
BRH:0
end_of_record
TN:
SF:/Users/tsullivan/projects/HACKSGIVING/cqm-client/spec/unit/cqm/cqm_factory_spec.js
FN:3,(anonymous_1)
FN:25,(anonymous_2)
FN:69,(anonymous_3)
FNF:3
FNH:3
FNDA:1,(anonymous_1)
FNDA:1,(anonymous_2)
FNDA:1,(anonymous_3)
DA:1,1
DA:3,1
DA:4,1
DA:25,1
DA:26,1
DA:27,1
DA:28,1
DA:31,1
DA:32,1
DA:33,1
DA:34,1
DA:35,1
DA:36,1
DA:37,1
DA:38,1
DA:39,1
DA:40,1
DA:41,1
DA:42,1
DA:43,1
DA:44,1
DA:46,1
DA:69,1
DA:70,1
LF:24
LH:24
BRF:0
BRH:0
end_of_record
TN:
SF:/Users/tsullivan/projects/HACKSGIVING/cqm-client/src/classes/cqm/cqm_factory.js
FN:1,(anonymous_1)
FN:23,(anonymous_2)
FN:26,(anonymous_3)
FN:35,(anonymous_4)
FN:38,(anonymous_5)
FN:47,(anonymous_6)
FN:50,(anonymous_7)
FN:64,(anonymous_8)
FN:68,(anonymous_9)
FN:71,(anonymous_10)
FN:80,(anonymous_11)
FN:87,(anonymous_12)
FN:95,(anonymous_13)
FN:101,(anonymous_14)
FN:108,(anonymous_15)
FNF:15
FNH:15
FNDA:2,(anonymous_1)
FNDA:4,(anonymous_2)
FNDA:1,(anonymous_3)
FNDA:1,(anonymous_4)
FNDA:1,(anonymous_5)
FNDA:4013,(anonymous_6)
FNDA:1,(anonymous_7)
FNDA:1,(anonymous_8)
FNDA:871,(anonymous_9)
FNDA:3,(anonymous_10)
FNDA:3,(anonymous_11)
FNDA:1,(anonymous_12)
FNDA:3,(anonymous_13)
FNDA:1,(anonymous_14)
FNDA:3145,(anonymous_15)
DA:1,1
DA:22,2
DA:24,4
DA:27,1
DA:33,1
DA:36,1
DA:39,1
DA:48,4013
DA:51,1
DA:52,1
DA:53,1
DA:65,1
DA:66,1
DA:69,871
DA:72,3
DA:81,3
DA:82,3
DA:83,3
DA:84,3
DA:85,3
DA:88,1
DA:96,3
DA:97,2
DA:98,1
DA:99,0
DA:102,1
DA:109,3145
LF:27
LH:26
BRDA:96,1,0,1
BRDA:96,1,1,2
BRDA:97,2,0,1
BRDA:97,2,1,1
BRDA:98,3,0,1
BRDA:98,3,1,0
BRF:6
BRH:5
end_of_record
TN:
SF:/Users/tsullivan/projects/HACKSGIVING/cqm-client/spec/unit/utils/json_file_loader_spec.js
FN:3,(anonymous_1)
FN:6,(anonymous_2)
FN:15,(anonymous_3)
FN:19,(anonymous_4)
FN:20,(anonymous_5)
FN:24,(anonymous_6)
FN:28,(anonymous_7)
FNF:7
FNH:7
FNDA:1,(anonymous_1)
FNDA:4,(anonymous_2)
FNDA:1,(anonymous_3)
FNDA:1,(anonymous_4)
FNDA:1,(anonymous_5)
FNDA:1,(anonymous_6)
FNDA:1,(anonymous_7)
DA:1,1
DA:3,1
DA:4,1
DA:6,1
DA:7,4
DA:8,4
DA:9,4
DA:10,4
DA:11,4
DA:12,4
DA:15,1
DA:16,1
DA:19,1
DA:20,1
DA:21,1
DA:22,1
DA:24,1
DA:25,1
DA:26,1
DA:28,1
DA:29,1
DA:30,1
DA:31,1
LF:23
LH:23
BRF:0
BRH:0
end_of_record
TN:
SF:/Users/tsullivan/projects/HACKSGIVING/cqm-client/src/classes/utils/json_file_loader.js
FN:1,(anonymous_1)
FN:3,(anonymous_2)
FNF:2
FNH:2
FNDA:7,(anonymous_1)
FNDA:6,(anonymous_2)
DA:1,1
DA:2,7
DA:4,6
DA:5,6
DA:8,0
LF:5
LH:4
BRF:0
BRH:0
end_of_record
TN:
SF:/Users/tsullivan/projects/HACKSGIVING/cqm-client/spec/unit/utils/process_spec.js
FN:3,(anonymous_1)
FN:6,(anonymous_2)
FN:16,(anonymous_3)
FN:20,(anonymous_4)
FN:21,(anonymous_5)
FN:22,(anonymous_6)
FN:26,(anonymous_7)
FN:30,(anonymous_8)
FN:31,(anonymous_9)
FNF:9
FNH:9
FNDA:1,(anonymous_1)
FNDA:3,(anonymous_2)
FNDA:1,(anonymous_3)
FNDA:1,(anonymous_4)
FNDA:1,(anonymous_5)
FNDA:1,(anonymous_6)
FNDA:1,(anonymous_7)
FNDA:1,(anonymous_8)
FNDA:1,(anonymous_9)
DA:1,1
DA:3,1
DA:4,1
DA:6,1
DA:7,3
DA:8,3
DA:9,3
DA:12,3
DA:13,3
DA:16,1
DA:17,1
DA:20,1
DA:21,1
DA:22,1
DA:23,1
DA:24,1
DA:25,1
DA:26,1
DA:27,1
DA:30,1
DA:31,1
DA:32,1
DA:33,1
LF:23
LH:23
BRF:0
BRH:0
end_of_record
TN:
SF:/Users/tsullivan/projects/HACKSGIVING/cqm-client/src/classes/utils/process.js
FN:1,(anonymous_1)
FN:3,(anonymous_2)
FNF:2
FNH:2
FNDA:4,(anonymous_1)
FNDA:4,(anonymous_2)
DA:1,1
DA:2,4
DA:4,4
DA:5,3
LF:4
LH:4
BRDA:4,1,0,1
BRDA:4,1,1,3
BRF:2
BRH:2
end_of_record
TN:
SF:/Users/tsullivan/projects/HACKSGIVING/cqm-client/spec/unit/utils/proxy_spec.js
FN:3,(anonymous_1)
FN:5,(anonymous_2)
FN:9,(anonymous_3)
FN:13,(anonymous_4)
FN:14,(anonymous_5)
FN:17,(anonymous_6)
FN:18,(anonymous_7)
FN:24,(anonymous_8)
FNF:8
FNH:8
FNDA:1,(anonymous_1)
FNDA:3,(anonymous_2)
FNDA:1,(anonymous_3)
FNDA:1,(anonymous_4)
FNDA:1,(anonymous_5)
FNDA:2,(anonymous_6)
FNDA:2,(anonymous_7)
FNDA:1,(anonymous_8)
DA:1,1
DA:3,1
DA:4,1
DA:5,1
DA:6,3
DA:9,1
DA:10,1
DA:13,1
DA:14,1
DA:15,1
DA:16,1
DA:17,2
DA:18,2
DA:20,1
DA:21,1
DA:22,1
DA:24,1
DA:25,1
DA:26,1
DA:27,1
LF:20
LH:20
BRF:0
BRH:0
end_of_record
TN:
SF:/Users/tsullivan/projects/HACKSGIVING/cqm-client/src/classes/utils/proxy.js
FN:1,(anonymous_1)
FN:3,(anonymous_2)
FN:6,(anonymous_3)
FNF:3
FNH:3
FNDA:3,(anonymous_1)
FNDA:2,(anonymous_2)
FNDA:2,(anonymous_3)
DA:1,1
DA:2,3
DA:4,2
DA:5,2
DA:6,2
DA:7,2
LF:6
LH:6
BRF:0
BRH:0
end_of_record
TN:
SF:/Users/tsullivan/projects/HACKSGIVING/cqm-client/spec/unit/utils/undefined_process_argument_exception_spec.js
FN:3,(anonymous_1)
FN:6,(anonymous_2)
FN:11,(anonymous_3)
FN:15,(anonymous_4)
FN:17,(anonymous_5)
FN:20,(anonymous_6)
FN:23,(anonymous_7)
FNF:7
FNH:7
FNDA:1,(anonymous_1)
FNDA:3,(anonymous_2)
FNDA:1,(anonymous_3)
FNDA:1,(anonymous_4)
FNDA:2,(anonymous_5)
FNDA:1,(anonymous_6)
FNDA:1,(anonymous_7)
DA:1,1
DA:3,1
DA:4,1
DA:6,1
DA:7,3
DA:8,3
DA:11,1
DA:12,1
DA:15,1
DA:16,1
DA:17,1
DA:18,2
DA:20,1
DA:21,1
DA:23,1
DA:24,1
LF:16
LH:16
BRF:0
BRH:0
end_of_record
TN:
SF:/Users/tsullivan/projects/HACKSGIVING/cqm-client/src/classes/utils/undefined_process_argument_exception.js
FN:1,(anonymous_1)
FNF:1
FNH:1
FNDA:3,(anonymous_1)
DA:1,1
DA:2,3
LF:2
LH:2
BRF:0
BRH:0
end_of_record
TN:
SF:/Users/tsullivan/projects/HACKSGIVING/cqm-client/spec/unit/utils/utils_factory_spec.js
FN:3,(anonymous_1)
FN:17,(anonymous_2)
FN:44,(anonymous_3)
FN:48,(anonymous_4)
FN:49,(anonymous_5)
FN:56,(anonymous_6)
FN:57,(anonymous_7)
FN:62,(anonymous_8)
FN:63,(anonymous_9)
FNF:9
FNH:9
FNDA:1,(anonymous_1)
FNDA:4,(anonymous_2)
FNDA:1,(anonymous_3)
FNDA:1,(anonymous_4)
FNDA:1,(anonymous_5)
FNDA:1,(anonymous_6)
FNDA:1,(anonymous_7)
FNDA:1,(anonymous_8)
FNDA:1,(anonymous_9)
DA:1,1
DA:3,1
DA:4,1
DA:17,1
DA:18,4
DA:19,4
DA:20,4
DA:21,4
DA:22,4
DA:23,4
DA:24,4
DA:25,4
DA:26,4
DA:27,4
DA:29,4
DA:44,1
DA:45,1
DA:48,1
DA:49,1
DA:50,1
DA:51,1
DA:52,1
DA:53,1
DA:56,1
DA:57,1
DA:58,1
DA:62,1
DA:63,1
DA:64,1
DA:65,1
DA:66,1
DA:67,1
DA:68,1
LF:33
LH:33
BRF:0
BRH:0
end_of_record
TN:
SF:/Users/tsullivan/projects/HACKSGIVING/cqm-client/src/classes/utils/utils_factory.js
FN:1,(anonymous_1)
FN:15,(anonymous_2)
FN:18,(anonymous_3)
FN:21,(anonymous_4)
FN:24,(anonymous_5)
FN:27,(anonymous_6)
FN:30,(anonymous_7)
FN:33,(anonymous_8)
FNF:8
FNH:7
FNDA:5,(anonymous_1)
FNDA:2,(anonymous_2)
FNDA:1,(anonymous_3)
FNDA:4,(anonymous_4)
FNDA:3,(anonymous_5)
FNDA:0,(anonymous_6)
FNDA:6,(anonymous_7)
FNDA:1,(anonymous_8)
DA:1,1
DA:14,5
DA:16,2
DA:19,1
DA:22,4
DA:25,3
DA:28,0
DA:31,6
DA:34,1
LF:9
LH:8
BRF:0
BRH:0
end_of_record
TN:
SF:/Users/tsullivan/projects/HACKSGIVING/cqm-client/src/objects/utils_factory_object.js
FNF:0
FNH:0
DA:1,1
DA:14,1
LF:2
LH:2
BRF:0
BRH:0
end_of_record
TN:
SF:/Users/tsullivan/projects/HACKSGIVING/cqm-client/src/classes/utils/logger.js
FN:1,(anonymous_1)
FN:3,(anonymous_2)
FN:6,(anonymous_3)
FNF:3
FNH:2
FNDA:871,(anonymous_1)
FNDA:0,(anonymous_2)
FNDA:1,(anonymous_3)
DA:1,1
DA:2,871
DA:4,0
DA:7,1
LF:4
LH:3
BRF:0
BRH:0
end_of_record
TN:
SF:/Users/tsullivan/projects/HACKSGIVING/cqm-client/src/classes/utils/json_file_loader_exception.js
FN:1,(anonymous_1)
FNF:1
FNH:0
FNDA:0,(anonymous_1)
DA:1,1
DA:2,0
DA:9,0
LF:3
LH:1
BRF:0
BRH:0
end_of_record
TN:
SF:/Users/tsullivan/projects/HACKSGIVING/cqm-client/src/classes/utils/json_poster.js
FN:1,(anonymous_1)
FN:3,(anonymous_2)
FN:18,(anonymous_3)
FN:21,(anonymous_4)
FN:24,(anonymous_5)
FN:30,(anonymous_6)
FNF:6
FNH:0
FNDA:0,(anonymous_1)
FNDA:0,(anonymous_2)
FNDA:0,(anonymous_3)
FNDA:0,(anonymous_4)
FNDA:0,(anonymous_5)
FNDA:0,(anonymous_6)
DA:1,1
DA:2,0
DA:4,0
DA:5,0
DA:10,0
DA:18,0
DA:19,0
DA:20,0
DA:21,0
DA:22,0
DA:24,0
DA:25,0
DA:26,0
DA:30,0
DA:31,0
DA:34,0
DA:35,0
LF:17
LH:1
BRF:0
BRH:0
end_of_record
TN:
SF:/Users/tsullivan/projects/HACKSGIVING/cqm-client/src/scripts/run_cqm_client.js
FNF:0
FNH:0
DA:1,1
DA:2,1
DA:3,1
LF:3
LH:3
BRF:0
BRH:0
end_of_record
TN:
SF:/Users/tsullivan/projects/HACKSGIVING/cqm-client/src/objects/cqm_factory_object.js
FNF:0
FNH:0
DA:1,1
DA:22,1
LF:2
LH:2
BRF:0
BRH:0
end_of_record
TN:
SF:/Users/tsullivan/projects/HACKSGIVING/cqm-client/src/objects/cqm_config_object.js
FNF:0
FNH:0
DA:1,1
LF:1
LH:1
BRF:0
BRH:0
end_of_record
TN:
SF:/Users/tsullivan/projects/HACKSGIVING/cqm-client/src/objects/configuration_factory_object.js
FNF:0
FNH:0
DA:1,1
DA:10,1
LF:2
LH:2
BRF:0
BRH:0
end_of_record
TN:
SF:/Users/tsullivan/projects/HACKSGIVING/cqm-client/src/classes/configuration/command_line_options.js
FN:1,(anonymous_1)
FN:3,(anonymous_2)
FN:6,(anonymous_3)
FN:9,(anonymous_4)
FNF:4
FNH:4
FNDA:2,(anonymous_1)
FNDA:1,(anonymous_2)
FNDA:1,(anonymous_3)
FNDA:1,(anonymous_4)
DA:1,1
DA:2,2
DA:4,1
DA:7,1
DA:10,1
LF:5
LH:5
BRF:0
BRH:0
end_of_record
TN:
SF:/Users/tsullivan/projects/HACKSGIVING/cqm-client/src/classes/configuration/job_configuration.js
FN:1,(anonymous_1)
FN:3,(anonymous_2)
FN:6,(anonymous_3)
FN:9,(anonymous_4)
FN:12,(anonymous_5)
FN:15,(anonymous_6)
FNF:6
FNH:4
FNDA:3,(anonymous_1)
FNDA:3,(anonymous_2)
FNDA:0,(anonymous_3)
FNDA:6,(anonymous_4)
FNDA:0,(anonymous_5)
FNDA:4,(anonymous_6)
DA:1,1
DA:2,3
DA:4,3
DA:7,0
DA:10,6
DA:13,0
DA:16,4
LF:7
LH:5
BRDA:4,1,0,3
BRDA:4,1,1,0
BRF:2
BRH:1
end_of_record
TN:
SF:/Users/tsullivan/projects/HACKSGIVING/cqm-client/src/classes/coverage/istanbul/istanbul_coverage_reporter_exception.js
FN:1,(anonymous_1)
FNF:1
FNH:0
FNDA:0,(anonymous_1)
DA:1,1
DA:2,0
DA:11,0
LF:3
LH:1
BRF:0
BRH:0
end_of_record
TN:
SF:/Users/tsullivan/projects/HACKSGIVING/cqm-client/src/classes/coverage/general/coverage_report_writer.js
FN:1,(anonymous_1)
FN:3,(anonymous_2)
FN:7,(anonymous_3)
FN:11,(anonymous_4)
FN:16,writeNewSection
FNF:5
FNH:5
FNDA:889,(anonymous_1)
FNDA:873,(anonymous_2)
FNDA:3150,(anonymous_3)
FNDA:5,(anonymous_4)
FNDA:4023,writeNewSection
DA:1,1
DA:2,889
DA:4,873
DA:5,872
DA:8,3150
DA:9,3149
DA:12,5
DA:13,4
DA:16,1
DA:17,4023
DA:18,3
DA:20,4021
DA:21,4021
DA:22,4021
LF:14
LH:14
BRDA:12,1,0,1
BRDA:12,1,1,4
BRDA:17,2,0,3
BRDA:17,2,1,4020
BRF:4
BRH:4
end_of_record
TN:
SF:/Users/tsullivan/projects/HACKSGIVING/cqm-client/src/classes/coverage/general/invalid_coverage_numbers_exception.js
FN:1,(anonymous_1)
FNF:1
FNH:0
FNDA:0,(anonymous_1)
DA:1,1
DA:2,0
DA:11,0
LF:3
LH:1
BRF:0
BRH:0
end_of_record
TN:
SF:/Users/tsullivan/projects/HACKSGIVING/cqm-client/src/classes/cqm/cqm_client.js
FN:1,(anonymous_1)
FN:3,(anonymous_2)
FN:7,shouldRunJob
FN:11,(anonymous_4)
FN:15,(anonymous_5)
FNF:5
FNH:5
FNDA:15,(anonymous_1)
FNDA:11,(anonymous_2)
FNDA:13,shouldRunJob
FNDA:13,(anonymous_4)
FNDA:13,(anonymous_5)
DA:1,1
DA:2,15
DA:4,11
DA:5,11
DA:6,11
DA:7,1
DA:8,13
DA:10,11
DA:11,11
DA:12,13
DA:15,11
DA:16,13
LF:12
LH:12
BRDA:8,1,0,13
BRDA:8,1,1,10
BRF:2
BRH:2
end_of_record
TN:
SF:/Users/tsullivan/projects/HACKSGIVING/cqm-client/src/classes/cqm/report_sender.js
FN:1,(anonymous_1)
FN:3,(anonymous_2)
FNF:2
FNH:2
FNDA:3,(anonymous_1)
FNDA:3,(anonymous_2)
DA:1,1
DA:2,3
DA:4,3
LF:3
LH:3
BRF:0
BRH:0
end_of_record
TN:
SF:/Users/tsullivan/projects/HACKSGIVING/cqm-client/src/classes/coverage/ecl_emma/ecl_emma_class_coverage_reporter.js
FN:1,(anonymous_1)
FN:3,(anonymous_2)
FN:5,(anonymous_3)
FNF:3
FNH:3
FNDA:5,(anonymous_1)
FNDA:761,(anonymous_2)
FNDA:3040,(anonymous_3)
DA:1,1
DA:2,5
DA:4,761
DA:5,761
DA:6,3040
LF:5
LH:5
BRF:0
BRH:0
end_of_record
TN:
SF:/Users/tsullivan/projects/HACKSGIVING/cqm-client/src/classes/coverage/ecl_emma/ecl_emma_granular_coverage_reporter.js
FN:1,(anonymous_1)
FN:3,(anonymous_2)
FNF:2
FNH:2
FNDA:11,(anonymous_1)
FNDA:3039,(anonymous_2)
DA:1,1
DA:2,11
DA:4,3039
DA:5,3039
DA:6,3039
LF:5
LH:5
BRF:0
BRH:0
end_of_record
TN:
SF:/Users/tsullivan/projects/HACKSGIVING/cqm-client/src/classes/coverage/ecl_emma/ecl_emma_coverage_reporter.js
FN:1,(anonymous_1)
FN:9,(anonymous_2)
FN:14,(anonymous_3)
FNF:3
FNH:3
FNDA:13,(anonymous_1)
FNDA:6,(anonymous_2)
FNDA:769,(anonymous_3)
DA:1,1
DA:8,13
DA:10,6
DA:11,6
DA:12,6
DA:13,6
DA:14,6
DA:15,769
DA:17,6
LF:9
LH:9
BRF:0
BRH:0
end_of_record
TN:
SF:/Users/tsullivan/projects/HACKSGIVING/cqm-client/src/classes/cqm/coverage_job.js
FN:1,(anonymous_1)
FN:3,(anonymous_2)
FNF:2
FNH:2
FNDA:3,(anonymous_1)
FNDA:3,(anonymous_2)
DA:1,1
DA:2,3
DA:4,3
DA:5,3
LF:4
LH:4
BRF:0
BRH:0
end_of_record
TN:
SF:/Users/tsullivan/projects/HACKSGIVING/cqm-client/src/classes/coverage/simplecov/simplecov_coverage_reporter.js
FN:1,(anonymous_1)
FN:7,(anonymous_2)
FN:17,(anonymous_3)
FNF:3
FNH:3
FNDA:1,(anonymous_1)
FNDA:1,(anonymous_2)
FNDA:11432,(anonymous_3)
DA:1,1
DA:6,1
DA:8,1
DA:9,1
DA:10,1
DA:11,1
DA:12,105
DA:13,105
DA:14,105
DA:15,105
DA:16,105
DA:17,105
DA:18,11432
DA:19,6384
DA:20,6384
DA:22,105
DA:23,105
LF:17
LH:17
BRDA:18,1,0,5048
BRDA:18,1,1,6384
BRDA:19,2,0,5738
BRDA:19,2,1,646
BRF:4
BRH:4
end_of_record
TN:
SF:/Users/tsullivan/projects/HACKSGIVING/cqm-client/src/classes/coverage/ecl_emma/ecl_emma_coverage_csv_parser.js
FN:1,(anonymous_1)
FN:3,(anonymous_2)
FN:9,(anonymous_3)
FN:12,(anonymous_4)
FN:15,(anonymous_5)
FN:18,(anonymous_6)
FN:21,(anonymous_7)
FN:24,(anonymous_8)
FNF:8
FNH:8
FNDA:29,(anonymous_1)
FNDA:6,(anonymous_2)
FNDA:2,(anonymous_3)
FNDA:7,(anonymous_4)
FNDA:1522,(anonymous_5)
FNDA:762,(anonymous_6)
FNDA:760,(anonymous_7)
FNDA:759,(anonymous_8)
DA:1,1
DA:2,29
DA:4,6
DA:5,6
DA:6,6
DA:7,6
DA:10,2
DA:13,7
DA:16,1522
DA:19,762
DA:22,760
DA:25,759
DA:26,759
LF:13
LH:13
BRF:0
BRH:0
end_of_record
