{"build/src/controllers/assessment/index.js": {
    "path": "build/src/controllers/assessment/index.js",
    "s": {
        "1": 1,
        "2": 1,
        "3": 1,
        "4": 1,
        "5": 13,
        "6": 13,
        "7": 13,
        "8": 13,
        "9": 13,
        "10": 13,
        "11": 13,
        "12": 13,
        "13": 13,
        "14": 13,
        "15": 13,
        "16": 13,
        "17": 13,
        "18": 13,
        "19": 13,
        "20": 13,
        "21": 13,
        "22": 13,
        "23": 13,
        "24": 13,
        "25": 13,
        "26": 13,
        "27": 13,
        "28": 13,
        "29": 0,
        "30": 2,
        "31": 2,
        "32": 2,
        "33": 2,
        "34": 2,
        "35": 2,
        "36": 2,
        "37": 2,
        "38": 13,
        "39": 13,
        "40": 13,
        "41": 13,
        "42": 58,
        "43": 58,
        "44": 58,
        "45": 58,
        "46": 58,
        "47": 28,
        "48": 99,
        "49": 28,
        "50": 102,
        "51": 102,
        "52": 102,
        "53": 28,
        "54": 0
    },
    "b": {
        "1": [13, 0],
        "2": [13, 0],
        "3": [13, 0],
        "4": [13, 0],
        "5": [13, 0],
        "6": [15, 43],
        "7": [50, 49],
        "8": [64, 38]
    },
    "f": {
        "1": 1,
        "2": 1,
        "3": 13,
        "4": 0,
        "5": 2,
        "6": 13,
        "7": 58,
        "8": 28,
        "9": 99,
        "10": 28,
        "11": 102,
        "12": 28,
        "13": 0
    },
    "fnMap": {
        "1": {
            "name": "(anonymous_1)",
            "line": 1,
            "loc": {
                "start": {
                    "line": 1,
                    "column": 1
                },
                "end": {
                    "line": 1,
                    "column": 12
                }
            }
        },
        "2": {
            "name": "(anonymous_2)",
            "line": 2,
            "loc": {
                "start": {
                    "line": 2,
                    "column": 664
                },
                "end": {
                    "line": 2,
                    "column": 690
                }
            }
        },
        "3": {
            "name": "(anonymous_3)",
            "line": 25,
            "loc": {
                "start": {
                    "line": 25,
                    "column": 20
                },
                "end": {
                    "line": 25,
                    "column": 35
                }
            }
        },
        "4": {
            "name": "(anonymous_4)",
            "line": 65,
            "loc": {
                "start": {
                    "line": 65,
                    "column": 57
                },
                "end": {
                    "line": 65,
                    "column": 68
                }
            }
        },
        "5": {
            "name": "(anonymous_5)",
            "line": 69,
            "loc": {
                "start": {
                    "line": 69,
                    "column": 12
                },
                "end": {
                    "line": 69,
                    "column": 23
                }
            }
        },
        "6": {
            "name": "(anonymous_6)",
            "line": 96,
            "loc": {
                "start": {
                    "line": 96,
                    "column": 26
                },
                "end": {
                    "line": 96,
                    "column": 37
                }
            }
        },
        "7": {
            "name": "(anonymous_7)",
            "line": 104,
            "loc": {
                "start": {
                    "line": 104,
                    "column": 22
                },
                "end": {
                    "line": 104,
                    "column": 35
                }
            }
        },
        "8": {
            "name": "(anonymous_8)",
            "line": 110,
            "loc": {
                "start": {
                    "line": 110,
                    "column": 19
                },
                "end": {
                    "line": 110,
                    "column": 35
                }
            }
        },
        "9": {
            "name": "(anonymous_9)",
            "line": 123,
            "loc": {
                "start": {
                    "line": 123,
                    "column": 19
                },
                "end": {
                    "line": 123,
                    "column": 30
                }
            }
        },
        "10": {
            "name": "(anonymous_10)",
            "line": 125,
            "loc": {
                "start": {
                    "line": 125,
                    "column": 19
                },
                "end": {
                    "line": 125,
                    "column": 30
                }
            }
        },
        "11": {
            "name": "(anonymous_11)",
            "line": 130,
            "loc": {
                "start": {
                    "line": 130,
                    "column": 24
                },
                "end": {
                    "line": 130,
                    "column": 35
                }
            }
        },
        "12": {
            "name": "(anonymous_12)",
            "line": 134,
            "loc": {
                "start": {
                    "line": 134,
                    "column": 19
                },
                "end": {
                    "line": 134,
                    "column": 30
                }
            }
        },
        "13": {
            "name": "(anonymous_13)",
            "line": 141,
            "loc": {
                "start": {
                    "line": 141,
                    "column": 33
                },
                "end": {
                    "line": 141,
                    "column": 49
                }
            }
        }
    },
    "statementMap": {
        "1": {
            "start": {
                "line": 1,
                "column": 0
            },
            "end": {
                "line": 150,
                "column": 14
            }
        },
        "2": {
            "start": {
                "line": 2,
                "column": 2
            },
            "end": {
                "line": 148,
                "column": 5
            }
        },
        "3": {
            "start": {
                "line": 4,
                "column": 4
            },
            "end": {
                "line": 9,
                "column": 7
            }
        },
        "4": {
            "start": {
                "line": 10,
                "column": 4
            },
            "end": {
                "line": 147,
                "column": 7
            }
        },
        "5": {
            "start": {
                "line": 26,
                "column": 8
            },
            "end": {
                "line": 26,
                "column": 119
            }
        },
        "6": {
            "start": {
                "line": 27,
                "column": 8
            },
            "end": {
                "line": 27,
                "column": 21
            }
        },
        "7": {
            "start": {
                "line": 28,
                "column": 8
            },
            "end": {
                "line": 28,
                "column": 45
            }
        },
        "8": {
            "start": {
                "line": 29,
                "column": 8
            },
            "end": {
                "line": 31,
                "column": 9
            }
        },
        "9": {
            "start": {
                "line": 30,
                "column": 10
            },
            "end": {
                "line": 30,
                "column": 29
            }
        },
        "10": {
            "start": {
                "line": 32,
                "column": 8
            },
            "end": {
                "line": 32,
                "column": 54
            }
        },
        "11": {
            "start": {
                "line": 33,
                "column": 8
            },
            "end": {
                "line": 35,
                "column": 9
            }
        },
        "12": {
            "start": {
                "line": 34,
                "column": 10
            },
            "end": {
                "line": 34,
                "column": 36
            }
        },
        "13": {
            "start": {
                "line": 36,
                "column": 8
            },
            "end": {
                "line": 36,
                "column": 60
            }
        },
        "14": {
            "start": {
                "line": 37,
                "column": 8
            },
            "end": {
                "line": 39,
                "column": 9
            }
        },
        "15": {
            "start": {
                "line": 38,
                "column": 10
            },
            "end": {
                "line": 38,
                "column": 39
            }
        },
        "16": {
            "start": {
                "line": 40,
                "column": 8
            },
            "end": {
                "line": 40,
                "column": 61
            }
        },
        "17": {
            "start": {
                "line": 41,
                "column": 8
            },
            "end": {
                "line": 43,
                "column": 9
            }
        },
        "18": {
            "start": {
                "line": 42,
                "column": 10
            },
            "end": {
                "line": 42,
                "column": 35
            }
        },
        "19": {
            "start": {
                "line": 44,
                "column": 8
            },
            "end": {
                "line": 44,
                "column": 54
            }
        },
        "20": {
            "start": {
                "line": 45,
                "column": 8
            },
            "end": {
                "line": 47,
                "column": 9
            }
        },
        "21": {
            "start": {
                "line": 46,
                "column": 10
            },
            "end": {
                "line": 46,
                "column": 36
            }
        },
        "22": {
            "start": {
                "line": 48,
                "column": 8
            },
            "end": {
                "line": 48,
                "column": 54
            }
        },
        "23": {
            "start": {
                "line": 49,
                "column": 8
            },
            "end": {
                "line": 57,
                "column": 11
            }
        },
        "24": {
            "start": {
                "line": 58,
                "column": 8
            },
            "end": {
                "line": 58,
                "column": 43
            }
        },
        "25": {
            "start": {
                "line": 59,
                "column": 8
            },
            "end": {
                "line": 59,
                "column": 34
            }
        },
        "26": {
            "start": {
                "line": 60,
                "column": 8
            },
            "end": {
                "line": 63,
                "column": 11
            }
        },
        "27": {
            "start": {
                "line": 64,
                "column": 8
            },
            "end": {
                "line": 64,
                "column": 47
            }
        },
        "28": {
            "start": {
                "line": 65,
                "column": 8
            },
            "end": {
                "line": 67,
                "column": 11
            }
        },
        "29": {
            "start": {
                "line": 66,
                "column": 10
            },
            "end": {
                "line": 66,
                "column": 59
            }
        },
        "30": {
            "start": {
                "line": 70,
                "column": 8
            },
            "end": {
                "line": 70,
                "column": 46
            }
        },
        "31": {
            "start": {
                "line": 71,
                "column": 8
            },
            "end": {
                "line": 71,
                "column": 43
            }
        },
        "32": {
            "start": {
                "line": 72,
                "column": 8
            },
            "end": {
                "line": 72,
                "column": 44
            }
        },
        "33": {
            "start": {
                "line": 73,
                "column": 8
            },
            "end": {
                "line": 73,
                "column": 54
            }
        },
        "34": {
            "start": {
                "line": 74,
                "column": 8
            },
            "end": {
                "line": 82,
                "column": 11
            }
        },
        "35": {
            "start": {
                "line": 83,
                "column": 8
            },
            "end": {
                "line": 83,
                "column": 72
            }
        },
        "36": {
            "start": {
                "line": 84,
                "column": 8
            },
            "end": {
                "line": 87,
                "column": 11
            }
        },
        "37": {
            "start": {
                "line": 88,
                "column": 8
            },
            "end": {
                "line": 94,
                "column": 11
            }
        },
        "38": {
            "start": {
                "line": 97,
                "column": 8
            },
            "end": {
                "line": 97,
                "column": 20
            }
        },
        "39": {
            "start": {
                "line": 98,
                "column": 8
            },
            "end": {
                "line": 98,
                "column": 37
            }
        },
        "40": {
            "start": {
                "line": 99,
                "column": 8
            },
            "end": {
                "line": 99,
                "column": 30
            }
        },
        "41": {
            "start": {
                "line": 100,
                "column": 8
            },
            "end": {
                "line": 102,
                "column": 11
            }
        },
        "42": {
            "start": {
                "line": 105,
                "column": 8
            },
            "end": {
                "line": 105,
                "column": 72
            }
        },
        "43": {
            "start": {
                "line": 106,
                "column": 8
            },
            "end": {
                "line": 106,
                "column": 37
            }
        },
        "44": {
            "start": {
                "line": 107,
                "column": 8
            },
            "end": {
                "line": 107,
                "column": 47
            }
        },
        "45": {
            "start": {
                "line": 108,
                "column": 8
            },
            "end": {
                "line": 108,
                "column": 52
            }
        },
        "46": {
            "start": {
                "line": 109,
                "column": 8
            },
            "end": {
                "line": 121,
                "column": 11
            }
        },
        "47": {
            "start": {
                "line": 111,
                "column": 12
            },
            "end": {
                "line": 111,
                "column": 79
            }
        },
        "48": {
            "start": {
                "line": 124,
                "column": 8
            },
            "end": {
                "line": 128,
                "column": 11
            }
        },
        "49": {
            "start": {
                "line": 126,
                "column": 12
            },
            "end": {
                "line": 126,
                "column": 81
            }
        },
        "50": {
            "start": {
                "line": 131,
                "column": 8
            },
            "end": {
                "line": 131,
                "column": 37
            }
        },
        "51": {
            "start": {
                "line": 132,
                "column": 8
            },
            "end": {
                "line": 132,
                "column": 66
            }
        },
        "52": {
            "start": {
                "line": 133,
                "column": 8
            },
            "end": {
                "line": 139,
                "column": 11
            }
        },
        "53": {
            "start": {
                "line": 135,
                "column": 12
            },
            "end": {
                "line": 137,
                "column": 15
            }
        },
        "54": {
            "start": {
                "line": 142,
                "column": 8
            },
            "end": {
                "line": 142,
                "column": 55
            }
        }
    },
    "branchMap": {
        "1": {
            "line": 29,
            "type": "if",
            "locations": [
                {
                    "start": {
                        "line": 29,
                        "column": 8
                    },
                    "end": {
                        "line": 29,
                        "column": 8
                    }
                },
                {
                    "start": {
                        "line": 29,
                        "column": 8
                    },
                    "end": {
                        "line": 29,
                        "column": 8
                    }
                }
            ]
        },
        "2": {
            "line": 33,
            "type": "if",
            "locations": [
                {
                    "start": {
                        "line": 33,
                        "column": 8
                    },
                    "end": {
                        "line": 33,
                        "column": 8
                    }
                },
                {
                    "start": {
                        "line": 33,
                        "column": 8
                    },
                    "end": {
                        "line": 33,
                        "column": 8
                    }
                }
            ]
        },
        "3": {
            "line": 37,
            "type": "if",
            "locations": [
                {
                    "start": {
                        "line": 37,
                        "column": 8
                    },
                    "end": {
                        "line": 37,
                        "column": 8
                    }
                },
                {
                    "start": {
                        "line": 37,
                        "column": 8
                    },
                    "end": {
                        "line": 37,
                        "column": 8
                    }
                }
            ]
        },
        "4": {
            "line": 41,
            "type": "if",
            "locations": [
                {
                    "start": {
                        "line": 41,
                        "column": 8
                    },
                    "end": {
                        "line": 41,
                        "column": 8
                    }
                },
                {
                    "start": {
                        "line": 41,
                        "column": 8
                    },
                    "end": {
                        "line": 41,
                        "column": 8
                    }
                }
            ]
        },
        "5": {
            "line": 45,
            "type": "if",
            "locations": [
                {
                    "start": {
                        "line": 45,
                        "column": 8
                    },
                    "end": {
                        "line": 45,
                        "column": 8
                    }
                },
                {
                    "start": {
                        "line": 45,
                        "column": 8
                    },
                    "end": {
                        "line": 45,
                        "column": 8
                    }
                }
            ]
        },
        "6": {
            "line": 109,
            "type": "cond-expr",
            "locations": [
                {
                    "start": {
                        "line": 109,
                        "column": 42
                    },
                    "end": {
                        "line": 109,
                        "column": 58
                    }
                },
                {
                    "start": {
                        "line": 109,
                        "column": 61
                    },
                    "end": {
                        "line": 121,
                        "column": 10
                    }
                }
            ]
        },
        "7": {
            "line": 124,
            "type": "cond-expr",
            "locations": [
                {
                    "start": {
                        "line": 124,
                        "column": 39
                    },
                    "end": {
                        "line": 124,
                        "column": 52
                    }
                },
                {
                    "start": {
                        "line": 124,
                        "column": 55
                    },
                    "end": {
                        "line": 128,
                        "column": 10
                    }
                }
            ]
        },
        "8": {
            "line": 133,
            "type": "cond-expr",
            "locations": [
                {
                    "start": {
                        "line": 133,
                        "column": 44
                    },
                    "end": {
                        "line": 133,
                        "column": 62
                    }
                },
                {
                    "start": {
                        "line": 133,
                        "column": 65
                    },
                    "end": {
                        "line": 139,
                        "column": 10
                    }
                }
            ]
        }
    }
}}